Edit the INTERNAL.CRT VRAM image

initialization:



< 0x74 (t)
> 	0x06 ([ACK])
> 	0x03 ([ETX])
> 	0x16 ([SYN])
< 0x72 (r)
> 	0x06 ([ACK])
< 0x00 ([NUL])
< 0xc5 (?)
< 0x00 ([NUL])
< 0x0e ([SO])
> 	0xae (?)
> 	0x88 (?)
> 	0x7a (z)
> 	0x87 (?)
> 	0xa2 (?)
> 	0x87 (?)
> 	0x15 ([NAK])
> 	0x87 (?)
> 	0x1b ([ESC])
> 	0x87 (?)
> 	0x44 (D)
> 	0x80 (?)
> 	0xf9 (?)
> 	0x86 (?)
< 0x72 (r)
> 	0x06 ([ACK])
< 0x87 (?)
< 0x59 (Y)
< 0x00 ([NUL])
< 0x01 ([SOH])
> 	0x00 ([NUL])
< 0x70 (p)
> 	0x06 ([ACK])




initilize a second time:





< 0x74 (t)
> 	0x06 ([ACK])
> 	0x03 ([ETX])
> 	0x16 ([SYN])
< 0x72 (r)
> 	0x06 ([ACK])
< 0x00 ([NUL])
< 0xc5 (?)
< 0x00 ([NUL])
< 0x0e ([SO])
> 	0xae (?)
> 	0x88 (?)
> 	0x7a (z)
> 	0x87 (?)
> 	0xa2 (?)
> 	0x87 (?)
> 	0x15 ([NAK])
> 	0x87 (?)
> 	0x1b ([ESC])
> 	0x87 (?)
> 	0x44 (D)
> 	0x80 (?)
> 	0xf9 (?)
> 	0x86 (?)
< 0x72 (r)
> 	0x06 ([ACK])
< 0x87 (?)
< 0x59 (Y)
< 0x00 ([NUL])
< 0x01 ([SOH])
> 	0x02 ([STX])



after selecting the cart (presumably to load it into synergy):




< 0x7a (z)
> 	0x06 ([ACK])
< 0xf2 (?)
< 0x01 ([SOH])
< 0xaa (?)
< 0xaa (?)
< 0xaa (?)
< 0xaa (?)
< 0xaa (?)
< 0xaa (?)
< 0xaa (?)
< 0xaa (?)
< 0xaa (?)
< 0xaa (?)
< 0x1e ([RS])
< 0x00 ([NUL])
< 0x3f (?)
< 0x00 ([NUL])
< 0x00 ([NUL])
< 0x00 ([NUL])
< 0x00 ([NUL])
< 0x30 (0)
< 0x00 ([NUL])
< 0x20 ( )
< 0x03 ([ETX])
< 0x06 ([ACK])
< 0x0b ([VT])
< 0x15 ([NAK])
< 0x12 ([DC2])
< 0x18 ([CAN])
< 0x1b ([ESC])
< 0x1f ([US])
< 0x08 ([BS])
< 0x08 ([BS])
< 0x0f ([SI])
< 0x00 ([NUL])
< 0x07 ([BEL])
< 0x0f ([SI])
< 0x17 ([ETB])
< 0x09 ([TAB])
< 0x0c ([FF])
< 0x1f ([US])
< 0x0f ([SI])
< 0x1c ([FS])
< 0x1a ([SUB])
< 0x1d ([GS])
< 0x00 ([NUL])
< 0x00 ([NUL])
< 0x14 ([DC4])
< 0x12 ([DC2])
< 0x0d ([CR])
< 0x00 ([NUL])
< 0x07 ([BEL])
< 0x00 ([NUL])
< 0x00 ([NUL])
< 0x00 ([NUL])
< 0x13 ([DC3])
< 0x10 ([DLE])
< 0x00 ([NUL])
< 0x0c ([FF])
< 0x10 ([DLE])
< 0x14 ([DC4])
< 0x00 ([NUL])
< 0x10 ([DLE])
< 0x10 ([DLE])
< 0x00 ([NUL])
< 0x08 ([BS])
< 0x00 ([NUL])
< 0x00 ([NUL])
< 0x0a ([LF])
< 0x00 ([NUL])
< 0x00 ([NUL])
< 0x1b ([ESC])
< 0x10 ([DLE])
< 0x0f ([SI])
< 0x00 ([NUL])
< 0x00 ([NUL])
< 0x00 ([NUL])
< 0x00 ([NUL])
< 0x00 ([NUL])
< 0x0a ([LF])
< 0x0f ([SI])
< 0x1c ([FS])
< 0x11 ([DC1])
< 0x0e ([SO])
< 0x15 ([NAK])
< 0x0a ([LF])
< 0x09 ([TAB])
< 0x0a ([LF])
< 0x00 ([NUL])
< 0x00 ([NUL])
< 0x00 ([NUL])
< 0x07 ([BEL])
< 0x00 ([NUL])
< 0x00 ([NUL])
< 0x16 ([SYN])
< 0x0f ([SI])
< 0x12 ([DC2])
< 0x12 ([DC2])
< 0x18 ([CAN])
< 0x17 ([ETB])
< 0x18 ([CAN])
< 0x1c ([FS])
< 0x18 ([CAN])
< 0x14 ([DC4])
< 0x10 ([DLE])
< 0x11 ([DC1])
< 0x0e ([SO])
< 0x15 ([NAK])
< 0x0f ([SI])
< 0x13 ([DC3])
< 0x12 ([DC2])
< 0x15 ([NAK])
< 0x1c ([FS])
< 0x18 ([CAN])
< 0x14 ([DC4])
< 0x19 ([EM])
< 0x14 ([DC4])
< 0x14 ([DC4])
< 0x0e ([SO])
< 0x00 ([NUL])
< 0x0c ([FF])
< 0x00 ([NUL])
< 0x18 ([CAN])
< 0x00 ([NUL])
< 0x00 ([NUL])
< 0x00 ([NUL])
< 0x00 ([NUL])
< 0x00 ([NUL])
< 0x21 (!)
< 0x01 ([SOH])
< 0x0a ([LF])
< 0x00 ([NUL])
< 0x01 ([SOH])
< 0x00 ([NUL])
< 0x01 ([SOH])
< 0x01 ([SOH])
< 0x01 ([SOH])
< 0x00 ([NUL])
< 0x29 ())
< 0x26 (&)
< 0x00 ([NUL])
< 0x00 ([NUL])
< 0x00 ([NUL])
< 0x00 ([NUL])
< 0x00 ([NUL])
< 0xf7 (?)
< 0x3a (:)
< 0x00 ([NUL])
< 0x00 ([NUL])
< 0x00 ([NUL])
< 0x00 ([NUL])
< 0x00 ([NUL])
< 0x00 ([NUL])
< 0x1e ([RS])
< 0x00 ([NUL])
< 0x20 ( )
< 0x13 ([DC3])
< 0x00 ([NUL])
< 0x21 (!)
< 0x00 ([NUL])
< 0x00 ([NUL])
< 0x00 ([NUL])
< 0x00 ([NUL])
< 0x36 (6)
< 0x2b (+)
< 0x00 ([NUL])
< 0x00 ([NUL])
< 0x0f ([SI])
< 0x14 ([DC4])
< 0x04 ([EOT])
< 0x10 ([DLE])
< 0x0e ([SO])
< 0x10 ([DLE])
< 0x10 ([DLE])
< 0x10 ([DLE])
< 0x0f ([SI])
< 0x11 ([DC1])
< 0x0d ([CR])
< 0x0e ([SO])
< 0x0d ([CR])
< 0x0b ([VT])
< 0x11 ([DC1])
< 0x0d ([CR])
< 0x10 ([DLE])
< 0x10 ([DLE])
< 0x10 ([DLE])
< 0x0d ([CR])
< 0x14 ([DC4])
< 0x0f ([SI])
< 0x1c ([FS])
< 0x10 ([DLE])
< 0x0f ([SI])
< 0x0f ([SI])
< 0x0f ([SI])
< 0x0f ([SI])
< 0x0f ([SI])
< 0x0f ([SI])
< 0x0f ([SI])
< 0x0f ([SI])
< 0x0f ([SI])
< 0x0f ([SI])
< 0x0f ([SI])
< 0x0f ([SI])
< 0x0f ([SI])
< 0x0f ([SI])
< 0x0f ([SI])
< 0x0f ([SI])
< 0x0f ([SI])
< 0x0f ([SI])
< 0x0f ([SI])
< 0x0f ([SI])
< 0x0f ([SI])
< 0x0f ([SI])
< 0x0f ([SI])
< 0x0f ([SI])
< 0x00 ([NUL])
< 0x00 ([NUL])
< 0x00 ([NUL])
< 0x00 ([NUL])
< 0x00 ([NUL])
< 0x00 ([NUL])
< 0x00 ([NUL])
< 0x00 ([NUL])
< 0x00 ([NUL])
< 0x00 ([NUL])
< 0x00 ([NUL])
< 0x00 ([NUL])
< 0x00 ([NUL])
< 0x00 ([NUL])
< 0x00 ([NUL])
< 0x00 ([NUL])
< 0x00 ([NUL])
< 0x00 ([NUL])
< 0x00 ([NUL])
< 0x00 ([NUL])
< 0x00 ([NUL])
< 0x00 ([NUL])
< 0x00 ([NUL])
< 0x00 ([NUL])
< 0x00 ([NUL])
< 0x00 ([NUL])
< 0x00 ([NUL])
< 0x00 ([NUL])
< 0x00 ([NUL])
< 0x00 ([NUL])
< 0x00 ([NUL])
< 0x00 ([NUL])
< 0x00 ([NUL])
< 0x00 ([NUL])
< 0x00 ([NUL])
< 0x00 ([NUL])
< 0x00 ([NUL])
< 0x00 ([NUL])
< 0x00 ([NUL])
< 0x00 ([NUL])
< 0x00 ([NUL])
< 0x00 ([NUL])
< 0x00 ([NUL])
< 0x00 ([NUL])
< 0x00 ([NUL])
< 0x00 ([NUL])
< 0x00 ([NUL])
< 0x00 ([NUL])
< 0x00 ([NUL])
< 0x00 ([NUL])
< 0x00 ([NUL])
< 0x00 ([NUL])
< 0x00 ([NUL])
< 0x00 ([NUL])
< 0x00 ([NUL])
< 0x00 ([NUL])
< 0x00 ([NUL])
< 0x00 ([NUL])
< 0x00 ([NUL])
< 0x00 ([NUL])
< 0x00 ([NUL])
< 0x00 ([NUL])
< 0x00 ([NUL])
< 0x00 ([NUL])
< 0x00 ([NUL])
< 0x00 ([NUL])
< 0x00 ([NUL])
< 0x00 ([NUL])
< 0x00 ([NUL])
< 0x00 ([NUL])
< 0x00 ([NUL])
< 0x00 ([NUL])
< 0x00 ([NUL])
< 0x00 ([NUL])
< 0x00 ([NUL])
< 0x00 ([NUL])
< 0x00 ([NUL])
< 0x00 ([NUL])
< 0x00 ([NUL])
< 0x00 ([NUL])
< 0x00 ([NUL])
< 0x00 ([NUL])
< 0x00 ([NUL])
< 0x00 ([NUL])
< 0x00 ([NUL])
< 0x00 ([NUL])
< 0x00 ([NUL])
< 0x00 ([NUL])
< 0x00 ([NUL])
< 0x00 ([NUL])
< 0x00 ([NUL])
< 0x00 ([NUL])
< 0x00 ([NUL])
< 0x00 ([NUL])
< 0x00 ([NUL])
< 0x00 ([NUL])
< 0x00 ([NUL])
< 0x00 ([NUL])
< 0x00 ([NUL])
< 0x00 ([NUL])
< 0x00 ([NUL])
< 0x00 ([NUL])
< 0x00 ([NUL])
< 0x00 ([NUL])
< 0x00 ([NUL])
< 0x00 ([NUL])
< 0x00 ([NUL])
< 0x00 ([NUL])
< 0x00 ([NUL])
< 0x00 ([NUL])
< 0x00 ([NUL])
< 0x00 ([NUL])
< 0x00 ([NUL])
< 0x00 ([NUL])
< 0x00 ([NUL])
< 0x00 ([NUL])
< 0x00 ([NUL])
< 0x00 ([NUL])
< 0x00 ([NUL])
< 0x00 ([NUL])
< 0x00 ([NUL])
< 0x00 ([NUL])
< 0x00 ([NUL])
< 0x00 ([NUL])
< 0x00 ([NUL])
< 0x00 ([NUL])
< 0x00 ([NUL])
< 0x00 ([NUL])
< 0x00 ([NUL])
< 0x00 ([NUL])
< 0x00 ([NUL])
< 0x00 ([NUL])
< 0x00 ([NUL])
< 0x00 ([NUL])
< 0x00 ([NUL])
< 0x00 ([NUL])
< 0x00 ([NUL])
< 0x00 ([NUL])
< 0x00 ([NUL])
< 0x00 ([NUL])
< 0x00 ([NUL])
< 0x00 ([NUL])
< 0x00 ([NUL])
< 0x00 ([NUL])
< 0x00 ([NUL])
< 0x00 ([NUL])
< 0x00 ([NUL])
< 0x00 ([NUL])
< 0x00 ([NUL])
< 0x00 ([NUL])
< 0x00 ([NUL])
< 0x00 ([NUL])
< 0x00 ([NUL])
< 0x00 ([NUL])
< 0x00 ([NUL])
< 0x00 ([NUL])
< 0x00 ([NUL])
< 0x00 ([NUL])
< 0x00 ([NUL])
< 0x00 ([NUL])
< 0x00 ([NUL])
< 0x00 ([NUL])
< 0x00 ([NUL])
< 0x00 ([NUL])
< 0x00 ([NUL])
< 0x00 ([NUL])
< 0x00 ([NUL])
< 0x00 ([NUL])
< 0x00 ([NUL])
< 0x00 ([NUL])
< 0x00 ([NUL])
< 0x00 ([NUL])
< 0x00 ([NUL])
< 0x00 ([NUL])
< 0x00 ([NUL])
< 0x00 ([NUL])
< 0x00 ([NUL])
< 0x00 ([NUL])
< 0x00 ([NUL])
< 0x00 ([NUL])
< 0x00 ([NUL])
< 0x00 ([NUL])
< 0x00 ([NUL])
< 0x00 ([NUL])
< 0x00 ([NUL])
< 0x00 ([NUL])
< 0x00 ([NUL])
< 0x00 ([NUL])
< 0x00 ([NUL])
< 0x00 ([NUL])
< 0x00 ([NUL])
< 0x00 ([NUL])
< 0x00 ([NUL])
< 0x00 ([NUL])
< 0x00 ([NUL])
< 0x00 ([NUL])
< 0x00 ([NUL])
< 0x00 ([NUL])
< 0x00 ([NUL])
< 0x00 ([NUL])
< 0x00 ([NUL])
< 0x00 ([NUL])
< 0x00 ([NUL])
< 0x00 ([NUL])
< 0x00 ([NUL])
< 0x00 ([NUL])
< 0x00 ([NUL])
< 0x00 ([NUL])
< 0x00 ([NUL])
< 0x00 ([NUL])
< 0x00 ([NUL])
< 0x00 ([NUL])
< 0x00 ([NUL])
< 0x00 ([NUL])
< 0x00 ([NUL])
< 0x00 ([NUL])
< 0x00 ([NUL])
< 0x00 ([NUL])
< 0x00 ([NUL])
< 0x00 ([NUL])
< 0x00 ([NUL])
< 0x00 ([NUL])
< 0x00 ([NUL])
< 0x00 ([NUL])
< 0x00 ([NUL])
< 0x00 ([NUL])
< 0x00 ([NUL])
< 0x00 ([NUL])
< 0x00 ([NUL])
< 0x00 ([NUL])
< 0x00 ([NUL])
< 0x00 ([NUL])
< 0x00 ([NUL])
< 0x00 ([NUL])
< 0x00 ([NUL])
< 0x00 ([NUL])
< 0x00 ([NUL])
< 0x00 ([NUL])
< 0x00 ([NUL])
< 0x00 ([NUL])
< 0x00 ([NUL])
< 0x00 ([NUL])
< 0x00 ([NUL])
< 0x00 ([NUL])
< 0x00 ([NUL])
< 0x00 ([NUL])
< 0x00 ([NUL])
< 0x00 ([NUL])
< 0x00 ([NUL])
< 0x00 ([NUL])
< 0x00 ([NUL])
< 0x00 ([NUL])
< 0x00 ([NUL])
< 0x00 ([NUL])
< 0x00 ([NUL])
< 0x00 ([NUL])
< 0x00 ([NUL])
< 0x00 ([NUL])
< 0x00 ([NUL])
< 0x00 ([NUL])
< 0x00 ([NUL])
< 0x00 ([NUL])
< 0x00 ([NUL])
< 0x00 ([NUL])
< 0x00 ([NUL])
< 0x00 ([NUL])
< 0x00 ([NUL])
< 0x00 ([NUL])
< 0x00 ([NUL])
< 0x00 ([NUL])
< 0x00 ([NUL])
< 0x00 ([NUL])
< 0x00 ([NUL])
< 0x00 ([NUL])
< 0x00 ([NUL])
< 0x00 ([NUL])
< 0x00 ([NUL])
< 0x00 ([NUL])
< 0x00 ([NUL])
< 0x00 ([NUL])
< 0x00 ([NUL])
< 0x00 ([NUL])
< 0x00 ([NUL])
< 0x00 ([NUL])
< 0x00 ([NUL])
< 0x00 ([NUL])
< 0x08 ([BS])
< 0x88 (?)
< 0x88 (?)
< 0x88 (?)
< 0x88 (?)
< 0x88 (?)
< 0x88 (?)
< 0x88 (?)
< 0x6a (j)
< 0x88 (?)
< 0x88 (?)
< 0xa8 (?)
< 0x88 (?)
< 0x88 (?)
< 0x88 (?)
< 0x88 (?)
< 0x28 (()
< 0x98 (?)
< 0x08 ([BS])
< 0x88 (?)
< 0x88 (?)
< 0x88 (?)
< 0x88 (?)
< 0x80 (?)
< 0x28 (()
< 0xc8 (?)
< 0x88 (?)
< 0x98 (?)
< 0x88 (?)
< 0x88 (?)
< 0x88 (?)
< 0x88 (?)
< 0xa8 (?)
< 0xc8 (?)
< 0x88 (?)
< 0xa8 (?)
< 0x89 (?)
< 0x88 (?)
< 0x88 (?)
< 0x88 (?)
< 0x88 (?)
< 0x88 (?)
< 0x80 (?)
< 0x88 (?)
< 0x88 (?)
< 0x8c (?)
< 0x88 (?)
< 0x80 (?)
< 0x38 (8)
< 0x88 (?)
< 0x88 (?)
< 0xc9 (?)
< 0x8c (?)
< 0x80 (?)
< 0x88 (?)
< 0x88 (?)
< 0x68 (h)
< 0x88 (?)
< 0x88 (?)
< 0xb8 (?)
< 0x8a (?)
< 0x88 (?)
< 0x88 (?)
< 0x88 (?)
< 0xa8 (?)
< 0xc8 (?)
< 0x89 (?)
< 0x08 ([BS])
< 0x88 (?)
< 0x88 (?)
< 0x88 (?)
< 0x88 (?)
< 0x88 (?)
< 0xc8 (?)
< 0x98 (?)
< 0xd8 (?)
< 0x88 (?)
< 0x88 (?)
< 0x88 (?)
< 0x88 (?)
< 0xc8 (?)
< 0xc8 (?)
< 0xa8 (?)
< 0x58 (X)
< 0x88 (?)
< 0x88 (?)
< 0x88 (?)
< 0x80 (?)
< 0x88 (?)
< 0xc8 (?)
< 0x08 ([BS])
< 0xc8 (?)
< 0xa8 (?)
< 0x88 (?)
< 0x88 (?)
< 0x88 (?)
< 0xcc (?)
< 0x88 (?)
< 0x98 (?)
< 0x48 (H)
< 0x8a (?)
< 0x88 (?)
< 0x88 (?)
< 0x88 (?)
< 0x98 (?)
< 0xc8 (?)
< 0x98 (?)
< 0x98 (?)
< 0x88 (?)
< 0x8a (?)
< 0x88 (?)
< 0x88 (?)
< 0x58 (X)
< 0xc8 (?)
< 0x88 (?)
< 0xc8 (?)
< 0x8a (?)
< 0x88 (?)
< 0x88 (?)
< 0x88 (?)
< 0x88 (?)
< 0xb8 (?)
< 0xa8 (?)
< 0xc8 (?)
< 0x88 (?)
< 0x88 (?)
< 0x83 (?)
< 0x80 (?)
< 0xa8 (?)
< 0x88 (?)
< 0x88 (?)
< 0xe8 (?)
< 0x88 (?)
< 0x88 (?)
< 0x88 (?)
< 0x88 (?)
< 0x88 (?)
< 0x98 (?)
< 0xc8 (?)
< 0x48 (H)
< 0x88 (?)
< 0x88 (?)
< 0x80 (?)
< 0x88 (?)
< 0x08 ([BS])
< 0x88 (?)
< 0x88 (?)
< 0xc0 (?)
< 0x80 (?)
< 0x88 (?)
< 0x88 (?)
< 0x88 (?)
< 0x28 (()
< 0x88 (?)
< 0x98 (?)
< 0xe8 (?)
< 0x88 (?)
< 0x8c (?)
< 0x80 (?)
< 0x88 (?)
< 0xa8 (?)
< 0xc8 (?)
< 0x98 (?)
< 0xd8 (?)
< 0x88 (?)
< 0x88 (?)
< 0x88 (?)
< 0x88 (?)
< 0xc8 (?)
< 0xc8 (?)
< 0x98 (?)
< 0x90 (?)
< 0x88 (?)
< 0x88 (?)
< 0x89 (?)
< 0x88 (?)
< 0x88 (?)
< 0x88 (?)
< 0x88 (?)
< 0x9a (?)
< 0x80 (?)
< 0x88 (?)
< 0x8a (?)
< 0x88 (?)
< 0x08 ([BS])
< 0x48 (H)
< 0x88 (?)
< 0xe8 (?)
< 0x88 (?)
< 0x88 (?)
< 0x88 (?)
< 0x88 (?)
< 0x48 (H)
< 0x88 (?)
< 0xa8 (?)
< 0x88 (?)
< 0x89 (?)
< 0x88 (?)
< 0x88 (?)
< 0x88 (?)
< 0x88 (?)
< 0x88 (?)
< 0x88 (?)
< 0xa8 (?)
< 0x89 (?)
< 0x80 (?)
< 0x89 (?)
< 0x88 (?)
< 0x08 ([BS])
< 0x98 (?)
< 0x08 ([BS])
< 0xc8 (?)
< 0x88 (?)
< 0x88 (?)
< 0x88 (?)
< 0x88 (?)
< 0x88 (?)
< 0xd8 (?)
< 0x88 (?)
< 0x98 (?)
< 0x88 (?)
< 0x88 (?)
< 0x8a (?)
< 0x8a (?)
< 0x8a (?)
< 0xcc (?)
< 0x88 (?)
< 0x48 (H)
< 0x88 (?)
< 0x88 (?)
< 0x88 (?)
< 0x88 (?)
< 0x88 (?)
< 0xc8 (?)
< 0x88 (?)
< 0x98 (?)
< 0x88 (?)
< 0x88 (?)
< 0x88 (?)
< 0x88 (?)
< 0x48 (H)
< 0x88 (?)
< 0xc8 (?)
< 0xc8 (?)
< 0x88 (?)
< 0x88 (?)
< 0x88 (?)
< 0x88 (?)
< 0x88 (?)
< 0xcc (?)
< 0xdc (?)
< 0x88 (?)
< 0x88 (?)
< 0x88 (?)
< 0x88 (?)
< 0x88 (?)
< 0x77 (w)
< 0x75 (u)
< 0x77 (w)
< 0x73 (s)
< 0x77 (w)
< 0x7f ([DEL])
< 0x77 (w)
< 0x77 (w)
< 0x7f ([DEL])
< 0x76 (v)
< 0x77 (w)
< 0x7f ([DEL])
< 0x73 (s)
< 0x77 (w)
< 0x77 (w)
< 0x77 (w)
< 0x77 (w)
< 0x7f ([DEL])
< 0x7f ([DEL])
< 0x77 (w)
< 0xf5 (?)
< 0x77 (w)
< 0x77 (w)
< 0x77 (w)
< 0x77 (w)
< 0x76 (v)
< 0x77 (w)
< 0x76 (v)
< 0x75 (u)
< 0x77 (w)
< 0x76 (v)
< 0x77 (w)
< 0x77 (w)
< 0x77 (w)
< 0x7f ([DEL])
< 0x77 (w)
< 0x67 (g)
< 0x77 (w)
< 0x77 (w)
< 0x17 ([ETB])
< 0x77 (w)
< 0x7f ([DEL])
< 0x77 (w)
< 0x77 (w)
< 0x33 (3)
< 0x7d (})
< 0x77 (w)
< 0x35 (5)
< 0x77 (w)
< 0x77 (w)
< 0x77 (w)
< 0x77 (w)
< 0x77 (w)
< 0x77 (w)
< 0x77 (w)
< 0x77 (w)
< 0x77 (w)
< 0x77 (w)
< 0x77 (w)
< 0x77 (w)
< 0x77 (w)
< 0x77 (w)
< 0x57 (W)
< 0x77 (w)
< 0x7f ([DEL])
< 0x77 (w)
< 0x77 (w)
< 0x77 (w)
< 0x27 (')
< 0x67 (g)
< 0x57 (W)
< 0x75 (u)
< 0x77 (w)
< 0x7f ([DEL])
< 0x75 (u)
< 0x77 (w)
< 0x67 (g)
< 0x77 (w)
< 0x77 (w)
< 0x77 (w)
< 0x77 (w)
< 0x77 (w)
< 0x77 (w)
< 0x77 (w)
< 0x77 (w)
< 0x77 (w)
< 0x77 (w)
< 0x77 (w)
< 0x77 (w)
< 0x77 (w)
< 0x77 (w)
< 0x77 (w)
< 0x77 (w)
< 0x77 (w)
< 0x77 (w)
< 0x77 (w)
< 0x77 (w)
< 0x77 (w)
< 0x7f ([DEL])
< 0x75 (u)
< 0x77 (w)
< 0x67 (g)
< 0x77 (w)
< 0x67 (g)
< 0x77 (w)
< 0x77 (w)
< 0x77 (w)
< 0x77 (w)
< 0x6b (k)
< 0x77 (w)
< 0x77 (w)
< 0x77 (w)
< 0x76 (v)
< 0x7f ([DEL])
< 0x77 (w)
< 0x77 (w)
< 0x77 (w)
< 0x77 (w)
< 0x77 (w)
< 0x67 (g)
< 0x77 (w)
< 0x77 (w)
< 0x77 (w)
< 0x7f ([DEL])
< 0x31 (1)
< 0x77 (w)
< 0x75 (u)
< 0x77 (w)
< 0x77 (w)
< 0x77 (w)
< 0x77 (w)
< 0x7f ([DEL])
< 0x77 (w)
< 0x77 (w)
< 0x77 (w)
< 0x67 (g)
< 0x77 (w)
< 0x77 (w)
< 0x77 (w)
< 0x7f ([DEL])
< 0x37 (7)
< 0x77 (w)
< 0x77 (w)
< 0x77 (w)
< 0x75 (u)
< 0x77 (w)
< 0x77 (w)
< 0x77 (w)
< 0x77 (w)
< 0x77 (w)
< 0x77 (w)
< 0x77 (w)
< 0x77 (w)
< 0x77 (w)
< 0x73 (s)
< 0x77 (w)
< 0x77 (w)
< 0x73 (s)
< 0x75 (u)
< 0x77 (w)
< 0x77 (w)
< 0x77 (w)
< 0x77 (w)
< 0x77 (w)
< 0x37 (7)
< 0x77 (w)
< 0x77 (w)
< 0x77 (w)
< 0x77 (w)
< 0x77 (w)
< 0x77 (w)
< 0x77 (w)
< 0x77 (w)
< 0x67 (g)
< 0xf7 (?)
< 0x77 (w)
< 0x77 (w)
< 0x77 (w)
< 0x77 (w)
< 0x77 (w)
< 0x77 (w)
< 0x73 (s)
< 0x77 (w)
< 0x77 (w)
< 0x77 (w)
< 0x76 (v)
< 0x77 (w)
< 0x7f ([DEL])
< 0x77 (w)
< 0x77 (w)
< 0x76 (v)
< 0x77 (w)
< 0x77 (w)
< 0x73 (s)
< 0x75 (u)
< 0x77 (w)
< 0x77 (w)
< 0xf7 (?)
< 0x77 (w)
< 0x57 (W)
< 0x77 (w)
< 0x77 (w)
< 0x71 (q)
< 0x7f ([DEL])
< 0x77 (w)
< 0x76 (v)
< 0x77 (w)
< 0x77 (w)
< 0x77 (w)
< 0x7f ([DEL])
< 0x75 (u)
< 0x77 (w)
< 0x73 (s)
< 0x73 (s)
< 0x77 (w)
< 0x77 (w)
< 0x7f ([DEL])
< 0x77 (w)
< 0x77 (w)
< 0x77 (w)
< 0x77 (w)
< 0x77 (w)
< 0xf7 (?)
< 0x77 (w)
< 0x77 (w)
< 0x77 (w)
< 0x7f ([DEL])
< 0x77 (w)
< 0x36 (6)
< 0x77 (w)
< 0x77 (w)
< 0x77 (w)
< 0x73 (s)
< 0x77 (w)
< 0x77 (w)
< 0x7e (~)
< 0x77 (w)
< 0xf7 (?)
< 0x77 (w)
< 0x77 (w)
< 0x77 (w)
< 0x77 (w)
< 0x00 ([NUL])
< 0x00 ([NUL])
< 0x8e (?)
< 0x78 (x)
> 	0x06 ([ACK])



delete voice #24:


< 0x6d (m)
> 	0x06 ([ACK])
< 0x18 ([CAN])
> 	0x06 ([ACK])



delete voice #13


< 0x15 ([NAK])
< 0x6d (m)
> 	0x06 ([ACK])
< 0x0d ([CR])
> 	0x06 ([ACK])

