load a voice G7S


< 0x6b (k)
> 	0x06 ([ACK])
< 0xf3 (?)
< 0x0b ([VT])
< 0xff (?)
< 0xff (?)
< 0xff (?)
< 0xff (?)
< 0xff (?)
< 0xff (?)
< 0xff (?)
< 0xff (?)
< 0xff (?)
< 0xff (?)
< 0xff (?)
< 0xff (?)
< 0xff (?)
< 0xff (?)
< 0xff (?)
< 0xff (?)
< 0xff (?)
< 0xff (?)
< 0xff (?)
< 0xff (?)
< 0xff (?)
< 0xff (?)
< 0xff (?)
< 0xff (?)
< 0xff (?)
< 0xff (?)
< 0xff (?)
< 0xff (?)
< 0xff (?)
< 0xff (?)
< 0xff (?)
< 0xff (?)
< 0xff (?)
< 0xff (?)
< 0xff (?)
< 0xff (?)
< 0xff (?)
< 0xff (?)
< 0xff (?)
< 0xff (?)
< 0xff (?)
< 0xff (?)
< 0xff (?)
< 0xff (?)
< 0xff (?)
< 0xff (?)
< 0xff (?)
< 0xff (?)
< 0xff (?)
< 0xff (?)
< 0xff (?)
< 0x00 ([NUL])
< 0xaa (?)
< 0xaa (?)
< 0xaa (?)
< 0xaa (?)
< 0xaa (?)
< 0x00 ([NUL])
< 0x00 ([NUL])
< 0x00 ([NUL])
< 0x00 ([NUL])
< 0x00 ([NUL])
< 0x00 ([NUL])
< 0x00 ([NUL])
< 0x8e (?)
< 0x02 ([STX])
< 0x00 ([NUL])
< 0x00 ([NUL])
< 0x00 ([NUL])
< 0x00 ([NUL])
< 0x00 ([NUL])
< 0x00 ([NUL])
< 0x00 ([NUL])
< 0x00 ([NUL])
< 0x00 ([NUL])
< 0x00 ([NUL])
< 0x00 ([NUL])
< 0x00 ([NUL])
< 0x00 ([NUL])
< 0x00 ([NUL])
< 0x00 ([NUL])
< 0x00 ([NUL])
< 0x00 ([NUL])
< 0x00 ([NUL])
< 0x00 ([NUL])
< 0x00 ([NUL])
< 0x00 ([NUL])
< 0x00 ([NUL])
< 0x00 ([NUL])
< 0x00 ([NUL])
< 0x00 ([NUL])
< 0x00 ([NUL])
< 0x00 ([NUL])
< 0x00 ([NUL])
< 0x00 ([NUL])
< 0x00 ([NUL])
< 0x00 ([NUL])
< 0x00 ([NUL])
< 0x00 ([NUL])
< 0x00 ([NUL])
< 0x00 ([NUL])
< 0x00 ([NUL])
< 0x00 ([NUL])
< 0x00 ([NUL])
< 0x00 ([NUL])
< 0x00 ([NUL])
< 0x00 ([NUL])
< 0x00 ([NUL])
< 0x00 ([NUL])
< 0x00 ([NUL])
< 0x00 ([NUL])
< 0x00 ([NUL])
< 0x02 ([STX])
< 0x00 ([NUL])
< 0x00 ([NUL])
< 0x00 ([NUL])
< 0x00 ([NUL])
< 0x00 ([NUL])
< 0x00 ([NUL])
< 0x00 ([NUL])
< 0x00 ([NUL])
< 0x00 ([NUL])
< 0x00 ([NUL])
< 0x00 ([NUL])
< 0x00 ([NUL])
< 0x00 ([NUL])
< 0x00 ([NUL])
< 0x00 ([NUL])
< 0x00 ([NUL])
< 0x00 ([NUL])
< 0x00 ([NUL])
< 0x00 ([NUL])
< 0x00 ([NUL])
< 0x00 ([NUL])
< 0x00 ([NUL])
< 0x00 ([NUL])
< 0x00 ([NUL])
< 0xff (?)
< 0xff (?)
< 0xff (?)
< 0xff (?)
< 0xff (?)
< 0xff (?)
< 0xff (?)
< 0xff (?)
< 0xff (?)
< 0xff (?)
< 0xff (?)
< 0xff (?)
< 0xff (?)
< 0xff (?)
< 0xff (?)
< 0xff (?)
< 0xff (?)
< 0xff (?)
< 0xff (?)
< 0xff (?)
< 0xff (?)
< 0xff (?)
< 0xff (?)
< 0x00 ([NUL])
< 0x00 ([NUL])
< 0x00 ([NUL])
< 0x00 ([NUL])
< 0x00 ([NUL])
< 0x00 ([NUL])
< 0x00 ([NUL])
< 0x00 ([NUL])
< 0x00 ([NUL])
< 0x00 ([NUL])
< 0x00 ([NUL])
< 0x00 ([NUL])
< 0x00 ([NUL])
< 0x00 ([NUL])
< 0x00 ([NUL])
< 0x00 ([NUL])
< 0x00 ([NUL])
< 0x00 ([NUL])
< 0x00 ([NUL])
< 0x00 ([NUL])
< 0x00 ([NUL])
< 0x00 ([NUL])
< 0x00 ([NUL])
< 0x00 ([NUL])
< 0x00 ([NUL])
< 0x00 ([NUL])
< 0x00 ([NUL])
< 0x00 ([NUL])
< 0x00 ([NUL])
< 0x00 ([NUL])
< 0x00 ([NUL])
< 0x00 ([NUL])
< 0x00 ([NUL])
< 0x00 ([NUL])
< 0x00 ([NUL])
< 0x00 ([NUL])
< 0x00 ([NUL])
< 0xed (?)
< 0xf6 (?)
< 0xfb (?)
< 0xfd (?)
< 0xff (?)
< 0xff (?)
< 0xff (?)
< 0x00 ([NUL])
< 0x01 ([SOH])
< 0x01 ([SOH])
< 0x02 ([STX])
< 0x02 ([STX])
< 0x03 ([ETX])
< 0x03 ([ETX])
< 0x03 ([ETX])
< 0x02 ([STX])
< 0x01 ([SOH])
< 0x00 ([NUL])
< 0x00 ([NUL])
< 0x00 ([NUL])
< 0x00 ([NUL])
< 0x00 ([NUL])
< 0xfe (?)
< 0x00 ([NUL])
< 0x00 ([NUL])
< 0x00 ([NUL])
< 0x00 ([NUL])
< 0xc0 (?)
< 0xe8 (?)
< 0xf5 (?)
< 0xf8 (?)
< 0xfc (?)
< 0xfc (?)
< 0xfe (?)
< 0x00 ([NUL])
< 0x00 ([NUL])
< 0x01 ([SOH])
< 0x01 ([SOH])
< 0x01 ([SOH])
< 0x02 ([STX])
< 0x02 ([STX])
< 0x02 ([STX])
< 0x02 ([STX])
< 0x02 ([STX])
< 0x03 ([ETX])
< 0x03 ([ETX])
< 0x03 ([ETX])
< 0x00 ([NUL])
< 0x01 ([SOH])
< 0x02 ([STX])
< 0xed (?)
< 0xed (?)
< 0xed (?)
< 0xed (?)
< 0xed (?)
< 0xed (?)
< 0xed (?)
< 0xed (?)
< 0xed (?)
< 0x00 ([NUL])
< 0x00 ([NUL])
< 0x00 ([NUL])
< 0x00 ([NUL])
< 0x00 ([NUL])
< 0x00 ([NUL])
< 0x00 ([NUL])
< 0x00 ([NUL])
< 0x00 ([NUL])
< 0x00 ([NUL])
< 0x00 ([NUL])
< 0x00 ([NUL])
< 0x00 ([NUL])
< 0x00 ([NUL])
< 0x00 ([NUL])
< 0x00 ([NUL])
< 0x00 ([NUL])
< 0x00 ([NUL])
< 0x00 ([NUL])
< 0x00 ([NUL])
< 0x00 ([NUL])
< 0x00 ([NUL])
< 0x00 ([NUL])
< 0x00 ([NUL])
< 0x00 ([NUL])
< 0x00 ([NUL])
< 0x00 ([NUL])
< 0x00 ([NUL])
< 0x00 ([NUL])
< 0x00 ([NUL])
< 0x00 ([NUL])
< 0x00 ([NUL])
< 0x00 ([NUL])
< 0x00 ([NUL])
< 0x00 ([NUL])
< 0x00 ([NUL])
< 0x00 ([NUL])
< 0x00 ([NUL])
< 0x00 ([NUL])
< 0x00 ([NUL])
< 0x00 ([NUL])
< 0x00 ([NUL])
< 0x00 ([NUL])
< 0x00 ([NUL])
< 0x00 ([NUL])
< 0x00 ([NUL])
< 0x00 ([NUL])
< 0x00 ([NUL])
< 0x00 ([NUL])
< 0x00 ([NUL])
< 0x00 ([NUL])
< 0x00 ([NUL])
< 0x00 ([NUL])
< 0x00 ([NUL])
< 0x00 ([NUL])
< 0x00 ([NUL])
< 0x00 ([NUL])
< 0x00 ([NUL])
< 0x00 ([NUL])
< 0x00 ([NUL])
< 0x00 ([NUL])
< 0x00 ([NUL])
< 0x00 ([NUL])
< 0x00 ([NUL])
< 0x00 ([NUL])
< 0x00 ([NUL])
< 0x00 ([NUL])
< 0x00 ([NUL])
< 0x00 ([NUL])
< 0x00 ([NUL])
< 0x00 ([NUL])
< 0x00 ([NUL])
< 0x00 ([NUL])
< 0x00 ([NUL])
< 0x00 ([NUL])
< 0x00 ([NUL])
< 0x00 ([NUL])
< 0x00 ([NUL])
< 0x00 ([NUL])
< 0x00 ([NUL])
< 0x00 ([NUL])
< 0x00 ([NUL])
< 0x00 ([NUL])
< 0x00 ([NUL])
< 0x00 ([NUL])
< 0x00 ([NUL])
< 0x00 ([NUL])
< 0x00 ([NUL])
< 0x00 ([NUL])
< 0x00 ([NUL])
< 0x00 ([NUL])
< 0x00 ([NUL])
< 0x00 ([NUL])
< 0x00 ([NUL])
< 0x00 ([NUL])
< 0x00 ([NUL])
< 0x00 ([NUL])
< 0x00 ([NUL])
< 0x00 ([NUL])
< 0x00 ([NUL])
< 0x00 ([NUL])
< 0x00 ([NUL])
< 0x00 ([NUL])
< 0x00 ([NUL])
< 0x00 ([NUL])
< 0x00 ([NUL])
< 0x00 ([NUL])
< 0x00 ([NUL])
< 0x00 ([NUL])
< 0x00 ([NUL])
< 0x00 ([NUL])
< 0x00 ([NUL])
< 0x00 ([NUL])
< 0x00 ([NUL])
< 0x00 ([NUL])
< 0x00 ([NUL])
< 0x00 ([NUL])
< 0x00 ([NUL])
< 0x00 ([NUL])
< 0x00 ([NUL])
< 0x00 ([NUL])
< 0x00 ([NUL])
< 0x00 ([NUL])
< 0x00 ([NUL])
< 0x00 ([NUL])
< 0x00 ([NUL])
< 0x00 ([NUL])
< 0x00 ([NUL])
< 0x00 ([NUL])
< 0x00 ([NUL])
< 0x00 ([NUL])
< 0x00 ([NUL])
< 0x00 ([NUL])
< 0x00 ([NUL])
< 0x00 ([NUL])
< 0x00 ([NUL])
< 0x00 ([NUL])
< 0x00 ([NUL])
< 0x00 ([NUL])
< 0x00 ([NUL])
< 0x00 ([NUL])
< 0x00 ([NUL])
< 0x00 ([NUL])
< 0x00 ([NUL])
< 0x00 ([NUL])
< 0x00 ([NUL])
< 0x00 ([NUL])
< 0x00 ([NUL])
< 0x00 ([NUL])
< 0x00 ([NUL])
< 0x00 ([NUL])
< 0x00 ([NUL])
< 0x00 ([NUL])
< 0x00 ([NUL])
< 0x00 ([NUL])
< 0x00 ([NUL])
< 0x00 ([NUL])
< 0x00 ([NUL])
< 0x00 ([NUL])
< 0x00 ([NUL])
< 0x00 ([NUL])
< 0x00 ([NUL])
< 0x00 ([NUL])
< 0x00 ([NUL])
< 0x00 ([NUL])
< 0x00 ([NUL])
< 0x00 ([NUL])
< 0x00 ([NUL])
< 0x00 ([NUL])
< 0x00 ([NUL])
< 0x00 ([NUL])
< 0x00 ([NUL])
< 0x00 ([NUL])
< 0x00 ([NUL])
< 0x00 ([NUL])
< 0x00 ([NUL])
< 0x00 ([NUL])
< 0x00 ([NUL])
< 0x00 ([NUL])
< 0x00 ([NUL])
< 0x00 ([NUL])
< 0x00 ([NUL])
< 0x00 ([NUL])
< 0x00 ([NUL])
< 0x00 ([NUL])
< 0x00 ([NUL])
< 0x00 ([NUL])
< 0x00 ([NUL])
< 0x00 ([NUL])
< 0x00 ([NUL])
< 0x00 ([NUL])
< 0x00 ([NUL])
< 0x00 ([NUL])
< 0x00 ([NUL])
< 0x00 ([NUL])
< 0x00 ([NUL])
< 0x00 ([NUL])
< 0x00 ([NUL])
< 0x00 ([NUL])
< 0x00 ([NUL])
< 0x00 ([NUL])
< 0x00 ([NUL])
< 0x00 ([NUL])
< 0x00 ([NUL])
< 0x00 ([NUL])
< 0x00 ([NUL])
< 0x00 ([NUL])
< 0x00 ([NUL])
< 0x00 ([NUL])
< 0x00 ([NUL])
< 0x00 ([NUL])
< 0x00 ([NUL])
< 0x00 ([NUL])
< 0x00 ([NUL])
< 0x00 ([NUL])
< 0x00 ([NUL])
< 0x00 ([NUL])
< 0x00 ([NUL])
< 0x00 ([NUL])
< 0x00 ([NUL])
< 0x00 ([NUL])
< 0x00 ([NUL])
< 0x00 ([NUL])
< 0x00 ([NUL])
< 0x00 ([NUL])
< 0x00 ([NUL])
< 0x00 ([NUL])
< 0x00 ([NUL])
< 0x00 ([NUL])
< 0x00 ([NUL])
< 0x00 ([NUL])
< 0x00 ([NUL])
< 0x00 ([NUL])
< 0x00 ([NUL])
< 0x00 ([NUL])
< 0x00 ([NUL])
< 0x00 ([NUL])
< 0x00 ([NUL])
< 0x00 ([NUL])
< 0x00 ([NUL])
< 0x00 ([NUL])
< 0x00 ([NUL])
< 0x00 ([NUL])
< 0x00 ([NUL])
< 0x00 ([NUL])
< 0x00 ([NUL])
< 0x00 ([NUL])
< 0x00 ([NUL])
< 0x00 ([NUL])
< 0x00 ([NUL])
< 0x00 ([NUL])
< 0x00 ([NUL])
< 0x00 ([NUL])
< 0x00 ([NUL])
< 0x00 ([NUL])
< 0x00 ([NUL])
< 0x00 ([NUL])
< 0x00 ([NUL])
< 0x00 ([NUL])
< 0x00 ([NUL])
< 0x00 ([NUL])
< 0x00 ([NUL])
< 0x00 ([NUL])
< 0x00 ([NUL])
< 0x00 ([NUL])
< 0x00 ([NUL])
< 0x00 ([NUL])
< 0x00 ([NUL])
< 0x00 ([NUL])
< 0x00 ([NUL])
< 0x00 ([NUL])
< 0x00 ([NUL])
< 0x00 ([NUL])
< 0x00 ([NUL])
< 0x00 ([NUL])
< 0x00 ([NUL])
< 0x00 ([NUL])
< 0x00 ([NUL])
< 0x00 ([NUL])
< 0x00 ([NUL])
< 0x00 ([NUL])
< 0x00 ([NUL])
< 0x00 ([NUL])
< 0x00 ([NUL])
< 0x00 ([NUL])
< 0x00 ([NUL])
< 0x00 ([NUL])
< 0x00 ([NUL])
< 0x00 ([NUL])
< 0x00 ([NUL])
< 0x00 ([NUL])
< 0x00 ([NUL])
< 0x00 ([NUL])
< 0x00 ([NUL])
< 0x00 ([NUL])
< 0x00 ([NUL])
< 0x00 ([NUL])
< 0x00 ([NUL])
< 0x00 ([NUL])
< 0x00 ([NUL])
< 0x00 ([NUL])
< 0x00 ([NUL])
< 0x00 ([NUL])
< 0x00 ([NUL])
< 0x00 ([NUL])
< 0x00 ([NUL])
< 0x00 ([NUL])
< 0x00 ([NUL])
< 0x00 ([NUL])
< 0x00 ([NUL])
< 0x00 ([NUL])
< 0x00 ([NUL])
< 0x00 ([NUL])
< 0x00 ([NUL])
< 0x00 ([NUL])
< 0x00 ([NUL])
< 0x00 ([NUL])
< 0x00 ([NUL])
< 0x00 ([NUL])
< 0x00 ([NUL])
< 0x00 ([NUL])
< 0x00 ([NUL])
< 0x00 ([NUL])
< 0x00 ([NUL])
< 0x00 ([NUL])
< 0x00 ([NUL])
< 0x00 ([NUL])
< 0x00 ([NUL])
< 0x00 ([NUL])
< 0x00 ([NUL])
< 0x00 ([NUL])
< 0x00 ([NUL])
< 0x00 ([NUL])
< 0x00 ([NUL])
< 0x00 ([NUL])
< 0x00 ([NUL])
< 0x00 ([NUL])
< 0x00 ([NUL])
< 0x00 ([NUL])
< 0x00 ([NUL])
< 0x00 ([NUL])
< 0x00 ([NUL])
< 0x00 ([NUL])
< 0x00 ([NUL])
< 0x00 ([NUL])
< 0x00 ([NUL])
< 0x00 ([NUL])
< 0x00 ([NUL])
< 0x00 ([NUL])
< 0x00 ([NUL])
< 0x00 ([NUL])
< 0x00 ([NUL])
< 0x00 ([NUL])
< 0x00 ([NUL])
< 0x00 ([NUL])
< 0x00 ([NUL])
< 0x00 ([NUL])
< 0x00 ([NUL])
< 0x00 ([NUL])
< 0x00 ([NUL])
< 0x00 ([NUL])
< 0x00 ([NUL])
< 0x00 ([NUL])
< 0x00 ([NUL])
< 0x00 ([NUL])
< 0x00 ([NUL])
< 0x00 ([NUL])
< 0x00 ([NUL])
< 0x00 ([NUL])
< 0x00 ([NUL])
< 0x00 ([NUL])
< 0x00 ([NUL])
< 0x00 ([NUL])
< 0x00 ([NUL])
< 0x00 ([NUL])
< 0x00 ([NUL])
< 0x00 ([NUL])
< 0x00 ([NUL])
< 0x00 ([NUL])
< 0x00 ([NUL])
< 0x00 ([NUL])
< 0x00 ([NUL])
< 0x00 ([NUL])
< 0x00 ([NUL])
< 0x00 ([NUL])
< 0x00 ([NUL])
< 0x00 ([NUL])
< 0x00 ([NUL])
< 0x00 ([NUL])
< 0x00 ([NUL])
< 0x00 ([NUL])
< 0x00 ([NUL])
< 0x00 ([NUL])
< 0x00 ([NUL])
< 0x00 ([NUL])
< 0x00 ([NUL])
< 0x00 ([NUL])
< 0x00 ([NUL])
< 0x00 ([NUL])
< 0x00 ([NUL])
< 0x00 ([NUL])
< 0x00 ([NUL])
< 0x00 ([NUL])
< 0x00 ([NUL])
< 0x00 ([NUL])
< 0x00 ([NUL])
< 0x00 ([NUL])
< 0x00 ([NUL])
< 0x00 ([NUL])
< 0x00 ([NUL])
< 0x00 ([NUL])
< 0x00 ([NUL])
< 0x00 ([NUL])
< 0x00 ([NUL])
< 0x00 ([NUL])
< 0x00 ([NUL])
< 0x00 ([NUL])
< 0x00 ([NUL])
< 0x00 ([NUL])
< 0x00 ([NUL])
< 0x00 ([NUL])
< 0x00 ([NUL])
< 0x00 ([NUL])
< 0x00 ([NUL])
< 0x00 ([NUL])
< 0x00 ([NUL])
< 0x00 ([NUL])
< 0x00 ([NUL])
< 0x00 ([NUL])
< 0x00 ([NUL])
< 0x00 ([NUL])
< 0x00 ([NUL])
< 0x00 ([NUL])
< 0x00 ([NUL])
< 0x00 ([NUL])
< 0x00 ([NUL])
< 0x00 ([NUL])
< 0x00 ([NUL])
< 0x00 ([NUL])
< 0x00 ([NUL])
< 0x00 ([NUL])
< 0x00 ([NUL])
< 0x00 ([NUL])
< 0x00 ([NUL])
< 0x00 ([NUL])
< 0x00 ([NUL])
< 0x00 ([NUL])
< 0x00 ([NUL])
< 0x03 ([ETX])
< 0x73 (s)
< 0x00 ([NUL])
< 0xff (?)
< 0x00 ([NUL])
< 0x8b (?)
< 0x01 ([SOH])
< 0x17 ([ETB])
< 0x02 ([STX])
< 0xa3 (?)
< 0x02 ([STX])
< 0x2f (/)
< 0x03 ([ETX])
< 0xbb (?)
< 0x03 ([ETX])
< 0x47 (G)
< 0x04 ([EOT])
< 0xd3 (?)
< 0x04 ([EOT])
< 0x5f (_)
< 0x05 ([ENQ])
< 0xeb (?)
< 0x05 ([ENQ])
< 0x77 (w)
< 0x06 ([ACK])
< 0x03 ([ETX])
< 0x07 ([BEL])
< 0x8f (?)
< 0x07 ([BEL])
< 0x1b ([ESC])
< 0x08 ([BS])
< 0xa7 (?)
< 0x08 ([BS])
< 0x00 ([NUL])
< 0x14 ([DC4])
< 0x03 ([ETX])
< 0x07 ([BEL])
< 0xfc (?)
< 0xfc (?)
< 0xfc (?)
< 0xfc (?)
< 0xfc (?)
< 0x00 ([NUL])
< 0x00 ([NUL])
< 0x00 ([NUL])
< 0x00 ([NUL])
< 0x01 ([SOH])
< 0x02 ([STX])
< 0x03 ([ETX])
< 0x04 ([EOT])
< 0x05 ([ENQ])
< 0x06 ([ACK])
< 0x07 ([BEL])
< 0x07 ([BEL])
< 0x06 ([ACK])
< 0x06 ([ACK])
< 0x05 ([ENQ])
< 0x02 ([STX])
< 0x02 ([STX])
< 0x02 ([STX])
< 0xfc (?)
< 0x47 (G)
< 0x37 (7)
< 0x53 (S)
< 0x20 ( )
< 0x20 ( )
< 0x20 ( )
< 0x20 ( )
< 0x20 ( )
< 0x0f ([SI])
< 0x1b ([ESC])
< 0x00 ([NUL])
< 0x00 ([NUL])
< 0x00 ([NUL])
< 0x00 ([NUL])
< 0x00 ([NUL])
< 0x00 ([NUL])
< 0x00 ([NUL])
< 0x00 ([NUL])
< 0x04 ([EOT])
< 0x05 ([ENQ])
< 0x06 ([ACK])
< 0x07 ([BEL])
< 0x08 ([BS])
< 0x08 ([BS])
< 0x09 ([TAB])
< 0x0a ([LF])
< 0x0b ([VT])
< 0x0d ([CR])
< 0x0f ([SI])
< 0x13 ([DC3])
< 0x18 ([CAN])
< 0x1b ([ESC])
< 0x20 ( )
< 0x20 ( )
< 0x20 ( )
< 0x20 ( )
< 0x20 ( )
< 0x00 ([NUL])
< 0x01 ([SOH])
< 0x02 ([STX])
< 0x00 ([NUL])
< 0x00 ([NUL])
< 0x00 ([NUL])
< 0x00 ([NUL])
< 0x00 ([NUL])
< 0x00 ([NUL])
< 0x00 ([NUL])
< 0x00 ([NUL])
< 0x00 ([NUL])
< 0x00 ([NUL])
< 0x00 ([NUL])
< 0x00 ([NUL])
< 0x00 ([NUL])
< 0x00 ([NUL])
< 0x64 (d)
< 0x03 ([ETX])
< 0x05 ([ENQ])
< 0x44 (D)
< 0x01 ([SOH])
< 0x01 ([SOH])
< 0x1e ([RS])
< 0x1e ([RS])
< 0x00 ([NUL])
< 0x01 ([SOH])
< 0x80 (?)
< 0x10 ([DLE])
< 0x00 ([NUL])
< 0x00 ([NUL])
< 0x00 ([NUL])
< 0x00 ([NUL])
< 0x00 ([NUL])
< 0x00 ([NUL])
< 0x00 ([NUL])
< 0x00 ([NUL])
< 0x00 ([NUL])
< 0x00 ([NUL])
< 0x00 ([NUL])
< 0x00 ([NUL])
< 0x00 ([NUL])
< 0x00 ([NUL])
< 0x00 ([NUL])
< 0x00 ([NUL])
< 0x00 ([NUL])
< 0x00 ([NUL])
< 0x00 ([NUL])
< 0x00 ([NUL])
< 0x00 ([NUL])
< 0x00 ([NUL])
< 0x00 ([NUL])
< 0x00 ([NUL])
< 0x00 ([NUL])
< 0x00 ([NUL])
< 0x00 ([NUL])
< 0x00 ([NUL])
< 0x00 ([NUL])
< 0x00 ([NUL])
< 0x00 ([NUL])
< 0x00 ([NUL])
< 0x00 ([NUL])
< 0x00 ([NUL])
< 0x00 ([NUL])
< 0x00 ([NUL])
< 0x00 ([NUL])
< 0x00 ([NUL])
< 0x00 ([NUL])
< 0x00 ([NUL])
< 0x00 ([NUL])
< 0x00 ([NUL])
< 0x00 ([NUL])
< 0x00 ([NUL])
< 0x00 ([NUL])
< 0x00 ([NUL])
< 0x00 ([NUL])
< 0x00 ([NUL])
< 0x00 ([NUL])
< 0x00 ([NUL])
< 0x00 ([NUL])
< 0x00 ([NUL])
< 0x00 ([NUL])
< 0x00 ([NUL])
< 0x00 ([NUL])
< 0x00 ([NUL])
< 0x00 ([NUL])
< 0x00 ([NUL])
< 0x00 ([NUL])
< 0x00 ([NUL])
< 0x02 ([STX])
< 0x02 ([STX])
< 0x01 ([SOH])
< 0x00 ([NUL])
< 0x7d (})
< 0x7d (})
< 0x00 ([NUL])
< 0x00 ([NUL])
< 0x7c (|)
< 0x7c (|)
< 0x54 (T)
< 0x54 (T)
< 0x37 (7)
< 0x37 (7)
< 0x00 ([NUL])
< 0x00 ([NUL])
< 0x37 (7)
< 0x37 (7)
< 0x00 ([NUL])
< 0x00 ([NUL])
< 0x37 (7)
< 0x37 (7)
< 0x00 ([NUL])
< 0x00 ([NUL])
< 0x37 (7)
< 0x37 (7)
< 0x00 ([NUL])
< 0x00 ([NUL])
< 0x37 (7)
< 0x37 (7)
< 0x00 ([NUL])
< 0x00 ([NUL])
< 0x37 (7)
< 0x37 (7)
< 0x00 ([NUL])
< 0x00 ([NUL])
< 0x37 (7)
< 0x37 (7)
< 0x00 ([NUL])
< 0x00 ([NUL])
< 0x37 (7)
< 0x37 (7)
< 0x00 ([NUL])
< 0x00 ([NUL])
< 0x37 (7)
< 0x37 (7)
< 0x00 ([NUL])
< 0x00 ([NUL])
< 0x37 (7)
< 0x37 (7)
< 0x00 ([NUL])
< 0x00 ([NUL])
< 0x37 (7)
< 0x37 (7)
< 0x00 ([NUL])
< 0x00 ([NUL])
< 0x37 (7)
< 0x37 (7)
< 0x00 ([NUL])
< 0x00 ([NUL])
< 0x37 (7)
< 0x37 (7)
< 0x00 ([NUL])
< 0x00 ([NUL])
< 0x37 (7)
< 0x37 (7)
< 0x00 ([NUL])
< 0x00 ([NUL])
< 0x61 (a)
< 0x01 ([SOH])
< 0x00 ([NUL])
< 0x44 (D)
< 0x01 ([SOH])
< 0x01 ([SOH])
< 0x1e ([RS])
< 0x1e ([RS])
< 0x00 ([NUL])
< 0x00 ([NUL])
< 0x80 (?)
< 0x00 ([NUL])
< 0x00 ([NUL])
< 0x00 ([NUL])
< 0x00 ([NUL])
< 0x00 ([NUL])
< 0x00 ([NUL])
< 0x00 ([NUL])
< 0x00 ([NUL])
< 0x00 ([NUL])
< 0x00 ([NUL])
< 0x00 ([NUL])
< 0x00 ([NUL])
< 0x00 ([NUL])
< 0x00 ([NUL])
< 0x00 ([NUL])
< 0x00 ([NUL])
< 0x00 ([NUL])
< 0x00 ([NUL])
< 0x00 ([NUL])
< 0x00 ([NUL])
< 0x00 ([NUL])
< 0x00 ([NUL])
< 0x00 ([NUL])
< 0x00 ([NUL])
< 0x00 ([NUL])
< 0x00 ([NUL])
< 0x00 ([NUL])
< 0x00 ([NUL])
< 0x00 ([NUL])
< 0x00 ([NUL])
< 0x00 ([NUL])
< 0x00 ([NUL])
< 0x00 ([NUL])
< 0x00 ([NUL])
< 0x00 ([NUL])
< 0x00 ([NUL])
< 0x00 ([NUL])
< 0x00 ([NUL])
< 0x00 ([NUL])
< 0x00 ([NUL])
< 0x00 ([NUL])
< 0x00 ([NUL])
< 0x00 ([NUL])
< 0x00 ([NUL])
< 0x00 ([NUL])
< 0x00 ([NUL])
< 0x00 ([NUL])
< 0x00 ([NUL])
< 0x00 ([NUL])
< 0x00 ([NUL])
< 0x00 ([NUL])
< 0x00 ([NUL])
< 0x00 ([NUL])
< 0x00 ([NUL])
< 0x00 ([NUL])
< 0x00 ([NUL])
< 0x00 ([NUL])
< 0x00 ([NUL])
< 0x00 ([NUL])
< 0x00 ([NUL])
< 0x00 ([NUL])
< 0x01 ([SOH])
< 0x03 ([ETX])
< 0x00 ([NUL])
< 0x00 ([NUL])
< 0x6b (k)
< 0x73 (s)
< 0x00 ([NUL])
< 0x00 ([NUL])
< 0x5c (\)
< 0x5c (\)
< 0x54 (T)
< 0x54 (T)
< 0x37 (7)
< 0x73 (s)
< 0x54 (T)
< 0x54 (T)
< 0x37 (7)
< 0x37 (7)
< 0x00 ([NUL])
< 0x00 ([NUL])
< 0x37 (7)
< 0x37 (7)
< 0x00 ([NUL])
< 0x00 ([NUL])
< 0x37 (7)
< 0x37 (7)
< 0x00 ([NUL])
< 0x00 ([NUL])
< 0x37 (7)
< 0x37 (7)
< 0x00 ([NUL])
< 0x00 ([NUL])
< 0x37 (7)
< 0x37 (7)
< 0x00 ([NUL])
< 0x00 ([NUL])
< 0x37 (7)
< 0x37 (7)
< 0x00 ([NUL])
< 0x00 ([NUL])
< 0x37 (7)
< 0x37 (7)
< 0x00 ([NUL])
< 0x00 ([NUL])
< 0x37 (7)
< 0x37 (7)
< 0x00 ([NUL])
< 0x00 ([NUL])
< 0x37 (7)
< 0x37 (7)
< 0x00 ([NUL])
< 0x00 ([NUL])
< 0x37 (7)
< 0x37 (7)
< 0x00 ([NUL])
< 0x00 ([NUL])
< 0x37 (7)
< 0x37 (7)
< 0x00 ([NUL])
< 0x00 ([NUL])
< 0x37 (7)
< 0x37 (7)
< 0x00 ([NUL])
< 0x00 ([NUL])
< 0x37 (7)
< 0x37 (7)
< 0x00 ([NUL])
< 0x00 ([NUL])
< 0x01 ([SOH])
< 0x01 ([SOH])
< 0x00 ([NUL])
< 0x44 (D)
< 0x01 ([SOH])
< 0x01 ([SOH])
< 0x1e ([RS])
< 0x1e ([RS])
< 0x00 ([NUL])
< 0x02 ([STX])
< 0x80 (?)
< 0x10 ([DLE])
< 0x00 ([NUL])
< 0x00 ([NUL])
< 0x00 ([NUL])
< 0x00 ([NUL])
< 0x00 ([NUL])
< 0x00 ([NUL])
< 0x00 ([NUL])
< 0x00 ([NUL])
< 0x00 ([NUL])
< 0x00 ([NUL])
< 0x00 ([NUL])
< 0x00 ([NUL])
< 0x00 ([NUL])
< 0x00 ([NUL])
< 0x00 ([NUL])
< 0x00 ([NUL])
< 0x00 ([NUL])
< 0x00 ([NUL])
< 0x00 ([NUL])
< 0x00 ([NUL])
< 0x00 ([NUL])
< 0x00 ([NUL])
< 0x00 ([NUL])
< 0x00 ([NUL])
< 0x00 ([NUL])
< 0x00 ([NUL])
< 0x00 ([NUL])
< 0x00 ([NUL])
< 0x00 ([NUL])
< 0x00 ([NUL])
< 0x00 ([NUL])
< 0x00 ([NUL])
< 0x00 ([NUL])
< 0x00 ([NUL])
< 0x00 ([NUL])
< 0x00 ([NUL])
< 0x00 ([NUL])
< 0x00 ([NUL])
< 0x00 ([NUL])
< 0x00 ([NUL])
< 0x00 ([NUL])
< 0x00 ([NUL])
< 0x00 ([NUL])
< 0x00 ([NUL])
< 0x00 ([NUL])
< 0x00 ([NUL])
< 0x00 ([NUL])
< 0x00 ([NUL])
< 0x00 ([NUL])
< 0x00 ([NUL])
< 0x00 ([NUL])
< 0x00 ([NUL])
< 0x00 ([NUL])
< 0x00 ([NUL])
< 0x00 ([NUL])
< 0x00 ([NUL])
< 0x00 ([NUL])
< 0x00 ([NUL])
< 0x00 ([NUL])
< 0x00 ([NUL])
< 0x02 ([STX])
< 0x05 ([ENQ])
< 0x04 ([EOT])
< 0x00 ([NUL])
< 0x7f ([DEL])
< 0x77 (w)
< 0x1a ([SUB])
< 0x1c ([FS])
< 0x7c (|)
< 0x70 (p)
< 0x3a (:)
< 0x2f (/)
< 0x6d (m)
< 0x68 (h)
< 0x4d (M)
< 0x3a (:)
< 0x38 (8)
< 0x37 (7)
< 0x54 (T)
< 0x40 (@)
< 0x38 (8)
< 0x37 (7)
< 0x2c (,)
< 0x2b (+)
< 0x37 (7)
< 0x37 (7)
< 0x00 ([NUL])
< 0x00 ([NUL])
< 0x37 (7)
< 0x37 (7)
< 0x00 ([NUL])
< 0x00 ([NUL])
< 0x37 (7)
< 0x37 (7)
< 0x00 ([NUL])
< 0x00 ([NUL])
< 0x37 (7)
< 0x37 (7)
< 0x00 ([NUL])
< 0x00 ([NUL])
< 0x37 (7)
< 0x37 (7)
< 0x00 ([NUL])
< 0x00 ([NUL])
< 0x37 (7)
< 0x37 (7)
< 0x00 ([NUL])
< 0x00 ([NUL])
< 0x37 (7)
< 0x37 (7)
< 0x00 ([NUL])
< 0x00 ([NUL])
< 0x37 (7)
< 0x37 (7)
< 0x00 ([NUL])
< 0x00 ([NUL])
< 0x37 (7)
< 0x37 (7)
< 0x00 ([NUL])
< 0x00 ([NUL])
< 0x37 (7)
< 0x37 (7)
< 0x00 ([NUL])
< 0x00 ([NUL])
< 0x37 (7)
< 0x37 (7)
< 0x00 ([NUL])
< 0x00 ([NUL])
< 0x01 ([SOH])
< 0x02 ([STX])
< 0x00 ([NUL])
< 0x44 (D)
< 0x01 ([SOH])
< 0x01 ([SOH])
< 0x1e ([RS])
< 0x1e ([RS])
< 0x00 ([NUL])
< 0x04 ([EOT])
< 0x80 (?)
< 0x10 ([DLE])
< 0x00 ([NUL])
< 0x00 ([NUL])
< 0x00 ([NUL])
< 0x00 ([NUL])
< 0x00 ([NUL])
< 0x00 ([NUL])
< 0x00 ([NUL])
< 0x00 ([NUL])
< 0x00 ([NUL])
< 0x00 ([NUL])
< 0x00 ([NUL])
< 0x00 ([NUL])
< 0x00 ([NUL])
< 0x00 ([NUL])
< 0x00 ([NUL])
< 0x00 ([NUL])
< 0x00 ([NUL])
< 0x00 ([NUL])
< 0x00 ([NUL])
< 0x00 ([NUL])
< 0x00 ([NUL])
< 0x00 ([NUL])
< 0x00 ([NUL])
< 0x00 ([NUL])
< 0x00 ([NUL])
< 0x00 ([NUL])
< 0x00 ([NUL])
< 0x00 ([NUL])
< 0x00 ([NUL])
< 0x00 ([NUL])
< 0x00 ([NUL])
< 0x00 ([NUL])
< 0x00 ([NUL])
< 0x00 ([NUL])
< 0x00 ([NUL])
< 0x00 ([NUL])
< 0x00 ([NUL])
< 0x00 ([NUL])
< 0x00 ([NUL])
< 0x00 ([NUL])
< 0x00 ([NUL])
< 0x00 ([NUL])
< 0x00 ([NUL])
< 0x00 ([NUL])
< 0x00 ([NUL])
< 0x00 ([NUL])
< 0x00 ([NUL])
< 0x00 ([NUL])
< 0x00 ([NUL])
< 0x00 ([NUL])
< 0x00 ([NUL])
< 0x00 ([NUL])
< 0x00 ([NUL])
< 0x00 ([NUL])
< 0x00 ([NUL])
< 0x00 ([NUL])
< 0x00 ([NUL])
< 0x00 ([NUL])
< 0x00 ([NUL])
< 0x00 ([NUL])
< 0x02 ([STX])
< 0x05 ([ENQ])
< 0x04 ([EOT])
< 0x00 ([NUL])
< 0x7f ([DEL])
< 0x69 (i)
< 0x19 ([EM])
< 0x24 ($)
< 0x7b ({)
< 0x5e (^)
< 0x2d (-)
< 0x2f (/)
< 0x6c (l)
< 0x4f (O)
< 0x4d (M)
< 0x18 ([CAN])
< 0x37 (7)
< 0x27 (')
< 0x54 (T)
< 0x44 (D)
< 0x37 (7)
< 0x37 (7)
< 0x32 (2)
< 0x2e (.)
< 0x37 (7)
< 0x37 (7)
< 0x00 ([NUL])
< 0x00 ([NUL])
< 0x37 (7)
< 0x37 (7)
< 0x00 ([NUL])
< 0x00 ([NUL])
< 0x37 (7)
< 0x37 (7)
< 0x00 ([NUL])
< 0x00 ([NUL])
< 0x37 (7)
< 0x37 (7)
< 0x00 ([NUL])
< 0x00 ([NUL])
< 0x37 (7)
< 0x37 (7)
< 0x00 ([NUL])
< 0x00 ([NUL])
< 0x37 (7)
< 0x37 (7)
< 0x00 ([NUL])
< 0x00 ([NUL])
< 0x37 (7)
< 0x37 (7)
< 0x00 ([NUL])
< 0x00 ([NUL])
< 0x37 (7)
< 0x37 (7)
< 0x00 ([NUL])
< 0x00 ([NUL])
< 0x37 (7)
< 0x37 (7)
< 0x00 ([NUL])
< 0x00 ([NUL])
< 0x37 (7)
< 0x37 (7)
< 0x00 ([NUL])
< 0x00 ([NUL])
< 0x37 (7)
< 0x37 (7)
< 0x00 ([NUL])
< 0x00 ([NUL])
< 0x04 ([EOT])
< 0x01 ([SOH])
< 0x00 ([NUL])
< 0x44 (D)
< 0x01 ([SOH])
< 0x01 ([SOH])
< 0x1e ([RS])
< 0x1e ([RS])
< 0x00 ([NUL])
< 0x00 ([NUL])
< 0x80 (?)
< 0x00 ([NUL])
< 0x00 ([NUL])
< 0x00 ([NUL])
< 0x00 ([NUL])
< 0x00 ([NUL])
< 0x00 ([NUL])
< 0x00 ([NUL])
< 0x00 ([NUL])
< 0x00 ([NUL])
< 0x00 ([NUL])
< 0x00 ([NUL])
< 0x00 ([NUL])
< 0x00 ([NUL])
< 0x00 ([NUL])
< 0x00 ([NUL])
< 0x00 ([NUL])
< 0x00 ([NUL])
< 0x00 ([NUL])
< 0x00 ([NUL])
< 0x00 ([NUL])
< 0x00 ([NUL])
< 0x00 ([NUL])
< 0x00 ([NUL])
< 0x00 ([NUL])
< 0x00 ([NUL])
< 0x00 ([NUL])
< 0x00 ([NUL])
< 0x00 ([NUL])
< 0x00 ([NUL])
< 0x00 ([NUL])
< 0x00 ([NUL])
< 0x00 ([NUL])
< 0x00 ([NUL])
< 0x00 ([NUL])
< 0x00 ([NUL])
< 0x00 ([NUL])
< 0x00 ([NUL])
< 0x00 ([NUL])
< 0x00 ([NUL])
< 0x00 ([NUL])
< 0x00 ([NUL])
< 0x00 ([NUL])
< 0x00 ([NUL])
< 0x00 ([NUL])
< 0x00 ([NUL])
< 0x00 ([NUL])
< 0x00 ([NUL])
< 0x00 ([NUL])
< 0x00 ([NUL])
< 0x00 ([NUL])
< 0x00 ([NUL])
< 0x00 ([NUL])
< 0x00 ([NUL])
< 0x00 ([NUL])
< 0x00 ([NUL])
< 0x00 ([NUL])
< 0x00 ([NUL])
< 0x00 ([NUL])
< 0x00 ([NUL])
< 0x00 ([NUL])
< 0x00 ([NUL])
< 0x01 ([SOH])
< 0x01 ([SOH])
< 0x1e ([RS])
< 0x1e ([RS])
< 0x37 (7)
< 0x37 (7)
< 0x00 ([NUL])
< 0x00 ([NUL])
< 0x37 (7)
< 0x37 (7)
< 0x00 ([NUL])
< 0x00 ([NUL])
< 0x37 (7)
< 0x37 (7)
< 0x00 ([NUL])
< 0x00 ([NUL])
< 0x37 (7)
< 0x37 (7)
< 0x00 ([NUL])
< 0x00 ([NUL])
< 0x37 (7)
< 0x37 (7)
< 0x00 ([NUL])
< 0x00 ([NUL])
< 0x37 (7)
< 0x37 (7)
< 0x00 ([NUL])
< 0x00 ([NUL])
< 0x37 (7)
< 0x37 (7)
< 0x00 ([NUL])
< 0x00 ([NUL])
< 0x37 (7)
< 0x37 (7)
< 0x00 ([NUL])
< 0x00 ([NUL])
< 0x37 (7)
< 0x37 (7)
< 0x00 ([NUL])
< 0x00 ([NUL])
< 0x37 (7)
< 0x37 (7)
< 0x00 ([NUL])
< 0x00 ([NUL])
< 0x37 (7)
< 0x37 (7)
< 0x00 ([NUL])
< 0x00 ([NUL])
< 0x37 (7)
< 0x37 (7)
< 0x00 ([NUL])
< 0x00 ([NUL])
< 0x37 (7)
< 0x37 (7)
< 0x00 ([NUL])
< 0x00 ([NUL])
< 0x37 (7)
< 0x37 (7)
< 0x00 ([NUL])
< 0x00 ([NUL])
< 0x37 (7)
< 0x37 (7)
< 0x00 ([NUL])
< 0x00 ([NUL])
< 0x37 (7)
< 0x37 (7)
< 0x00 ([NUL])
< 0x00 ([NUL])
< 0x04 ([EOT])
< 0x01 ([SOH])
< 0x00 ([NUL])
< 0x44 (D)
< 0x01 ([SOH])
< 0x01 ([SOH])
< 0x1e ([RS])
< 0x1e ([RS])
< 0x00 ([NUL])
< 0x00 ([NUL])
< 0x80 (?)
< 0x00 ([NUL])
< 0x00 ([NUL])
< 0x00 ([NUL])
< 0x00 ([NUL])
< 0x00 ([NUL])
< 0x00 ([NUL])
< 0x00 ([NUL])
< 0x00 ([NUL])
< 0x00 ([NUL])
< 0x00 ([NUL])
< 0x00 ([NUL])
< 0x00 ([NUL])
< 0x00 ([NUL])
< 0x00 ([NUL])
< 0x00 ([NUL])
< 0x00 ([NUL])
< 0x00 ([NUL])
< 0x00 ([NUL])
< 0x00 ([NUL])
< 0x00 ([NUL])
< 0x00 ([NUL])
< 0x00 ([NUL])
< 0x00 ([NUL])
< 0x00 ([NUL])
< 0x00 ([NUL])
< 0x00 ([NUL])
< 0x00 ([NUL])
< 0x00 ([NUL])
< 0x00 ([NUL])
< 0x00 ([NUL])
< 0x00 ([NUL])
< 0x00 ([NUL])
< 0x00 ([NUL])
< 0x00 ([NUL])
< 0x00 ([NUL])
< 0x00 ([NUL])
< 0x00 ([NUL])
< 0x00 ([NUL])
< 0x00 ([NUL])
< 0x00 ([NUL])
< 0x00 ([NUL])
< 0x00 ([NUL])
< 0x00 ([NUL])
< 0x00 ([NUL])
< 0x00 ([NUL])
< 0x00 ([NUL])
< 0x00 ([NUL])
< 0x00 ([NUL])
< 0x00 ([NUL])
< 0x00 ([NUL])
< 0x00 ([NUL])
< 0x00 ([NUL])
< 0x00 ([NUL])
< 0x00 ([NUL])
< 0x00 ([NUL])
< 0x00 ([NUL])
< 0x00 ([NUL])
< 0x00 ([NUL])
< 0x00 ([NUL])
< 0x00 ([NUL])
< 0x00 ([NUL])
< 0x01 ([SOH])
< 0x01 ([SOH])
< 0x1e ([RS])
< 0x1e ([RS])
< 0x37 (7)
< 0x37 (7)
< 0x00 ([NUL])
< 0x00 ([NUL])
< 0x37 (7)
< 0x37 (7)
< 0x00 ([NUL])
< 0x00 ([NUL])
< 0x37 (7)
< 0x37 (7)
< 0x00 ([NUL])
< 0x00 ([NUL])
< 0x37 (7)
< 0x37 (7)
< 0x00 ([NUL])
< 0x00 ([NUL])
< 0x37 (7)
< 0x37 (7)
< 0x00 ([NUL])
< 0x00 ([NUL])
< 0x37 (7)
< 0x37 (7)
< 0x00 ([NUL])
< 0x00 ([NUL])
< 0x37 (7)
< 0x37 (7)
< 0x00 ([NUL])
< 0x00 ([NUL])
< 0x37 (7)
< 0x37 (7)
< 0x00 ([NUL])
< 0x00 ([NUL])
< 0x37 (7)
< 0x37 (7)
< 0x00 ([NUL])
< 0x00 ([NUL])
< 0x37 (7)
< 0x37 (7)
< 0x00 ([NUL])
< 0x00 ([NUL])
< 0x37 (7)
< 0x37 (7)
< 0x00 ([NUL])
< 0x00 ([NUL])
< 0x37 (7)
< 0x37 (7)
< 0x00 ([NUL])
< 0x00 ([NUL])
< 0x37 (7)
< 0x37 (7)
< 0x00 ([NUL])
< 0x00 ([NUL])
< 0x37 (7)
< 0x37 (7)
< 0x00 ([NUL])
< 0x00 ([NUL])
< 0x37 (7)
< 0x37 (7)
< 0x00 ([NUL])
< 0x00 ([NUL])
< 0x37 (7)
< 0x37 (7)
< 0x00 ([NUL])
< 0x00 ([NUL])
< 0x04 ([EOT])
< 0x01 ([SOH])
< 0x00 ([NUL])
< 0x44 (D)
< 0x01 ([SOH])
< 0x01 ([SOH])
< 0x1e ([RS])
< 0x1e ([RS])
< 0x00 ([NUL])
< 0x00 ([NUL])
< 0x80 (?)
< 0x00 ([NUL])
< 0x00 ([NUL])
< 0x00 ([NUL])
< 0x00 ([NUL])
< 0x00 ([NUL])
< 0x00 ([NUL])
< 0x00 ([NUL])
< 0x00 ([NUL])
< 0x00 ([NUL])
< 0x00 ([NUL])
< 0x00 ([NUL])
< 0x00 ([NUL])
< 0x00 ([NUL])
< 0x00 ([NUL])
< 0x00 ([NUL])
< 0x00 ([NUL])
< 0x00 ([NUL])
< 0x00 ([NUL])
< 0x00 ([NUL])
< 0x00 ([NUL])
< 0x00 ([NUL])
< 0x00 ([NUL])
< 0x00 ([NUL])
< 0x00 ([NUL])
< 0x00 ([NUL])
< 0x00 ([NUL])
< 0x00 ([NUL])
< 0x00 ([NUL])
< 0x00 ([NUL])
< 0x00 ([NUL])
< 0x00 ([NUL])
< 0x00 ([NUL])
< 0x00 ([NUL])
< 0x00 ([NUL])
< 0x00 ([NUL])
< 0x00 ([NUL])
< 0x00 ([NUL])
< 0x00 ([NUL])
< 0x00 ([NUL])
< 0x00 ([NUL])
< 0x00 ([NUL])
< 0x00 ([NUL])
< 0x00 ([NUL])
< 0x00 ([NUL])
< 0x00 ([NUL])
< 0x00 ([NUL])
< 0x00 ([NUL])
< 0x00 ([NUL])
< 0x00 ([NUL])
< 0x00 ([NUL])
< 0x00 ([NUL])
< 0x00 ([NUL])
< 0x00 ([NUL])
< 0x00 ([NUL])
< 0x00 ([NUL])
< 0x00 ([NUL])
< 0x00 ([NUL])
< 0x00 ([NUL])
< 0x00 ([NUL])
< 0x00 ([NUL])
< 0x00 ([NUL])
< 0x01 ([SOH])
< 0x01 ([SOH])
< 0x1e ([RS])
< 0x1e ([RS])
< 0x37 (7)
< 0x37 (7)
< 0x00 ([NUL])
< 0x00 ([NUL])
< 0x37 (7)
< 0x37 (7)
< 0x00 ([NUL])
< 0x00 ([NUL])
< 0x37 (7)
< 0x37 (7)
< 0x00 ([NUL])
< 0x00 ([NUL])
< 0x37 (7)
< 0x37 (7)
< 0x00 ([NUL])
< 0x00 ([NUL])
< 0x37 (7)
< 0x37 (7)
< 0x00 ([NUL])
< 0x00 ([NUL])
< 0x37 (7)
< 0x37 (7)
< 0x00 ([NUL])
< 0x00 ([NUL])
< 0x37 (7)
< 0x37 (7)
< 0x00 ([NUL])
< 0x00 ([NUL])
< 0x37 (7)
< 0x37 (7)
< 0x00 ([NUL])
< 0x00 ([NUL])
< 0x37 (7)
< 0x37 (7)
< 0x00 ([NUL])
< 0x00 ([NUL])
< 0x37 (7)
< 0x37 (7)
< 0x00 ([NUL])
< 0x00 ([NUL])
< 0x37 (7)
< 0x37 (7)
< 0x00 ([NUL])
< 0x00 ([NUL])
< 0x37 (7)
< 0x37 (7)
< 0x00 ([NUL])
< 0x00 ([NUL])
< 0x37 (7)
< 0x37 (7)
< 0x00 ([NUL])
< 0x00 ([NUL])
< 0x37 (7)
< 0x37 (7)
< 0x00 ([NUL])
< 0x00 ([NUL])
< 0x37 (7)
< 0x37 (7)
< 0x00 ([NUL])
< 0x00 ([NUL])
< 0x37 (7)
< 0x37 (7)
< 0x00 ([NUL])
< 0x00 ([NUL])
< 0x04 ([EOT])
< 0x01 ([SOH])
< 0x00 ([NUL])
< 0x44 (D)
< 0x01 ([SOH])
< 0x01 ([SOH])
< 0x1e ([RS])
< 0x1e ([RS])
< 0x00 ([NUL])
< 0x00 ([NUL])
< 0x80 (?)
< 0x00 ([NUL])
< 0x00 ([NUL])
< 0x00 ([NUL])
< 0x00 ([NUL])
< 0x00 ([NUL])
< 0x00 ([NUL])
< 0x00 ([NUL])
< 0x00 ([NUL])
< 0x00 ([NUL])
< 0x00 ([NUL])
< 0x00 ([NUL])
< 0x00 ([NUL])
< 0x00 ([NUL])
< 0x00 ([NUL])
< 0x00 ([NUL])
< 0x00 ([NUL])
< 0x00 ([NUL])
< 0x00 ([NUL])
< 0x00 ([NUL])
< 0x00 ([NUL])
< 0x00 ([NUL])
< 0x00 ([NUL])
< 0x00 ([NUL])
< 0x00 ([NUL])
< 0x00 ([NUL])
< 0x00 ([NUL])
< 0x00 ([NUL])
< 0x00 ([NUL])
< 0x00 ([NUL])
< 0x00 ([NUL])
< 0x00 ([NUL])
< 0x00 ([NUL])
< 0x00 ([NUL])
< 0x00 ([NUL])
< 0x00 ([NUL])
< 0x00 ([NUL])
< 0x00 ([NUL])
< 0x00 ([NUL])
< 0x00 ([NUL])
< 0x00 ([NUL])
< 0x00 ([NUL])
< 0x00 ([NUL])
< 0x00 ([NUL])
< 0x00 ([NUL])
< 0x00 ([NUL])
< 0x00 ([NUL])
< 0x00 ([NUL])
< 0x00 ([NUL])
< 0x00 ([NUL])
< 0x00 ([NUL])
< 0x00 ([NUL])
< 0x00 ([NUL])
< 0x00 ([NUL])
< 0x00 ([NUL])
< 0x00 ([NUL])
< 0x00 ([NUL])
< 0x00 ([NUL])
< 0x00 ([NUL])
< 0x00 ([NUL])
< 0x00 ([NUL])
< 0x00 ([NUL])
< 0x01 ([SOH])
< 0x01 ([SOH])
< 0x1e ([RS])
< 0x1e ([RS])
< 0x37 (7)
< 0x37 (7)
< 0x00 ([NUL])
< 0x00 ([NUL])
< 0x37 (7)
< 0x37 (7)
< 0x00 ([NUL])
< 0x00 ([NUL])
< 0x37 (7)
< 0x37 (7)
< 0x00 ([NUL])
< 0x00 ([NUL])
< 0x37 (7)
< 0x37 (7)
< 0x00 ([NUL])
< 0x00 ([NUL])
< 0x37 (7)
< 0x37 (7)
< 0x00 ([NUL])
< 0x00 ([NUL])
< 0x37 (7)
< 0x37 (7)
< 0x00 ([NUL])
< 0x00 ([NUL])
< 0x37 (7)
< 0x37 (7)
< 0x00 ([NUL])
< 0x00 ([NUL])
< 0x37 (7)
< 0x37 (7)
< 0x00 ([NUL])
< 0x00 ([NUL])
< 0x37 (7)
< 0x37 (7)
< 0x00 ([NUL])
< 0x00 ([NUL])
< 0x37 (7)
< 0x37 (7)
< 0x00 ([NUL])
< 0x00 ([NUL])
< 0x37 (7)
< 0x37 (7)
< 0x00 ([NUL])
< 0x00 ([NUL])
< 0x37 (7)
< 0x37 (7)
< 0x00 ([NUL])
< 0x00 ([NUL])
< 0x37 (7)
< 0x37 (7)
< 0x00 ([NUL])
< 0x00 ([NUL])
< 0x37 (7)
< 0x37 (7)
< 0x00 ([NUL])
< 0x00 ([NUL])
< 0x37 (7)
< 0x37 (7)
< 0x00 ([NUL])
< 0x00 ([NUL])
< 0x37 (7)
< 0x37 (7)
< 0x00 ([NUL])
< 0x00 ([NUL])
< 0x04 ([EOT])
< 0x01 ([SOH])
< 0x00 ([NUL])
< 0x44 (D)
< 0x01 ([SOH])
< 0x01 ([SOH])
< 0x1e ([RS])
< 0x1e ([RS])
< 0x00 ([NUL])
< 0x00 ([NUL])
< 0x80 (?)
< 0x00 ([NUL])
< 0x00 ([NUL])
< 0x00 ([NUL])
< 0x00 ([NUL])
< 0x00 ([NUL])
< 0x00 ([NUL])
< 0x00 ([NUL])
< 0x00 ([NUL])
< 0x00 ([NUL])
< 0x00 ([NUL])
< 0x00 ([NUL])
< 0x00 ([NUL])
< 0x00 ([NUL])
< 0x00 ([NUL])
< 0x00 ([NUL])
< 0x00 ([NUL])
< 0x00 ([NUL])
< 0x00 ([NUL])
< 0x00 ([NUL])
< 0x00 ([NUL])
< 0x00 ([NUL])
< 0x00 ([NUL])
< 0x00 ([NUL])
< 0x00 ([NUL])
< 0x00 ([NUL])
< 0x00 ([NUL])
< 0x00 ([NUL])
< 0x00 ([NUL])
< 0x00 ([NUL])
< 0x00 ([NUL])
< 0x00 ([NUL])
< 0x00 ([NUL])
< 0x00 ([NUL])
< 0x00 ([NUL])
< 0x00 ([NUL])
< 0x00 ([NUL])
< 0x00 ([NUL])
< 0x00 ([NUL])
< 0x00 ([NUL])
< 0x00 ([NUL])
< 0x00 ([NUL])
< 0x00 ([NUL])
< 0x00 ([NUL])
< 0x00 ([NUL])
< 0x00 ([NUL])
< 0x00 ([NUL])
< 0x00 ([NUL])
< 0x00 ([NUL])
< 0x00 ([NUL])
< 0x00 ([NUL])
< 0x00 ([NUL])
< 0x00 ([NUL])
< 0x00 ([NUL])
< 0x00 ([NUL])
< 0x00 ([NUL])
< 0x00 ([NUL])
< 0x00 ([NUL])
< 0x00 ([NUL])
< 0x00 ([NUL])
< 0x00 ([NUL])
< 0x00 ([NUL])
< 0x01 ([SOH])
< 0x01 ([SOH])
< 0x1e ([RS])
< 0x1e ([RS])
< 0x37 (7)
< 0x37 (7)
< 0x00 ([NUL])
< 0x00 ([NUL])
< 0x37 (7)
< 0x37 (7)
< 0x00 ([NUL])
< 0x00 ([NUL])
< 0x37 (7)
< 0x37 (7)
< 0x00 ([NUL])
< 0x00 ([NUL])
< 0x37 (7)
< 0x37 (7)
< 0x00 ([NUL])
< 0x00 ([NUL])
< 0x37 (7)
< 0x37 (7)
< 0x00 ([NUL])
< 0x00 ([NUL])
< 0x37 (7)
< 0x37 (7)
< 0x00 ([NUL])
< 0x00 ([NUL])
< 0x37 (7)
< 0x37 (7)
< 0x00 ([NUL])
< 0x00 ([NUL])
< 0x37 (7)
< 0x37 (7)
< 0x00 ([NUL])
< 0x00 ([NUL])
< 0x37 (7)
< 0x37 (7)
< 0x00 ([NUL])
< 0x00 ([NUL])
< 0x37 (7)
< 0x37 (7)
< 0x00 ([NUL])
< 0x00 ([NUL])
< 0x37 (7)
< 0x37 (7)
< 0x00 ([NUL])
< 0x00 ([NUL])
< 0x37 (7)
< 0x37 (7)
< 0x00 ([NUL])
< 0x00 ([NUL])
< 0x37 (7)
< 0x37 (7)
< 0x00 ([NUL])
< 0x00 ([NUL])
< 0x37 (7)
< 0x37 (7)
< 0x00 ([NUL])
< 0x00 ([NUL])
< 0x37 (7)
< 0x37 (7)
< 0x00 ([NUL])
< 0x00 ([NUL])
< 0x37 (7)
< 0x37 (7)
< 0x00 ([NUL])
< 0x00 ([NUL])
< 0x04 ([EOT])
< 0x01 ([SOH])
< 0x00 ([NUL])
< 0x44 (D)
< 0x01 ([SOH])
< 0x01 ([SOH])
< 0x1e ([RS])
< 0x1e ([RS])
< 0x00 ([NUL])
< 0x00 ([NUL])
< 0x80 (?)
< 0x00 ([NUL])
< 0x00 ([NUL])
< 0x00 ([NUL])
< 0x00 ([NUL])
< 0x00 ([NUL])
< 0x00 ([NUL])
< 0x00 ([NUL])
< 0x00 ([NUL])
< 0x00 ([NUL])
< 0x00 ([NUL])
< 0x00 ([NUL])
< 0x00 ([NUL])
< 0x00 ([NUL])
< 0x00 ([NUL])
< 0x00 ([NUL])
< 0x00 ([NUL])
< 0x00 ([NUL])
< 0x00 ([NUL])
< 0x00 ([NUL])
< 0x00 ([NUL])
< 0x00 ([NUL])
< 0x00 ([NUL])
< 0x00 ([NUL])
< 0x00 ([NUL])
< 0x00 ([NUL])
< 0x00 ([NUL])
< 0x00 ([NUL])
< 0x00 ([NUL])
< 0x00 ([NUL])
< 0x00 ([NUL])
< 0x00 ([NUL])
< 0x00 ([NUL])
< 0x00 ([NUL])
< 0x00 ([NUL])
< 0x00 ([NUL])
< 0x00 ([NUL])
< 0x00 ([NUL])
< 0x00 ([NUL])
< 0x00 ([NUL])
< 0x00 ([NUL])
< 0x00 ([NUL])
< 0x00 ([NUL])
< 0x00 ([NUL])
< 0x00 ([NUL])
< 0x00 ([NUL])
< 0x00 ([NUL])
< 0x00 ([NUL])
< 0x00 ([NUL])
< 0x00 ([NUL])
< 0x00 ([NUL])
< 0x00 ([NUL])
< 0x00 ([NUL])
< 0x00 ([NUL])
< 0x00 ([NUL])
< 0x00 ([NUL])
< 0x00 ([NUL])
< 0x00 ([NUL])
< 0x00 ([NUL])
< 0x00 ([NUL])
< 0x00 ([NUL])
< 0x00 ([NUL])
< 0x01 ([SOH])
< 0x01 ([SOH])
< 0x1e ([RS])
< 0x1e ([RS])
< 0x37 (7)
< 0x37 (7)
< 0x00 ([NUL])
< 0x00 ([NUL])
< 0x37 (7)
< 0x37 (7)
< 0x00 ([NUL])
< 0x00 ([NUL])
< 0x37 (7)
< 0x37 (7)
< 0x00 ([NUL])
< 0x00 ([NUL])
< 0x37 (7)
< 0x37 (7)
< 0x00 ([NUL])
< 0x00 ([NUL])
< 0x37 (7)
< 0x37 (7)
< 0x00 ([NUL])
< 0x00 ([NUL])
< 0x37 (7)
< 0x37 (7)
< 0x00 ([NUL])
< 0x00 ([NUL])
< 0x37 (7)
< 0x37 (7)
< 0x00 ([NUL])
< 0x00 ([NUL])
< 0x37 (7)
< 0x37 (7)
< 0x00 ([NUL])
< 0x00 ([NUL])
< 0x37 (7)
< 0x37 (7)
< 0x00 ([NUL])
< 0x00 ([NUL])
< 0x37 (7)
< 0x37 (7)
< 0x00 ([NUL])
< 0x00 ([NUL])
< 0x37 (7)
< 0x37 (7)
< 0x00 ([NUL])
< 0x00 ([NUL])
< 0x37 (7)
< 0x37 (7)
< 0x00 ([NUL])
< 0x00 ([NUL])
< 0x37 (7)
< 0x37 (7)
< 0x00 ([NUL])
< 0x00 ([NUL])
< 0x37 (7)
< 0x37 (7)
< 0x00 ([NUL])
< 0x00 ([NUL])
< 0x37 (7)
< 0x37 (7)
< 0x00 ([NUL])
< 0x00 ([NUL])
< 0x37 (7)
< 0x37 (7)
< 0x00 ([NUL])
< 0x00 ([NUL])
< 0x04 ([EOT])
< 0x01 ([SOH])
< 0x00 ([NUL])
< 0x44 (D)
< 0x01 ([SOH])
< 0x01 ([SOH])
< 0x1e ([RS])
< 0x1e ([RS])
< 0x00 ([NUL])
< 0x00 ([NUL])
< 0x80 (?)
< 0x00 ([NUL])
< 0x00 ([NUL])
< 0x00 ([NUL])
< 0x00 ([NUL])
< 0x00 ([NUL])
< 0x00 ([NUL])
< 0x00 ([NUL])
< 0x00 ([NUL])
< 0x00 ([NUL])
< 0x00 ([NUL])
< 0x00 ([NUL])
< 0x00 ([NUL])
< 0x00 ([NUL])
< 0x00 ([NUL])
< 0x00 ([NUL])
< 0x00 ([NUL])
< 0x00 ([NUL])
< 0x00 ([NUL])
< 0x00 ([NUL])
< 0x00 ([NUL])
< 0x00 ([NUL])
< 0x00 ([NUL])
< 0x00 ([NUL])
< 0x00 ([NUL])
< 0x00 ([NUL])
< 0x00 ([NUL])
< 0x00 ([NUL])
< 0x00 ([NUL])
< 0x00 ([NUL])
< 0x00 ([NUL])
< 0x00 ([NUL])
< 0x00 ([NUL])
< 0x00 ([NUL])
< 0x00 ([NUL])
< 0x00 ([NUL])
< 0x00 ([NUL])
< 0x00 ([NUL])
< 0x00 ([NUL])
< 0x00 ([NUL])
< 0x00 ([NUL])
< 0x00 ([NUL])
< 0x00 ([NUL])
< 0x00 ([NUL])
< 0x00 ([NUL])
< 0x00 ([NUL])
< 0x00 ([NUL])
< 0x00 ([NUL])
< 0x00 ([NUL])
< 0x00 ([NUL])
< 0x00 ([NUL])
< 0x00 ([NUL])
< 0x00 ([NUL])
< 0x00 ([NUL])
< 0x00 ([NUL])
< 0x00 ([NUL])
< 0x00 ([NUL])
< 0x00 ([NUL])
< 0x00 ([NUL])
< 0x00 ([NUL])
< 0x00 ([NUL])
< 0x00 ([NUL])
< 0x01 ([SOH])
< 0x01 ([SOH])
< 0x1e ([RS])
< 0x1e ([RS])
< 0x37 (7)
< 0x37 (7)
< 0x00 ([NUL])
< 0x00 ([NUL])
< 0x37 (7)
< 0x37 (7)
< 0x00 ([NUL])
< 0x00 ([NUL])
< 0x37 (7)
< 0x37 (7)
< 0x00 ([NUL])
< 0x00 ([NUL])
< 0x37 (7)
< 0x37 (7)
< 0x00 ([NUL])
< 0x00 ([NUL])
< 0x37 (7)
< 0x37 (7)
< 0x00 ([NUL])
< 0x00 ([NUL])
< 0x37 (7)
< 0x37 (7)
< 0x00 ([NUL])
< 0x00 ([NUL])
< 0x37 (7)
< 0x37 (7)
< 0x00 ([NUL])
< 0x00 ([NUL])
< 0x37 (7)
< 0x37 (7)
< 0x00 ([NUL])
< 0x00 ([NUL])
< 0x37 (7)
< 0x37 (7)
< 0x00 ([NUL])
< 0x00 ([NUL])
< 0x37 (7)
< 0x37 (7)
< 0x00 ([NUL])
< 0x00 ([NUL])
< 0x37 (7)
< 0x37 (7)
< 0x00 ([NUL])
< 0x00 ([NUL])
< 0x37 (7)
< 0x37 (7)
< 0x00 ([NUL])
< 0x00 ([NUL])
< 0x37 (7)
< 0x37 (7)
< 0x00 ([NUL])
< 0x00 ([NUL])
< 0x37 (7)
< 0x37 (7)
< 0x00 ([NUL])
< 0x00 ([NUL])
< 0x37 (7)
< 0x37 (7)
< 0x00 ([NUL])
< 0x00 ([NUL])
< 0x37 (7)
< 0x37 (7)
< 0x00 ([NUL])
< 0x00 ([NUL])
< 0x04 ([EOT])
< 0x01 ([SOH])
< 0x00 ([NUL])
< 0x44 (D)
< 0x01 ([SOH])
< 0x01 ([SOH])
< 0x1e ([RS])
< 0x1e ([RS])
< 0x00 ([NUL])
< 0x00 ([NUL])
< 0x80 (?)
< 0x00 ([NUL])
< 0x00 ([NUL])
< 0x00 ([NUL])
< 0x00 ([NUL])
< 0x00 ([NUL])
< 0x00 ([NUL])
< 0x00 ([NUL])
< 0x00 ([NUL])
< 0x00 ([NUL])
< 0x00 ([NUL])
< 0x00 ([NUL])
< 0x00 ([NUL])
< 0x00 ([NUL])
< 0x00 ([NUL])
< 0x00 ([NUL])
< 0x00 ([NUL])
< 0x00 ([NUL])
< 0x00 ([NUL])
< 0x00 ([NUL])
< 0x00 ([NUL])
< 0x00 ([NUL])
< 0x00 ([NUL])
< 0x00 ([NUL])
< 0x00 ([NUL])
< 0x00 ([NUL])
< 0x00 ([NUL])
< 0x00 ([NUL])
< 0x00 ([NUL])
< 0x00 ([NUL])
< 0x00 ([NUL])
< 0x00 ([NUL])
< 0x00 ([NUL])
< 0x00 ([NUL])
< 0x00 ([NUL])
< 0x00 ([NUL])
< 0x00 ([NUL])
< 0x00 ([NUL])
< 0x00 ([NUL])
< 0x00 ([NUL])
< 0x00 ([NUL])
< 0x00 ([NUL])
< 0x00 ([NUL])
< 0x00 ([NUL])
< 0x00 ([NUL])
< 0x00 ([NUL])
< 0x00 ([NUL])
< 0x00 ([NUL])
< 0x00 ([NUL])
< 0x00 ([NUL])
< 0x00 ([NUL])
< 0x00 ([NUL])
< 0x00 ([NUL])
< 0x00 ([NUL])
< 0x00 ([NUL])
< 0x00 ([NUL])
< 0x00 ([NUL])
< 0x00 ([NUL])
< 0x00 ([NUL])
< 0x00 ([NUL])
< 0x00 ([NUL])
< 0x00 ([NUL])
< 0x01 ([SOH])
< 0x01 ([SOH])
< 0x1e ([RS])
< 0x1e ([RS])
< 0x37 (7)
< 0x37 (7)
< 0x00 ([NUL])
< 0x00 ([NUL])
< 0x37 (7)
< 0x37 (7)
< 0x00 ([NUL])
< 0x00 ([NUL])
< 0x37 (7)
< 0x37 (7)
< 0x00 ([NUL])
< 0x00 ([NUL])
< 0x37 (7)
< 0x37 (7)
< 0x00 ([NUL])
< 0x00 ([NUL])
< 0x37 (7)
< 0x37 (7)
< 0x00 ([NUL])
< 0x00 ([NUL])
< 0x37 (7)
< 0x37 (7)
< 0x00 ([NUL])
< 0x00 ([NUL])
< 0x37 (7)
< 0x37 (7)
< 0x00 ([NUL])
< 0x00 ([NUL])
< 0x37 (7)
< 0x37 (7)
< 0x00 ([NUL])
< 0x00 ([NUL])
< 0x37 (7)
< 0x37 (7)
< 0x00 ([NUL])
< 0x00 ([NUL])
< 0x37 (7)
< 0x37 (7)
< 0x00 ([NUL])
< 0x00 ([NUL])
< 0x37 (7)
< 0x37 (7)
< 0x00 ([NUL])
< 0x00 ([NUL])
< 0x37 (7)
< 0x37 (7)
< 0x00 ([NUL])
< 0x00 ([NUL])
< 0x37 (7)
< 0x37 (7)
< 0x00 ([NUL])
< 0x00 ([NUL])
< 0x37 (7)
< 0x37 (7)
< 0x00 ([NUL])
< 0x00 ([NUL])
< 0x37 (7)
< 0x37 (7)
< 0x00 ([NUL])
< 0x00 ([NUL])
< 0x37 (7)
< 0x37 (7)
< 0x00 ([NUL])
< 0x00 ([NUL])
< 0x04 ([EOT])
< 0x01 ([SOH])
< 0x00 ([NUL])
< 0x44 (D)
< 0x01 ([SOH])
< 0x01 ([SOH])
< 0x1e ([RS])
< 0x1e ([RS])
< 0x00 ([NUL])
< 0x00 ([NUL])
< 0x80 (?)
< 0x00 ([NUL])
< 0x00 ([NUL])
< 0x00 ([NUL])
< 0x00 ([NUL])
< 0x00 ([NUL])
< 0x00 ([NUL])
< 0x00 ([NUL])
< 0x00 ([NUL])
< 0x00 ([NUL])
< 0x00 ([NUL])
< 0x00 ([NUL])
< 0x00 ([NUL])
< 0x00 ([NUL])
< 0x00 ([NUL])
< 0x00 ([NUL])
< 0x00 ([NUL])
< 0x00 ([NUL])
< 0x00 ([NUL])
< 0x00 ([NUL])
< 0x00 ([NUL])
< 0x00 ([NUL])
< 0x00 ([NUL])
< 0x00 ([NUL])
< 0x00 ([NUL])
< 0x00 ([NUL])
< 0x00 ([NUL])
< 0x00 ([NUL])
< 0x00 ([NUL])
< 0x00 ([NUL])
< 0x00 ([NUL])
< 0x00 ([NUL])
< 0x00 ([NUL])
< 0x00 ([NUL])
< 0x00 ([NUL])
< 0x00 ([NUL])
< 0x00 ([NUL])
< 0x00 ([NUL])
< 0x00 ([NUL])
< 0x00 ([NUL])
< 0x00 ([NUL])
< 0x00 ([NUL])
< 0x00 ([NUL])
< 0x00 ([NUL])
< 0x00 ([NUL])
< 0x00 ([NUL])
< 0x00 ([NUL])
< 0x00 ([NUL])
< 0x00 ([NUL])
< 0x00 ([NUL])
< 0x00 ([NUL])
< 0x00 ([NUL])
< 0x00 ([NUL])
< 0x00 ([NUL])
< 0x00 ([NUL])
< 0x00 ([NUL])
< 0x00 ([NUL])
< 0x00 ([NUL])
< 0x00 ([NUL])
< 0x00 ([NUL])
< 0x00 ([NUL])
< 0x00 ([NUL])
< 0x01 ([SOH])
< 0x01 ([SOH])
< 0x1e ([RS])
< 0x1e ([RS])
< 0x37 (7)
< 0x37 (7)
< 0x00 ([NUL])
< 0x00 ([NUL])
< 0x37 (7)
< 0x37 (7)
< 0x00 ([NUL])
< 0x00 ([NUL])
< 0x37 (7)
< 0x37 (7)
< 0x00 ([NUL])
< 0x00 ([NUL])
< 0x37 (7)
< 0x37 (7)
< 0x00 ([NUL])
< 0x00 ([NUL])
< 0x37 (7)
< 0x37 (7)
< 0x00 ([NUL])
< 0x00 ([NUL])
< 0x37 (7)
< 0x37 (7)
< 0x00 ([NUL])
< 0x00 ([NUL])
< 0x37 (7)
< 0x37 (7)
< 0x00 ([NUL])
< 0x00 ([NUL])
< 0x37 (7)
< 0x37 (7)
< 0x00 ([NUL])
< 0x00 ([NUL])
< 0x37 (7)
< 0x37 (7)
< 0x00 ([NUL])
< 0x00 ([NUL])
< 0x37 (7)
< 0x37 (7)
< 0x00 ([NUL])
< 0x00 ([NUL])
< 0x37 (7)
< 0x37 (7)
< 0x00 ([NUL])
< 0x00 ([NUL])
< 0x37 (7)
< 0x37 (7)
< 0x00 ([NUL])
< 0x00 ([NUL])
< 0x37 (7)
< 0x37 (7)
< 0x00 ([NUL])
< 0x00 ([NUL])
< 0x37 (7)
< 0x37 (7)
< 0x00 ([NUL])
< 0x00 ([NUL])
< 0x37 (7)
< 0x37 (7)
< 0x00 ([NUL])
< 0x00 ([NUL])
< 0x37 (7)
< 0x37 (7)
< 0x00 ([NUL])
< 0x00 ([NUL])
< 0x04 ([EOT])
< 0x01 ([SOH])
< 0x00 ([NUL])
< 0x44 (D)
< 0x01 ([SOH])
< 0x01 ([SOH])
< 0x1e ([RS])
< 0x1e ([RS])
< 0x00 ([NUL])
< 0x00 ([NUL])
< 0x80 (?)
< 0x00 ([NUL])
< 0x00 ([NUL])
< 0x00 ([NUL])
< 0x00 ([NUL])
< 0x00 ([NUL])
< 0x00 ([NUL])
< 0x00 ([NUL])
< 0x00 ([NUL])
< 0x00 ([NUL])
< 0x00 ([NUL])
< 0x00 ([NUL])
< 0x00 ([NUL])
< 0x00 ([NUL])
< 0x00 ([NUL])
< 0x00 ([NUL])
< 0x00 ([NUL])
< 0x00 ([NUL])
< 0x00 ([NUL])
< 0x00 ([NUL])
< 0x00 ([NUL])
< 0x00 ([NUL])
< 0x00 ([NUL])
< 0x00 ([NUL])
< 0x00 ([NUL])
< 0x00 ([NUL])
< 0x00 ([NUL])
< 0x00 ([NUL])
< 0x00 ([NUL])
< 0x00 ([NUL])
< 0x00 ([NUL])
< 0x00 ([NUL])
< 0x00 ([NUL])
< 0x00 ([NUL])
< 0x00 ([NUL])
< 0x00 ([NUL])
< 0x00 ([NUL])
< 0x00 ([NUL])
< 0x00 ([NUL])
< 0x00 ([NUL])
< 0x00 ([NUL])
< 0x00 ([NUL])
< 0x00 ([NUL])
< 0x00 ([NUL])
< 0x00 ([NUL])
< 0x00 ([NUL])
< 0x00 ([NUL])
< 0x00 ([NUL])
< 0x00 ([NUL])
< 0x00 ([NUL])
< 0x00 ([NUL])
< 0x00 ([NUL])
< 0x00 ([NUL])
< 0x00 ([NUL])
< 0x00 ([NUL])
< 0x00 ([NUL])
< 0x00 ([NUL])
< 0x00 ([NUL])
< 0x00 ([NUL])
< 0x00 ([NUL])
< 0x00 ([NUL])
< 0x00 ([NUL])
< 0x01 ([SOH])
< 0x01 ([SOH])
< 0x1e ([RS])
< 0x1e ([RS])
< 0x37 (7)
< 0x37 (7)
< 0x00 ([NUL])
< 0x00 ([NUL])
< 0x37 (7)
< 0x37 (7)
< 0x00 ([NUL])
< 0x00 ([NUL])
< 0x37 (7)
< 0x37 (7)
< 0x00 ([NUL])
< 0x00 ([NUL])
< 0x37 (7)
< 0x37 (7)
< 0x00 ([NUL])
< 0x00 ([NUL])
< 0x37 (7)
< 0x37 (7)
< 0x00 ([NUL])
< 0x00 ([NUL])
< 0x37 (7)
< 0x37 (7)
< 0x00 ([NUL])
< 0x00 ([NUL])
< 0x37 (7)
< 0x37 (7)
< 0x00 ([NUL])
< 0x00 ([NUL])
< 0x37 (7)
< 0x37 (7)
< 0x00 ([NUL])
< 0x00 ([NUL])
< 0x37 (7)
< 0x37 (7)
< 0x00 ([NUL])
< 0x00 ([NUL])
< 0x37 (7)
< 0x37 (7)
< 0x00 ([NUL])
< 0x00 ([NUL])
< 0x37 (7)
< 0x37 (7)
< 0x00 ([NUL])
< 0x00 ([NUL])
< 0x37 (7)
< 0x37 (7)
< 0x00 ([NUL])
< 0x00 ([NUL])
< 0x37 (7)
< 0x37 (7)
< 0x00 ([NUL])
< 0x00 ([NUL])
< 0x37 (7)
< 0x37 (7)
< 0x00 ([NUL])
< 0x00 ([NUL])
< 0x37 (7)
< 0x37 (7)
< 0x00 ([NUL])
< 0x00 ([NUL])
< 0x37 (7)
< 0x37 (7)
< 0x00 ([NUL])
< 0x00 ([NUL])
< 0x04 ([EOT])
< 0x01 ([SOH])
< 0x00 ([NUL])
< 0x44 (D)
< 0x01 ([SOH])
< 0x01 ([SOH])
< 0x1e ([RS])
< 0x1e ([RS])
< 0x00 ([NUL])
< 0x00 ([NUL])
< 0x80 (?)
< 0x00 ([NUL])
< 0x00 ([NUL])
< 0x00 ([NUL])
< 0x00 ([NUL])
< 0x00 ([NUL])
< 0x00 ([NUL])
< 0x00 ([NUL])
< 0x00 ([NUL])
< 0x00 ([NUL])
< 0x00 ([NUL])
< 0x00 ([NUL])
< 0x00 ([NUL])
< 0x00 ([NUL])
< 0x00 ([NUL])
< 0x00 ([NUL])
< 0x00 ([NUL])
< 0x00 ([NUL])
< 0x00 ([NUL])
< 0x00 ([NUL])
< 0x00 ([NUL])
< 0x00 ([NUL])
< 0x00 ([NUL])
< 0x00 ([NUL])
< 0x00 ([NUL])
< 0x00 ([NUL])
< 0x00 ([NUL])
< 0x00 ([NUL])
< 0x00 ([NUL])
< 0x00 ([NUL])
< 0x00 ([NUL])
< 0x00 ([NUL])
< 0x00 ([NUL])
< 0x00 ([NUL])
< 0x00 ([NUL])
< 0x00 ([NUL])
< 0x00 ([NUL])
< 0x00 ([NUL])
< 0x00 ([NUL])
< 0x00 ([NUL])
< 0x00 ([NUL])
< 0x00 ([NUL])
< 0x00 ([NUL])
< 0x00 ([NUL])
< 0x00 ([NUL])
< 0x00 ([NUL])
< 0x00 ([NUL])
< 0x00 ([NUL])
< 0x00 ([NUL])
< 0x00 ([NUL])
< 0x00 ([NUL])
< 0x00 ([NUL])
< 0x00 ([NUL])
< 0x00 ([NUL])
< 0x00 ([NUL])
< 0x00 ([NUL])
< 0x00 ([NUL])
< 0x00 ([NUL])
< 0x00 ([NUL])
< 0x00 ([NUL])
< 0x00 ([NUL])
< 0x00 ([NUL])
< 0x01 ([SOH])
< 0x01 ([SOH])
< 0x1e ([RS])
< 0x1e ([RS])
< 0x37 (7)
< 0x37 (7)
< 0x00 ([NUL])
< 0x00 ([NUL])
< 0x37 (7)
< 0x37 (7)
< 0x00 ([NUL])
< 0x00 ([NUL])
< 0x37 (7)
< 0x37 (7)
< 0x00 ([NUL])
< 0x00 ([NUL])
< 0x37 (7)
< 0x37 (7)
< 0x00 ([NUL])
< 0x00 ([NUL])
< 0x37 (7)
< 0x37 (7)
< 0x00 ([NUL])
< 0x00 ([NUL])
< 0x37 (7)
< 0x37 (7)
< 0x00 ([NUL])
< 0x00 ([NUL])
< 0x37 (7)
< 0x37 (7)
< 0x00 ([NUL])
< 0x00 ([NUL])
< 0x37 (7)
< 0x37 (7)
< 0x00 ([NUL])
< 0x00 ([NUL])
< 0x37 (7)
< 0x37 (7)
< 0x00 ([NUL])
< 0x00 ([NUL])
< 0x37 (7)
< 0x37 (7)
< 0x00 ([NUL])
< 0x00 ([NUL])
< 0x37 (7)
< 0x37 (7)
< 0x00 ([NUL])
< 0x00 ([NUL])
< 0x37 (7)
< 0x37 (7)
< 0x00 ([NUL])
< 0x00 ([NUL])
< 0x37 (7)
< 0x37 (7)
< 0x00 ([NUL])
< 0x00 ([NUL])
< 0x37 (7)
< 0x37 (7)
< 0x00 ([NUL])
< 0x00 ([NUL])
< 0x37 (7)
< 0x37 (7)
< 0x00 ([NUL])
< 0x00 ([NUL])
< 0x37 (7)
< 0x37 (7)
< 0x00 ([NUL])
< 0x00 ([NUL])
< 0x04 ([EOT])
< 0x01 ([SOH])
< 0x00 ([NUL])
< 0x44 (D)
< 0x01 ([SOH])
< 0x01 ([SOH])
< 0x1e ([RS])
< 0x1e ([RS])
< 0x00 ([NUL])
< 0x00 ([NUL])
< 0x80 (?)
< 0x00 ([NUL])
< 0x00 ([NUL])
< 0x00 ([NUL])
< 0x00 ([NUL])
< 0x00 ([NUL])
< 0x00 ([NUL])
< 0x00 ([NUL])
< 0x00 ([NUL])
< 0x00 ([NUL])
< 0x00 ([NUL])
< 0x00 ([NUL])
< 0x00 ([NUL])
< 0x00 ([NUL])
< 0x00 ([NUL])
< 0x00 ([NUL])
< 0x00 ([NUL])
< 0x00 ([NUL])
< 0x00 ([NUL])
< 0x00 ([NUL])
< 0x00 ([NUL])
< 0x00 ([NUL])
< 0x00 ([NUL])
< 0x00 ([NUL])
< 0x00 ([NUL])
< 0x00 ([NUL])
< 0x00 ([NUL])
< 0x00 ([NUL])
< 0x00 ([NUL])
< 0x00 ([NUL])
< 0x00 ([NUL])
< 0x00 ([NUL])
< 0x00 ([NUL])
< 0x00 ([NUL])
< 0x00 ([NUL])
< 0x00 ([NUL])
< 0x00 ([NUL])
< 0x00 ([NUL])
< 0x00 ([NUL])
< 0x00 ([NUL])
< 0x00 ([NUL])
< 0x00 ([NUL])
< 0x00 ([NUL])
< 0x00 ([NUL])
< 0x00 ([NUL])
< 0x00 ([NUL])
< 0x00 ([NUL])
< 0x00 ([NUL])
< 0x00 ([NUL])
< 0x00 ([NUL])
< 0x00 ([NUL])
< 0x00 ([NUL])
< 0x00 ([NUL])
< 0x00 ([NUL])
< 0x00 ([NUL])
< 0x00 ([NUL])
< 0x00 ([NUL])
< 0x00 ([NUL])
< 0x00 ([NUL])
< 0x00 ([NUL])
< 0x00 ([NUL])
< 0x00 ([NUL])
< 0x01 ([SOH])
< 0x01 ([SOH])
< 0x1e ([RS])
< 0x1e ([RS])
< 0x37 (7)
< 0x37 (7)
< 0x00 ([NUL])
< 0x00 ([NUL])
< 0x37 (7)
< 0x37 (7)
< 0x00 ([NUL])
< 0x00 ([NUL])
< 0x37 (7)
< 0x37 (7)
< 0x00 ([NUL])
< 0x00 ([NUL])
< 0x37 (7)
< 0x37 (7)
< 0x00 ([NUL])
< 0x00 ([NUL])
< 0x37 (7)
< 0x37 (7)
< 0x00 ([NUL])
< 0x00 ([NUL])
< 0x37 (7)
< 0x37 (7)
< 0x00 ([NUL])
< 0x00 ([NUL])
< 0x37 (7)
< 0x37 (7)
< 0x00 ([NUL])
< 0x00 ([NUL])
< 0x37 (7)
< 0x37 (7)
< 0x00 ([NUL])
< 0x00 ([NUL])
< 0x37 (7)
< 0x37 (7)
< 0x00 ([NUL])
< 0x00 ([NUL])
< 0x37 (7)
< 0x37 (7)
< 0x00 ([NUL])
< 0x00 ([NUL])
< 0x37 (7)
< 0x37 (7)
< 0x00 ([NUL])
< 0x00 ([NUL])
< 0x37 (7)
< 0x37 (7)
< 0x00 ([NUL])
< 0x00 ([NUL])
< 0x37 (7)
< 0x37 (7)
< 0x00 ([NUL])
< 0x00 ([NUL])
< 0x37 (7)
< 0x37 (7)
< 0x00 ([NUL])
< 0x00 ([NUL])
< 0x37 (7)
< 0x37 (7)
< 0x00 ([NUL])
< 0x00 ([NUL])
< 0x37 (7)
< 0x37 (7)
< 0x00 ([NUL])
< 0x00 ([NUL])
< 0x29 ())
< 0x28 (()
> 	0x06 ([ACK])
< 0x76 (v)
> 	0x06 ([ACK])
< 0x8a (?)
< 0x76 (v)
> 	0x06 ([ACK])
< 0x8c (?)

