enter voicing mode (submenu logs in separate files)

< 0x72 (r)
> 	0x06 ([ACK])
< 0x00 ([NUL])
< 0xc5 (?)
< 0x00 ([NUL])
< 0x0e ([SO])
> 	0xae (?)
> 	0x88 (?)
> 	0x7a (z)
> 	0x87 (?)
> 	0xa2 (?)
> 	0x87 (?)
> 	0x15 ([NAK])
> 	0x87 (?)
> 	0x1b ([ESC])
> 	0x87 (?)
> 	0x44 (D)
> 	0x80 (?)
> 	0xf9 (?)
> 	0x86 (?)
< 0x76 (v)
> 	0x06 ([ACK])
< 0x80 (?)
< 0x71 (q)
> 	0x06 ([ACK])
< 0x86 (?)
< 0xf9 (?)
< 0x00 ([NUL])
< 0x10 ([DLE])
< 0x00 ([NUL])
< 0x00 ([NUL])
< 0x00 ([NUL])
< 0x00 ([NUL])
< 0x00 ([NUL])
< 0x00 ([NUL])
< 0x00 ([NUL])
< 0x00 ([NUL])
< 0x00 ([NUL])
< 0x00 ([NUL])
< 0x00 ([NUL])
< 0x00 ([NUL])
< 0x00 ([NUL])
< 0x00 ([NUL])
< 0x00 ([NUL])
< 0x00 ([NUL])
< 0x75 (u)
> 	0x06 ([ACK])
< 0x00 ([NUL])
< 0x7a (z)
< 0x00 ([NUL])
< 0x00 ([NUL])
< 0x6b (k)
> 	0x06 ([ACK])
< 0xf3 (?)
< 0x0b ([VT])
< 0xff (?)
< 0xff (?)
< 0xff (?)
< 0xff (?)
< 0xff (?)
< 0xff (?)
< 0xff (?)
< 0xff (?)
< 0xff (?)
< 0xff (?)
< 0xff (?)
< 0xff (?)
< 0xff (?)
< 0xff (?)
< 0xff (?)
< 0xff (?)
< 0xff (?)
< 0xff (?)
< 0xff (?)
< 0xff (?)
< 0xff (?)
< 0xff (?)
< 0xff (?)
< 0xff (?)
< 0xff (?)
< 0xff (?)
< 0xff (?)
< 0xff (?)
< 0xff (?)
< 0xff (?)
< 0xff (?)
< 0xff (?)
< 0xff (?)
< 0xff (?)
< 0xff (?)
< 0xff (?)
< 0xff (?)
< 0xff (?)
< 0xff (?)
< 0xff (?)
< 0xff (?)
< 0xff (?)
< 0xff (?)
< 0xff (?)
< 0xff (?)
< 0xff (?)
< 0xff (?)
< 0xff (?)
< 0xff (?)
< 0xff (?)
< 0xff (?)
< 0x00 ([NUL])
< 0xaa (?)
< 0xaa (?)
< 0xaa (?)
< 0xaa (?)
< 0xaa (?)
< 0x00 ([NUL])
< 0x00 ([NUL])
< 0x00 ([NUL])
< 0x00 ([NUL])
< 0x00 ([NUL])
< 0x00 ([NUL])
< 0x00 ([NUL])
< 0x8e (?)
< 0x02 ([STX])
< 0x00 ([NUL])
< 0x00 ([NUL])
< 0x00 ([NUL])
< 0x00 ([NUL])
< 0x00 ([NUL])
< 0x00 ([NUL])
< 0x00 ([NUL])
< 0x00 ([NUL])
< 0x00 ([NUL])
< 0x00 ([NUL])
< 0x00 ([NUL])
< 0x00 ([NUL])
< 0x00 ([NUL])
< 0x00 ([NUL])
< 0x00 ([NUL])
< 0x00 ([NUL])
< 0x00 ([NUL])
< 0x00 ([NUL])
< 0x00 ([NUL])
< 0x00 ([NUL])
< 0x00 ([NUL])
< 0x00 ([NUL])
< 0x00 ([NUL])
< 0x00 ([NUL])
< 0x00 ([NUL])
< 0x00 ([NUL])
< 0x00 ([NUL])
< 0x00 ([NUL])
< 0x00 ([NUL])
< 0x00 ([NUL])
< 0x00 ([NUL])
< 0x00 ([NUL])
< 0x00 ([NUL])
< 0x00 ([NUL])
< 0x00 ([NUL])
< 0x00 ([NUL])
< 0x00 ([NUL])
< 0x00 ([NUL])
< 0x00 ([NUL])
< 0x00 ([NUL])
< 0x00 ([NUL])
< 0x00 ([NUL])
< 0x00 ([NUL])
< 0x00 ([NUL])
< 0x00 ([NUL])
< 0x00 ([NUL])
< 0x02 ([STX])
< 0x00 ([NUL])
< 0x00 ([NUL])
< 0x00 ([NUL])
< 0x00 ([NUL])
< 0x00 ([NUL])
< 0x00 ([NUL])
< 0x00 ([NUL])
< 0x00 ([NUL])
< 0x00 ([NUL])
< 0x00 ([NUL])
< 0x00 ([NUL])
< 0x00 ([NUL])
< 0x00 ([NUL])
< 0x00 ([NUL])
< 0x00 ([NUL])
< 0x00 ([NUL])
< 0x00 ([NUL])
< 0x00 ([NUL])
< 0x00 ([NUL])
< 0x00 ([NUL])
< 0x00 ([NUL])
< 0x00 ([NUL])
< 0x00 ([NUL])
< 0x00 ([NUL])
< 0xff (?)
< 0xff (?)
< 0xff (?)
< 0xff (?)
< 0xff (?)
< 0xff (?)
< 0xff (?)
< 0xff (?)
< 0xff (?)
< 0xff (?)
< 0xff (?)
< 0xff (?)
< 0xff (?)
< 0xff (?)
< 0xff (?)
< 0xff (?)
< 0xff (?)
< 0xff (?)
< 0xff (?)
< 0xff (?)
< 0xff (?)
< 0xff (?)
< 0xff (?)
< 0x00 ([NUL])
< 0x00 ([NUL])
< 0x00 ([NUL])
< 0x00 ([NUL])
< 0x00 ([NUL])
< 0x00 ([NUL])
< 0x00 ([NUL])
< 0x00 ([NUL])
< 0x00 ([NUL])
< 0x00 ([NUL])
< 0x00 ([NUL])
< 0x00 ([NUL])
< 0x00 ([NUL])
< 0x00 ([NUL])
< 0x00 ([NUL])
< 0x00 ([NUL])
< 0x00 ([NUL])
< 0x00 ([NUL])
< 0x00 ([NUL])
< 0x00 ([NUL])
< 0x00 ([NUL])
< 0x00 ([NUL])
< 0x00 ([NUL])
< 0x00 ([NUL])
< 0x00 ([NUL])
< 0x00 ([NUL])
< 0x00 ([NUL])
< 0x00 ([NUL])
< 0x00 ([NUL])
< 0x00 ([NUL])
< 0x00 ([NUL])
< 0x00 ([NUL])
< 0x00 ([NUL])
< 0x00 ([NUL])
< 0x00 ([NUL])
< 0x00 ([NUL])
< 0x00 ([NUL])
< 0x00 ([NUL])
< 0x00 ([NUL])
< 0x00 ([NUL])
< 0x00 ([NUL])
< 0x00 ([NUL])
< 0x00 ([NUL])
< 0x00 ([NUL])
< 0x00 ([NUL])
< 0x00 ([NUL])
< 0x00 ([NUL])
< 0x00 ([NUL])
< 0x00 ([NUL])
< 0x00 ([NUL])
< 0x00 ([NUL])
< 0x00 ([NUL])
< 0x00 ([NUL])
< 0x00 ([NUL])
< 0x00 ([NUL])
< 0x00 ([NUL])
< 0x00 ([NUL])
< 0x00 ([NUL])
< 0x00 ([NUL])
< 0x00 ([NUL])
< 0x00 ([NUL])
< 0x00 ([NUL])
< 0x00 ([NUL])
< 0x00 ([NUL])
< 0x00 ([NUL])
< 0x00 ([NUL])
< 0x00 ([NUL])
< 0x00 ([NUL])
< 0x00 ([NUL])
< 0x00 ([NUL])
< 0x00 ([NUL])
< 0x00 ([NUL])
< 0x00 ([NUL])
< 0x00 ([NUL])
< 0x00 ([NUL])
< 0x00 ([NUL])
< 0x00 ([NUL])
< 0x00 ([NUL])
< 0x00 ([NUL])
< 0x00 ([NUL])
< 0x00 ([NUL])
< 0x00 ([NUL])
< 0x00 ([NUL])
< 0x00 ([NUL])
< 0x00 ([NUL])
< 0x00 ([NUL])
< 0x00 ([NUL])
< 0x00 ([NUL])
< 0x00 ([NUL])
< 0x00 ([NUL])
< 0x00 ([NUL])
< 0x00 ([NUL])
< 0x00 ([NUL])
< 0x00 ([NUL])
< 0x00 ([NUL])
< 0x00 ([NUL])
< 0x00 ([NUL])
< 0x00 ([NUL])
< 0x00 ([NUL])
< 0x00 ([NUL])
< 0x00 ([NUL])
< 0x00 ([NUL])
< 0x00 ([NUL])
< 0x00 ([NUL])
< 0x00 ([NUL])
< 0x00 ([NUL])
< 0x00 ([NUL])
< 0x00 ([NUL])
< 0x00 ([NUL])
< 0x00 ([NUL])
< 0x00 ([NUL])
< 0x00 ([NUL])
< 0x00 ([NUL])
< 0x00 ([NUL])
< 0x00 ([NUL])
< 0x00 ([NUL])
< 0x00 ([NUL])
< 0x00 ([NUL])
< 0x00 ([NUL])
< 0x00 ([NUL])
< 0x00 ([NUL])
< 0x00 ([NUL])
< 0x00 ([NUL])
< 0x00 ([NUL])
< 0x00 ([NUL])
< 0x00 ([NUL])
< 0x00 ([NUL])
< 0x00 ([NUL])
< 0x00 ([NUL])
< 0x00 ([NUL])
< 0x00 ([NUL])
< 0x00 ([NUL])
< 0x00 ([NUL])
< 0x00 ([NUL])
< 0x00 ([NUL])
< 0x00 ([NUL])
< 0x00 ([NUL])
< 0x00 ([NUL])
< 0x00 ([NUL])
< 0x00 ([NUL])
< 0x00 ([NUL])
< 0x00 ([NUL])
< 0x00 ([NUL])
< 0x00 ([NUL])
< 0x00 ([NUL])
< 0x00 ([NUL])
< 0x00 ([NUL])
< 0x00 ([NUL])
< 0x00 ([NUL])
< 0x00 ([NUL])
< 0x00 ([NUL])
< 0x00 ([NUL])
< 0x00 ([NUL])
< 0x00 ([NUL])
< 0x00 ([NUL])
< 0x00 ([NUL])
< 0x00 ([NUL])
< 0x00 ([NUL])
< 0x00 ([NUL])
< 0x00 ([NUL])
< 0x00 ([NUL])
< 0x00 ([NUL])
< 0x00 ([NUL])
< 0x00 ([NUL])
< 0x00 ([NUL])
< 0x00 ([NUL])
< 0x00 ([NUL])
< 0x00 ([NUL])
< 0x00 ([NUL])
< 0x00 ([NUL])
< 0x00 ([NUL])
< 0x00 ([NUL])
< 0x00 ([NUL])
< 0x00 ([NUL])
< 0x00 ([NUL])
< 0x00 ([NUL])
< 0x00 ([NUL])
< 0x00 ([NUL])
< 0x00 ([NUL])
< 0x00 ([NUL])
< 0x00 ([NUL])
< 0x00 ([NUL])
< 0x00 ([NUL])
< 0x00 ([NUL])
< 0x00 ([NUL])
< 0x00 ([NUL])
< 0x00 ([NUL])
< 0x00 ([NUL])
< 0x00 ([NUL])
< 0x00 ([NUL])
< 0x00 ([NUL])
< 0x00 ([NUL])
< 0x00 ([NUL])
< 0x00 ([NUL])
< 0x00 ([NUL])
< 0x00 ([NUL])
< 0x00 ([NUL])
< 0x00 ([NUL])
< 0x00 ([NUL])
< 0x00 ([NUL])
< 0x00 ([NUL])
< 0x00 ([NUL])
< 0x00 ([NUL])
< 0x00 ([NUL])
< 0x00 ([NUL])
< 0x00 ([NUL])
< 0x00 ([NUL])
< 0x00 ([NUL])
< 0x00 ([NUL])
< 0x00 ([NUL])
< 0x00 ([NUL])
< 0x00 ([NUL])
< 0x00 ([NUL])
< 0x00 ([NUL])
< 0x00 ([NUL])
< 0x00 ([NUL])
< 0x00 ([NUL])
< 0x00 ([NUL])
< 0x00 ([NUL])
< 0x00 ([NUL])
< 0x00 ([NUL])
< 0x00 ([NUL])
< 0x00 ([NUL])
< 0x00 ([NUL])
< 0x00 ([NUL])
< 0x00 ([NUL])
< 0x00 ([NUL])
< 0x00 ([NUL])
< 0x00 ([NUL])
< 0x00 ([NUL])
< 0x00 ([NUL])
< 0x00 ([NUL])
< 0x00 ([NUL])
< 0x00 ([NUL])
< 0x00 ([NUL])
< 0x00 ([NUL])
< 0x00 ([NUL])
< 0x00 ([NUL])
< 0x00 ([NUL])
< 0x00 ([NUL])
< 0x00 ([NUL])
< 0x00 ([NUL])
< 0x00 ([NUL])
< 0x00 ([NUL])
< 0x00 ([NUL])
< 0x00 ([NUL])
< 0x00 ([NUL])
< 0x00 ([NUL])
< 0x00 ([NUL])
< 0x00 ([NUL])
< 0x00 ([NUL])
< 0x00 ([NUL])
< 0x00 ([NUL])
< 0x00 ([NUL])
< 0x00 ([NUL])
< 0x00 ([NUL])
< 0x00 ([NUL])
< 0x00 ([NUL])
< 0x00 ([NUL])
< 0x00 ([NUL])
< 0x00 ([NUL])
< 0x00 ([NUL])
< 0x00 ([NUL])
< 0x00 ([NUL])
< 0x00 ([NUL])
< 0x00 ([NUL])
< 0x00 ([NUL])
< 0x00 ([NUL])
< 0x00 ([NUL])
< 0x00 ([NUL])
< 0x00 ([NUL])
< 0x00 ([NUL])
< 0x00 ([NUL])
< 0x00 ([NUL])
< 0x00 ([NUL])
< 0x00 ([NUL])
< 0x00 ([NUL])
< 0x00 ([NUL])
< 0x00 ([NUL])
< 0x00 ([NUL])
< 0x00 ([NUL])
< 0x00 ([NUL])
< 0x00 ([NUL])
< 0x00 ([NUL])
< 0x00 ([NUL])
< 0x00 ([NUL])
< 0x00 ([NUL])
< 0x00 ([NUL])
< 0x00 ([NUL])
< 0x00 ([NUL])
< 0x00 ([NUL])
< 0x00 ([NUL])
< 0x00 ([NUL])
< 0x00 ([NUL])
< 0x00 ([NUL])
< 0x00 ([NUL])
< 0x00 ([NUL])
< 0x00 ([NUL])
< 0x00 ([NUL])
< 0x00 ([NUL])
< 0x00 ([NUL])
< 0x00 ([NUL])
< 0x00 ([NUL])
< 0x00 ([NUL])
< 0x00 ([NUL])
< 0x00 ([NUL])
< 0x00 ([NUL])
< 0x00 ([NUL])
< 0x00 ([NUL])
< 0x00 ([NUL])
< 0x00 ([NUL])
< 0x00 ([NUL])
< 0x00 ([NUL])
< 0x00 ([NUL])
< 0x00 ([NUL])
< 0x00 ([NUL])
< 0x00 ([NUL])
< 0x00 ([NUL])
< 0x00 ([NUL])
< 0x00 ([NUL])
< 0x00 ([NUL])
< 0x00 ([NUL])
< 0x00 ([NUL])
< 0x00 ([NUL])
< 0x00 ([NUL])
< 0x00 ([NUL])
< 0x00 ([NUL])
< 0x00 ([NUL])
< 0x00 ([NUL])
< 0x00 ([NUL])
< 0x00 ([NUL])
< 0x00 ([NUL])
< 0x00 ([NUL])
< 0x00 ([NUL])
< 0x00 ([NUL])
< 0x00 ([NUL])
< 0x00 ([NUL])
< 0x00 ([NUL])
< 0x00 ([NUL])
< 0x00 ([NUL])
< 0x00 ([NUL])
< 0x00 ([NUL])
< 0x00 ([NUL])
< 0x00 ([NUL])
< 0x00 ([NUL])
< 0x00 ([NUL])
< 0x00 ([NUL])
< 0x00 ([NUL])
< 0x00 ([NUL])
< 0x00 ([NUL])
< 0x00 ([NUL])
< 0x00 ([NUL])
< 0x00 ([NUL])
< 0x00 ([NUL])
< 0x00 ([NUL])
< 0x00 ([NUL])
< 0x00 ([NUL])
< 0x00 ([NUL])
< 0x00 ([NUL])
< 0x00 ([NUL])
< 0x00 ([NUL])
< 0x00 ([NUL])
< 0x00 ([NUL])
< 0x00 ([NUL])
< 0x00 ([NUL])
< 0x00 ([NUL])
< 0x00 ([NUL])
< 0x00 ([NUL])
< 0x00 ([NUL])
< 0x00 ([NUL])
< 0x00 ([NUL])
< 0x00 ([NUL])
< 0x00 ([NUL])
< 0x00 ([NUL])
< 0x00 ([NUL])
< 0x00 ([NUL])
< 0x00 ([NUL])
< 0x00 ([NUL])
< 0x00 ([NUL])
< 0x00 ([NUL])
< 0x00 ([NUL])
< 0x00 ([NUL])
< 0x00 ([NUL])
< 0x00 ([NUL])
< 0x00 ([NUL])
< 0x00 ([NUL])
< 0x00 ([NUL])
< 0x00 ([NUL])
< 0x00 ([NUL])
< 0x00 ([NUL])
< 0x00 ([NUL])
< 0x00 ([NUL])
< 0x00 ([NUL])
< 0x00 ([NUL])
< 0x00 ([NUL])
< 0x00 ([NUL])
< 0x00 ([NUL])
< 0x00 ([NUL])
< 0x00 ([NUL])
< 0x00 ([NUL])
< 0x00 ([NUL])
< 0x00 ([NUL])
< 0x00 ([NUL])
< 0x00 ([NUL])
< 0x00 ([NUL])
< 0x00 ([NUL])
< 0x00 ([NUL])
< 0x00 ([NUL])
< 0x00 ([NUL])
< 0x00 ([NUL])
< 0x00 ([NUL])
< 0x00 ([NUL])
< 0x00 ([NUL])
< 0x00 ([NUL])
< 0x00 ([NUL])
< 0x00 ([NUL])
< 0x00 ([NUL])
< 0x00 ([NUL])
< 0x00 ([NUL])
< 0x00 ([NUL])
< 0x00 ([NUL])
< 0x00 ([NUL])
< 0x00 ([NUL])
< 0x00 ([NUL])
< 0x00 ([NUL])
< 0x00 ([NUL])
< 0x00 ([NUL])
< 0x00 ([NUL])
< 0x00 ([NUL])
< 0x00 ([NUL])
< 0x00 ([NUL])
< 0x00 ([NUL])
< 0x00 ([NUL])
< 0x00 ([NUL])
< 0x00 ([NUL])
< 0x00 ([NUL])
< 0x00 ([NUL])
< 0x00 ([NUL])
< 0x00 ([NUL])
< 0x00 ([NUL])
< 0x00 ([NUL])
< 0x00 ([NUL])
< 0x00 ([NUL])
< 0x00 ([NUL])
< 0x00 ([NUL])
< 0x00 ([NUL])
< 0x00 ([NUL])
< 0x00 ([NUL])
< 0x00 ([NUL])
< 0x00 ([NUL])
< 0x00 ([NUL])
< 0x00 ([NUL])
< 0x00 ([NUL])
< 0x00 ([NUL])
< 0x00 ([NUL])
< 0x00 ([NUL])
< 0x00 ([NUL])
< 0x00 ([NUL])
< 0x00 ([NUL])
< 0x00 ([NUL])
< 0x00 ([NUL])
< 0x00 ([NUL])
< 0x00 ([NUL])
< 0x00 ([NUL])
< 0x00 ([NUL])
< 0x00 ([NUL])
< 0x00 ([NUL])
< 0x00 ([NUL])
< 0x00 ([NUL])
< 0x00 ([NUL])
< 0x00 ([NUL])
< 0x00 ([NUL])
< 0x00 ([NUL])
< 0x00 ([NUL])
< 0x00 ([NUL])
< 0x00 ([NUL])
< 0x00 ([NUL])
< 0x00 ([NUL])
< 0x00 ([NUL])
< 0x00 ([NUL])
< 0x00 ([NUL])
< 0x00 ([NUL])
< 0x00 ([NUL])
< 0x00 ([NUL])
< 0x00 ([NUL])
< 0x00 ([NUL])
< 0x00 ([NUL])
< 0x00 ([NUL])
< 0x00 ([NUL])
< 0x00 ([NUL])
< 0x00 ([NUL])
< 0x00 ([NUL])
< 0x00 ([NUL])
< 0x00 ([NUL])
< 0x00 ([NUL])
< 0x00 ([NUL])
< 0x00 ([NUL])
< 0x00 ([NUL])
< 0x00 ([NUL])
< 0x00 ([NUL])
< 0x00 ([NUL])
< 0x00 ([NUL])
< 0x00 ([NUL])
< 0x00 ([NUL])
< 0x00 ([NUL])
< 0x00 ([NUL])
< 0x00 ([NUL])
< 0x00 ([NUL])
< 0x00 ([NUL])
< 0x00 ([NUL])
< 0x00 ([NUL])
< 0x00 ([NUL])
< 0x00 ([NUL])
< 0x00 ([NUL])
< 0x00 ([NUL])
< 0x00 ([NUL])
< 0x00 ([NUL])
< 0x00 ([NUL])
< 0x00 ([NUL])
< 0x00 ([NUL])
< 0x00 ([NUL])
< 0x00 ([NUL])
< 0x00 ([NUL])
< 0x00 ([NUL])
< 0x00 ([NUL])
< 0x00 ([NUL])
< 0x00 ([NUL])
< 0x00 ([NUL])
< 0x00 ([NUL])
< 0x00 ([NUL])
< 0x00 ([NUL])
< 0x00 ([NUL])
< 0x00 ([NUL])
< 0x00 ([NUL])
< 0x00 ([NUL])
< 0x00 ([NUL])
< 0x00 ([NUL])
< 0x00 ([NUL])
< 0x00 ([NUL])
< 0x00 ([NUL])
< 0x00 ([NUL])
< 0x00 ([NUL])
< 0x00 ([NUL])
< 0x00 ([NUL])
< 0x00 ([NUL])
< 0x73 (s)
< 0x00 ([NUL])
< 0xff (?)
< 0x00 ([NUL])
< 0x8b (?)
< 0x01 ([SOH])
< 0x17 ([ETB])
< 0x02 ([STX])
< 0xa3 (?)
< 0x02 ([STX])
< 0x2f (/)
< 0x03 ([ETX])
< 0xbb (?)
< 0x03 ([ETX])
< 0x47 (G)
< 0x04 ([EOT])
< 0xd3 (?)
< 0x04 ([EOT])
< 0x5f (_)
< 0x05 ([ENQ])
< 0xeb (?)
< 0x05 ([ENQ])
< 0x77 (w)
< 0x06 ([ACK])
< 0x03 ([ETX])
< 0x07 ([BEL])
< 0x8f (?)
< 0x07 ([BEL])
< 0x1b ([ESC])
< 0x08 ([BS])
< 0xa7 (?)
< 0x08 ([BS])
< 0x00 ([NUL])
< 0x00 ([NUL])
< 0x00 ([NUL])
< 0x00 ([NUL])
< 0x00 ([NUL])
< 0x00 ([NUL])
< 0x00 ([NUL])
< 0x00 ([NUL])
< 0x00 ([NUL])
< 0x00 ([NUL])
< 0x00 ([NUL])
< 0x00 ([NUL])
< 0x00 ([NUL])
< 0x00 ([NUL])
< 0x00 ([NUL])
< 0x00 ([NUL])
< 0x00 ([NUL])
< 0x00 ([NUL])
< 0x00 ([NUL])
< 0x00 ([NUL])
< 0x00 ([NUL])
< 0x00 ([NUL])
< 0x00 ([NUL])
< 0x00 ([NUL])
< 0x00 ([NUL])
< 0x00 ([NUL])
< 0x00 ([NUL])
< 0x00 ([NUL])
< 0x20 ( )
< 0x20 ( )
< 0x20 ( )
< 0x20 ( )
< 0x20 ( )
< 0x20 ( )
< 0x20 ( )
< 0x20 ( )
< 0x18 ([CAN])
< 0x00 ([NUL])
< 0x10 ([DLE])
< 0x00 ([NUL])
< 0x00 ([NUL])
< 0x00 ([NUL])
< 0x00 ([NUL])
< 0x00 ([NUL])
< 0x00 ([NUL])
< 0x02 ([STX])
< 0x04 ([EOT])
< 0x06 ([ACK])
< 0x08 ([BS])
< 0x0a ([LF])
< 0x0c ([FF])
< 0x0e ([SO])
< 0x10 ([DLE])
< 0x12 ([DC2])
< 0x14 ([DC4])
< 0x16 ([SYN])
< 0x18 ([CAN])
< 0x1a ([SUB])
< 0x1c ([FS])
< 0x1e ([RS])
< 0x20 ( )
< 0x20 ( )
< 0x20 ( )
< 0x20 ( )
< 0x20 ( )
< 0x20 ( )
< 0x00 ([NUL])
< 0x00 ([NUL])
< 0x00 ([NUL])
< 0x00 ([NUL])
< 0x00 ([NUL])
< 0x00 ([NUL])
< 0x00 ([NUL])
< 0x00 ([NUL])
< 0x00 ([NUL])
< 0x00 ([NUL])
< 0x00 ([NUL])
< 0x00 ([NUL])
< 0x00 ([NUL])
< 0x00 ([NUL])
< 0x00 ([NUL])
< 0x00 ([NUL])
< 0x04 ([EOT])
< 0x01 ([SOH])
< 0x00 ([NUL])
< 0x44 (D)
< 0x01 ([SOH])
< 0x01 ([SOH])
< 0x1e ([RS])
< 0x1e ([RS])
< 0x00 ([NUL])
< 0x00 ([NUL])
< 0x80 (?)
< 0x00 ([NUL])
< 0x00 ([NUL])
< 0x00 ([NUL])
< 0x00 ([NUL])
< 0x00 ([NUL])
< 0x00 ([NUL])
< 0x00 ([NUL])
< 0x00 ([NUL])
< 0x00 ([NUL])
< 0x00 ([NUL])
< 0x00 ([NUL])
< 0x00 ([NUL])
< 0x00 ([NUL])
< 0x00 ([NUL])
< 0x00 ([NUL])
< 0x00 ([NUL])
< 0x00 ([NUL])
< 0x00 ([NUL])
< 0x00 ([NUL])
< 0x00 ([NUL])
< 0x00 ([NUL])
< 0x00 ([NUL])
< 0x00 ([NUL])
< 0x00 ([NUL])
< 0x00 ([NUL])
< 0x00 ([NUL])
< 0x00 ([NUL])
< 0x00 ([NUL])
< 0x00 ([NUL])
< 0x00 ([NUL])
< 0x00 ([NUL])
< 0x00 ([NUL])
< 0x00 ([NUL])
< 0x00 ([NUL])
< 0x00 ([NUL])
< 0x00 ([NUL])
< 0x00 ([NUL])
< 0x00 ([NUL])
< 0x00 ([NUL])
< 0x00 ([NUL])
< 0x00 ([NUL])
< 0x00 ([NUL])
< 0x00 ([NUL])
< 0x00 ([NUL])
< 0x00 ([NUL])
< 0x00 ([NUL])
< 0x00 ([NUL])
< 0x00 ([NUL])
< 0x00 ([NUL])
< 0x00 ([NUL])
< 0x00 ([NUL])
< 0x00 ([NUL])
< 0x00 ([NUL])
< 0x00 ([NUL])
< 0x00 ([NUL])
< 0x00 ([NUL])
< 0x00 ([NUL])
< 0x00 ([NUL])
< 0x00 ([NUL])
< 0x00 ([NUL])
< 0x00 ([NUL])
< 0x01 ([SOH])
< 0x01 ([SOH])
< 0x1e ([RS])
< 0x1e ([RS])
< 0x37 (7)
< 0x37 (7)
< 0x00 ([NUL])
< 0x00 ([NUL])
< 0x37 (7)
< 0x37 (7)
< 0x00 ([NUL])
< 0x00 ([NUL])
< 0x37 (7)
< 0x37 (7)
< 0x00 ([NUL])
< 0x00 ([NUL])
< 0x37 (7)
< 0x37 (7)
< 0x00 ([NUL])
< 0x00 ([NUL])
< 0x37 (7)
< 0x37 (7)
< 0x00 ([NUL])
< 0x00 ([NUL])
< 0x37 (7)
< 0x37 (7)
< 0x00 ([NUL])
< 0x00 ([NUL])
< 0x37 (7)
< 0x37 (7)
< 0x00 ([NUL])
< 0x00 ([NUL])
< 0x37 (7)
< 0x37 (7)
< 0x00 ([NUL])
< 0x00 ([NUL])
< 0x37 (7)
< 0x37 (7)
< 0x00 ([NUL])
< 0x00 ([NUL])
< 0x37 (7)
< 0x37 (7)
< 0x00 ([NUL])
< 0x00 ([NUL])
< 0x37 (7)
< 0x37 (7)
< 0x00 ([NUL])
< 0x00 ([NUL])
< 0x37 (7)
< 0x37 (7)
< 0x00 ([NUL])
< 0x00 ([NUL])
< 0x37 (7)
< 0x37 (7)
< 0x00 ([NUL])
< 0x00 ([NUL])
< 0x37 (7)
< 0x37 (7)
< 0x00 ([NUL])
< 0x00 ([NUL])
< 0x37 (7)
< 0x37 (7)
< 0x00 ([NUL])
< 0x00 ([NUL])
< 0x37 (7)
< 0x37 (7)
< 0x00 ([NUL])
< 0x00 ([NUL])
< 0x04 ([EOT])
< 0x01 ([SOH])
< 0x00 ([NUL])
< 0x44 (D)
< 0x01 ([SOH])
< 0x01 ([SOH])
< 0x1e ([RS])
< 0x1e ([RS])
< 0x00 ([NUL])
< 0x00 ([NUL])
< 0x80 (?)
< 0x00 ([NUL])
< 0x00 ([NUL])
< 0x00 ([NUL])
< 0x00 ([NUL])
< 0x00 ([NUL])
< 0x00 ([NUL])
< 0x00 ([NUL])
< 0x00 ([NUL])
< 0x00 ([NUL])
< 0x00 ([NUL])
< 0x00 ([NUL])
< 0x00 ([NUL])
< 0x00 ([NUL])
< 0x00 ([NUL])
< 0x00 ([NUL])
< 0x00 ([NUL])
< 0x00 ([NUL])
< 0x00 ([NUL])
< 0x00 ([NUL])
< 0x00 ([NUL])
< 0x00 ([NUL])
< 0x00 ([NUL])
< 0x00 ([NUL])
< 0x00 ([NUL])
< 0x00 ([NUL])
< 0x00 ([NUL])
< 0x00 ([NUL])
< 0x00 ([NUL])
< 0x00 ([NUL])
< 0x00 ([NUL])
< 0x00 ([NUL])
< 0x00 ([NUL])
< 0x00 ([NUL])
< 0x00 ([NUL])
< 0x00 ([NUL])
< 0x00 ([NUL])
< 0x00 ([NUL])
< 0x00 ([NUL])
< 0x00 ([NUL])
< 0x00 ([NUL])
< 0x00 ([NUL])
< 0x00 ([NUL])
< 0x00 ([NUL])
< 0x00 ([NUL])
< 0x00 ([NUL])
< 0x00 ([NUL])
< 0x00 ([NUL])
< 0x00 ([NUL])
< 0x00 ([NUL])
< 0x00 ([NUL])
< 0x00 ([NUL])
< 0x00 ([NUL])
< 0x00 ([NUL])
< 0x00 ([NUL])
< 0x00 ([NUL])
< 0x00 ([NUL])
< 0x00 ([NUL])
< 0x00 ([NUL])
< 0x00 ([NUL])
< 0x00 ([NUL])
< 0x00 ([NUL])
< 0x01 ([SOH])
< 0x01 ([SOH])
< 0x1e ([RS])
< 0x1e ([RS])
< 0x37 (7)
< 0x37 (7)
< 0x00 ([NUL])
< 0x00 ([NUL])
< 0x37 (7)
< 0x37 (7)
< 0x00 ([NUL])
< 0x00 ([NUL])
< 0x37 (7)
< 0x37 (7)
< 0x00 ([NUL])
< 0x00 ([NUL])
< 0x37 (7)
< 0x37 (7)
< 0x00 ([NUL])
< 0x00 ([NUL])
< 0x37 (7)
< 0x37 (7)
< 0x00 ([NUL])
< 0x00 ([NUL])
< 0x37 (7)
< 0x37 (7)
< 0x00 ([NUL])
< 0x00 ([NUL])
< 0x37 (7)
< 0x37 (7)
< 0x00 ([NUL])
< 0x00 ([NUL])
< 0x37 (7)
< 0x37 (7)
< 0x00 ([NUL])
< 0x00 ([NUL])
< 0x37 (7)
< 0x37 (7)
< 0x00 ([NUL])
< 0x00 ([NUL])
< 0x37 (7)
< 0x37 (7)
< 0x00 ([NUL])
< 0x00 ([NUL])
< 0x37 (7)
< 0x37 (7)
< 0x00 ([NUL])
< 0x00 ([NUL])
< 0x37 (7)
< 0x37 (7)
< 0x00 ([NUL])
< 0x00 ([NUL])
< 0x37 (7)
< 0x37 (7)
< 0x00 ([NUL])
< 0x00 ([NUL])
< 0x37 (7)
< 0x37 (7)
< 0x00 ([NUL])
< 0x00 ([NUL])
< 0x37 (7)
< 0x37 (7)
< 0x00 ([NUL])
< 0x00 ([NUL])
< 0x37 (7)
< 0x37 (7)
< 0x00 ([NUL])
< 0x00 ([NUL])
< 0x04 ([EOT])
< 0x01 ([SOH])
< 0x00 ([NUL])
< 0x44 (D)
< 0x01 ([SOH])
< 0x01 ([SOH])
< 0x1e ([RS])
< 0x1e ([RS])
< 0x00 ([NUL])
< 0x00 ([NUL])
< 0x80 (?)
< 0x00 ([NUL])
< 0x00 ([NUL])
< 0x00 ([NUL])
< 0x00 ([NUL])
< 0x00 ([NUL])
< 0x00 ([NUL])
< 0x00 ([NUL])
< 0x00 ([NUL])
< 0x00 ([NUL])
< 0x00 ([NUL])
< 0x00 ([NUL])
< 0x00 ([NUL])
< 0x00 ([NUL])
< 0x00 ([NUL])
< 0x00 ([NUL])
< 0x00 ([NUL])
< 0x00 ([NUL])
< 0x00 ([NUL])
< 0x00 ([NUL])
< 0x00 ([NUL])
< 0x00 ([NUL])
< 0x00 ([NUL])
< 0x00 ([NUL])
< 0x00 ([NUL])
< 0x00 ([NUL])
< 0x00 ([NUL])
< 0x00 ([NUL])
< 0x00 ([NUL])
< 0x00 ([NUL])
< 0x00 ([NUL])
< 0x00 ([NUL])
< 0x00 ([NUL])
< 0x00 ([NUL])
< 0x00 ([NUL])
< 0x00 ([NUL])
< 0x00 ([NUL])
< 0x00 ([NUL])
< 0x00 ([NUL])
< 0x00 ([NUL])
< 0x00 ([NUL])
< 0x00 ([NUL])
< 0x00 ([NUL])
< 0x00 ([NUL])
< 0x00 ([NUL])
< 0x00 ([NUL])
< 0x00 ([NUL])
< 0x00 ([NUL])
< 0x00 ([NUL])
< 0x00 ([NUL])
< 0x00 ([NUL])
< 0x00 ([NUL])
< 0x00 ([NUL])
< 0x00 ([NUL])
< 0x00 ([NUL])
< 0x00 ([NUL])
< 0x00 ([NUL])
< 0x00 ([NUL])
< 0x00 ([NUL])
< 0x00 ([NUL])
< 0x00 ([NUL])
< 0x00 ([NUL])
< 0x01 ([SOH])
< 0x01 ([SOH])
< 0x1e ([RS])
< 0x1e ([RS])
< 0x37 (7)
< 0x37 (7)
< 0x00 ([NUL])
< 0x00 ([NUL])
< 0x37 (7)
< 0x37 (7)
< 0x00 ([NUL])
< 0x00 ([NUL])
< 0x37 (7)
< 0x37 (7)
< 0x00 ([NUL])
< 0x00 ([NUL])
< 0x37 (7)
< 0x37 (7)
< 0x00 ([NUL])
< 0x00 ([NUL])
< 0x37 (7)
< 0x37 (7)
< 0x00 ([NUL])
< 0x00 ([NUL])
< 0x37 (7)
< 0x37 (7)
< 0x00 ([NUL])
< 0x00 ([NUL])
< 0x37 (7)
< 0x37 (7)
< 0x00 ([NUL])
< 0x00 ([NUL])
< 0x37 (7)
< 0x37 (7)
< 0x00 ([NUL])
< 0x00 ([NUL])
< 0x37 (7)
< 0x37 (7)
< 0x00 ([NUL])
< 0x00 ([NUL])
< 0x37 (7)
< 0x37 (7)
< 0x00 ([NUL])
< 0x00 ([NUL])
< 0x37 (7)
< 0x37 (7)
< 0x00 ([NUL])
< 0x00 ([NUL])
< 0x37 (7)
< 0x37 (7)
< 0x00 ([NUL])
< 0x00 ([NUL])
< 0x37 (7)
< 0x37 (7)
< 0x00 ([NUL])
< 0x00 ([NUL])
< 0x37 (7)
< 0x37 (7)
< 0x00 ([NUL])
< 0x00 ([NUL])
< 0x37 (7)
< 0x37 (7)
< 0x00 ([NUL])
< 0x00 ([NUL])
< 0x37 (7)
< 0x37 (7)
< 0x00 ([NUL])
< 0x00 ([NUL])
< 0x04 ([EOT])
< 0x01 ([SOH])
< 0x00 ([NUL])
< 0x44 (D)
< 0x01 ([SOH])
< 0x01 ([SOH])
< 0x1e ([RS])
< 0x1e ([RS])
< 0x00 ([NUL])
< 0x00 ([NUL])
< 0x80 (?)
< 0x00 ([NUL])
< 0x00 ([NUL])
< 0x00 ([NUL])
< 0x00 ([NUL])
< 0x00 ([NUL])
< 0x00 ([NUL])
< 0x00 ([NUL])
< 0x00 ([NUL])
< 0x00 ([NUL])
< 0x00 ([NUL])
< 0x00 ([NUL])
< 0x00 ([NUL])
< 0x00 ([NUL])
< 0x00 ([NUL])
< 0x00 ([NUL])
< 0x00 ([NUL])
< 0x00 ([NUL])
< 0x00 ([NUL])
< 0x00 ([NUL])
< 0x00 ([NUL])
< 0x00 ([NUL])
< 0x00 ([NUL])
< 0x00 ([NUL])
< 0x00 ([NUL])
< 0x00 ([NUL])
< 0x00 ([NUL])
< 0x00 ([NUL])
< 0x00 ([NUL])
< 0x00 ([NUL])
< 0x00 ([NUL])
< 0x00 ([NUL])
< 0x00 ([NUL])
< 0x00 ([NUL])
< 0x00 ([NUL])
< 0x00 ([NUL])
< 0x00 ([NUL])
< 0x00 ([NUL])
< 0x00 ([NUL])
< 0x00 ([NUL])
< 0x00 ([NUL])
< 0x00 ([NUL])
< 0x00 ([NUL])
< 0x00 ([NUL])
< 0x00 ([NUL])
< 0x00 ([NUL])
< 0x00 ([NUL])
< 0x00 ([NUL])
< 0x00 ([NUL])
< 0x00 ([NUL])
< 0x00 ([NUL])
< 0x00 ([NUL])
< 0x00 ([NUL])
< 0x00 ([NUL])
< 0x00 ([NUL])
< 0x00 ([NUL])
< 0x00 ([NUL])
< 0x00 ([NUL])
< 0x00 ([NUL])
< 0x00 ([NUL])
< 0x00 ([NUL])
< 0x00 ([NUL])
< 0x01 ([SOH])
< 0x01 ([SOH])
< 0x1e ([RS])
< 0x1e ([RS])
< 0x37 (7)
< 0x37 (7)
< 0x00 ([NUL])
< 0x00 ([NUL])
< 0x37 (7)
< 0x37 (7)
< 0x00 ([NUL])
< 0x00 ([NUL])
< 0x37 (7)
< 0x37 (7)
< 0x00 ([NUL])
< 0x00 ([NUL])
< 0x37 (7)
< 0x37 (7)
< 0x00 ([NUL])
< 0x00 ([NUL])
< 0x37 (7)
< 0x37 (7)
< 0x00 ([NUL])
< 0x00 ([NUL])
< 0x37 (7)
< 0x37 (7)
< 0x00 ([NUL])
< 0x00 ([NUL])
< 0x37 (7)
< 0x37 (7)
< 0x00 ([NUL])
< 0x00 ([NUL])
< 0x37 (7)
< 0x37 (7)
< 0x00 ([NUL])
< 0x00 ([NUL])
< 0x37 (7)
< 0x37 (7)
< 0x00 ([NUL])
< 0x00 ([NUL])
< 0x37 (7)
< 0x37 (7)
< 0x00 ([NUL])
< 0x00 ([NUL])
< 0x37 (7)
< 0x37 (7)
< 0x00 ([NUL])
< 0x00 ([NUL])
< 0x37 (7)
< 0x37 (7)
< 0x00 ([NUL])
< 0x00 ([NUL])
< 0x37 (7)
< 0x37 (7)
< 0x00 ([NUL])
< 0x00 ([NUL])
< 0x37 (7)
< 0x37 (7)
< 0x00 ([NUL])
< 0x00 ([NUL])
< 0x37 (7)
< 0x37 (7)
< 0x00 ([NUL])
< 0x00 ([NUL])
< 0x37 (7)
< 0x37 (7)
< 0x00 ([NUL])
< 0x00 ([NUL])
< 0x04 ([EOT])
< 0x01 ([SOH])
< 0x00 ([NUL])
< 0x44 (D)
< 0x01 ([SOH])
< 0x01 ([SOH])
< 0x1e ([RS])
< 0x1e ([RS])
< 0x00 ([NUL])
< 0x00 ([NUL])
< 0x80 (?)
< 0x00 ([NUL])
< 0x00 ([NUL])
< 0x00 ([NUL])
< 0x00 ([NUL])
< 0x00 ([NUL])
< 0x00 ([NUL])
< 0x00 ([NUL])
< 0x00 ([NUL])
< 0x00 ([NUL])
< 0x00 ([NUL])
< 0x00 ([NUL])
< 0x00 ([NUL])
< 0x00 ([NUL])
< 0x00 ([NUL])
< 0x00 ([NUL])
< 0x00 ([NUL])
< 0x00 ([NUL])
< 0x00 ([NUL])
< 0x00 ([NUL])
< 0x00 ([NUL])
< 0x00 ([NUL])
< 0x00 ([NUL])
< 0x00 ([NUL])
< 0x00 ([NUL])
< 0x00 ([NUL])
< 0x00 ([NUL])
< 0x00 ([NUL])
< 0x00 ([NUL])
< 0x00 ([NUL])
< 0x00 ([NUL])
< 0x00 ([NUL])
< 0x00 ([NUL])
< 0x00 ([NUL])
< 0x00 ([NUL])
< 0x00 ([NUL])
< 0x00 ([NUL])
< 0x00 ([NUL])
< 0x00 ([NUL])
< 0x00 ([NUL])
< 0x00 ([NUL])
< 0x00 ([NUL])
< 0x00 ([NUL])
< 0x00 ([NUL])
< 0x00 ([NUL])
< 0x00 ([NUL])
< 0x00 ([NUL])
< 0x00 ([NUL])
< 0x00 ([NUL])
< 0x00 ([NUL])
< 0x00 ([NUL])
< 0x00 ([NUL])
< 0x00 ([NUL])
< 0x00 ([NUL])
< 0x00 ([NUL])
< 0x00 ([NUL])
< 0x00 ([NUL])
< 0x00 ([NUL])
< 0x00 ([NUL])
< 0x00 ([NUL])
< 0x00 ([NUL])
< 0x00 ([NUL])
< 0x01 ([SOH])
< 0x01 ([SOH])
< 0x1e ([RS])
< 0x1e ([RS])
< 0x37 (7)
< 0x37 (7)
< 0x00 ([NUL])
< 0x00 ([NUL])
< 0x37 (7)
< 0x37 (7)
< 0x00 ([NUL])
< 0x00 ([NUL])
< 0x37 (7)
< 0x37 (7)
< 0x00 ([NUL])
< 0x00 ([NUL])
< 0x37 (7)
< 0x37 (7)
< 0x00 ([NUL])
< 0x00 ([NUL])
< 0x37 (7)
< 0x37 (7)
< 0x00 ([NUL])
< 0x00 ([NUL])
< 0x37 (7)
< 0x37 (7)
< 0x00 ([NUL])
< 0x00 ([NUL])
< 0x37 (7)
< 0x37 (7)
< 0x00 ([NUL])
< 0x00 ([NUL])
< 0x37 (7)
< 0x37 (7)
< 0x00 ([NUL])
< 0x00 ([NUL])
< 0x37 (7)
< 0x37 (7)
< 0x00 ([NUL])
< 0x00 ([NUL])
< 0x37 (7)
< 0x37 (7)
< 0x00 ([NUL])
< 0x00 ([NUL])
< 0x37 (7)
< 0x37 (7)
< 0x00 ([NUL])
< 0x00 ([NUL])
< 0x37 (7)
< 0x37 (7)
< 0x00 ([NUL])
< 0x00 ([NUL])
< 0x37 (7)
< 0x37 (7)
< 0x00 ([NUL])
< 0x00 ([NUL])
< 0x37 (7)
< 0x37 (7)
< 0x00 ([NUL])
< 0x00 ([NUL])
< 0x37 (7)
< 0x37 (7)
< 0x00 ([NUL])
< 0x00 ([NUL])
< 0x37 (7)
< 0x37 (7)
< 0x00 ([NUL])
< 0x00 ([NUL])
< 0x04 ([EOT])
< 0x01 ([SOH])
< 0x00 ([NUL])
< 0x44 (D)
< 0x01 ([SOH])
< 0x01 ([SOH])
< 0x1e ([RS])
< 0x1e ([RS])
< 0x00 ([NUL])
< 0x00 ([NUL])
< 0x80 (?)
< 0x00 ([NUL])
< 0x00 ([NUL])
< 0x00 ([NUL])
< 0x00 ([NUL])
< 0x00 ([NUL])
< 0x00 ([NUL])
< 0x00 ([NUL])
< 0x00 ([NUL])
< 0x00 ([NUL])
< 0x00 ([NUL])
< 0x00 ([NUL])
< 0x00 ([NUL])
< 0x00 ([NUL])
< 0x00 ([NUL])
< 0x00 ([NUL])
< 0x00 ([NUL])
< 0x00 ([NUL])
< 0x00 ([NUL])
< 0x00 ([NUL])
< 0x00 ([NUL])
< 0x00 ([NUL])
< 0x00 ([NUL])
< 0x00 ([NUL])
< 0x00 ([NUL])
< 0x00 ([NUL])
< 0x00 ([NUL])
< 0x00 ([NUL])
< 0x00 ([NUL])
< 0x00 ([NUL])
< 0x00 ([NUL])
< 0x00 ([NUL])
< 0x00 ([NUL])
< 0x00 ([NUL])
< 0x00 ([NUL])
< 0x00 ([NUL])
< 0x00 ([NUL])
< 0x00 ([NUL])
< 0x00 ([NUL])
< 0x00 ([NUL])
< 0x00 ([NUL])
< 0x00 ([NUL])
< 0x00 ([NUL])
< 0x00 ([NUL])
< 0x00 ([NUL])
< 0x00 ([NUL])
< 0x00 ([NUL])
< 0x00 ([NUL])
< 0x00 ([NUL])
< 0x00 ([NUL])
< 0x00 ([NUL])
< 0x00 ([NUL])
< 0x00 ([NUL])
< 0x00 ([NUL])
< 0x00 ([NUL])
< 0x00 ([NUL])
< 0x00 ([NUL])
< 0x00 ([NUL])
< 0x00 ([NUL])
< 0x00 ([NUL])
< 0x00 ([NUL])
< 0x00 ([NUL])
< 0x01 ([SOH])
< 0x01 ([SOH])
< 0x1e ([RS])
< 0x1e ([RS])
< 0x37 (7)
< 0x37 (7)
< 0x00 ([NUL])
< 0x00 ([NUL])
< 0x37 (7)
< 0x37 (7)
< 0x00 ([NUL])
< 0x00 ([NUL])
< 0x37 (7)
< 0x37 (7)
< 0x00 ([NUL])
< 0x00 ([NUL])
< 0x37 (7)
< 0x37 (7)
< 0x00 ([NUL])
< 0x00 ([NUL])
< 0x37 (7)
< 0x37 (7)
< 0x00 ([NUL])
< 0x00 ([NUL])
< 0x37 (7)
< 0x37 (7)
< 0x00 ([NUL])
< 0x00 ([NUL])
< 0x37 (7)
< 0x37 (7)
< 0x00 ([NUL])
< 0x00 ([NUL])
< 0x37 (7)
< 0x37 (7)
< 0x00 ([NUL])
< 0x00 ([NUL])
< 0x37 (7)
< 0x37 (7)
< 0x00 ([NUL])
< 0x00 ([NUL])
< 0x37 (7)
< 0x37 (7)
< 0x00 ([NUL])
< 0x00 ([NUL])
< 0x37 (7)
< 0x37 (7)
< 0x00 ([NUL])
< 0x00 ([NUL])
< 0x37 (7)
< 0x37 (7)
< 0x00 ([NUL])
< 0x00 ([NUL])
< 0x37 (7)
< 0x37 (7)
< 0x00 ([NUL])
< 0x00 ([NUL])
< 0x37 (7)
< 0x37 (7)
< 0x00 ([NUL])
< 0x00 ([NUL])
< 0x37 (7)
< 0x37 (7)
< 0x00 ([NUL])
< 0x00 ([NUL])
< 0x37 (7)
< 0x37 (7)
< 0x00 ([NUL])
< 0x00 ([NUL])
< 0x04 ([EOT])
< 0x01 ([SOH])
< 0x00 ([NUL])
< 0x44 (D)
< 0x01 ([SOH])
< 0x01 ([SOH])
< 0x1e ([RS])
< 0x1e ([RS])
< 0x00 ([NUL])
< 0x00 ([NUL])
< 0x80 (?)
< 0x00 ([NUL])
< 0x00 ([NUL])
< 0x00 ([NUL])
< 0x00 ([NUL])
< 0x00 ([NUL])
< 0x00 ([NUL])
< 0x00 ([NUL])
< 0x00 ([NUL])
< 0x00 ([NUL])
< 0x00 ([NUL])
< 0x00 ([NUL])
< 0x00 ([NUL])
< 0x00 ([NUL])
< 0x00 ([NUL])
< 0x00 ([NUL])
< 0x00 ([NUL])
< 0x00 ([NUL])
< 0x00 ([NUL])
< 0x00 ([NUL])
< 0x00 ([NUL])
< 0x00 ([NUL])
< 0x00 ([NUL])
< 0x00 ([NUL])
< 0x00 ([NUL])
< 0x00 ([NUL])
< 0x00 ([NUL])
< 0x00 ([NUL])
< 0x00 ([NUL])
< 0x00 ([NUL])
< 0x00 ([NUL])
< 0x00 ([NUL])
< 0x00 ([NUL])
< 0x00 ([NUL])
< 0x00 ([NUL])
< 0x00 ([NUL])
< 0x00 ([NUL])
< 0x00 ([NUL])
< 0x00 ([NUL])
< 0x00 ([NUL])
< 0x00 ([NUL])
< 0x00 ([NUL])
< 0x00 ([NUL])
< 0x00 ([NUL])
< 0x00 ([NUL])
< 0x00 ([NUL])
< 0x00 ([NUL])
< 0x00 ([NUL])
< 0x00 ([NUL])
< 0x00 ([NUL])
< 0x00 ([NUL])
< 0x00 ([NUL])
< 0x00 ([NUL])
< 0x00 ([NUL])
< 0x00 ([NUL])
< 0x00 ([NUL])
< 0x00 ([NUL])
< 0x00 ([NUL])
< 0x00 ([NUL])
< 0x00 ([NUL])
< 0x00 ([NUL])
< 0x00 ([NUL])
< 0x01 ([SOH])
< 0x01 ([SOH])
< 0x1e ([RS])
< 0x1e ([RS])
< 0x37 (7)
< 0x37 (7)
< 0x00 ([NUL])
< 0x00 ([NUL])
< 0x37 (7)
< 0x37 (7)
< 0x00 ([NUL])
< 0x00 ([NUL])
< 0x37 (7)
< 0x37 (7)
< 0x00 ([NUL])
< 0x00 ([NUL])
< 0x37 (7)
< 0x37 (7)
< 0x00 ([NUL])
< 0x00 ([NUL])
< 0x37 (7)
< 0x37 (7)
< 0x00 ([NUL])
< 0x00 ([NUL])
< 0x37 (7)
< 0x37 (7)
< 0x00 ([NUL])
< 0x00 ([NUL])
< 0x37 (7)
< 0x37 (7)
< 0x00 ([NUL])
< 0x00 ([NUL])
< 0x37 (7)
< 0x37 (7)
< 0x00 ([NUL])
< 0x00 ([NUL])
< 0x37 (7)
< 0x37 (7)
< 0x00 ([NUL])
< 0x00 ([NUL])
< 0x37 (7)
< 0x37 (7)
< 0x00 ([NUL])
< 0x00 ([NUL])
< 0x37 (7)
< 0x37 (7)
< 0x00 ([NUL])
< 0x00 ([NUL])
< 0x37 (7)
< 0x37 (7)
< 0x00 ([NUL])
< 0x00 ([NUL])
< 0x37 (7)
< 0x37 (7)
< 0x00 ([NUL])
< 0x00 ([NUL])
< 0x37 (7)
< 0x37 (7)
< 0x00 ([NUL])
< 0x00 ([NUL])
< 0x37 (7)
< 0x37 (7)
< 0x00 ([NUL])
< 0x00 ([NUL])
< 0x37 (7)
< 0x37 (7)
< 0x00 ([NUL])
< 0x00 ([NUL])
< 0x04 ([EOT])
< 0x01 ([SOH])
< 0x00 ([NUL])
< 0x44 (D)
< 0x01 ([SOH])
< 0x01 ([SOH])
< 0x1e ([RS])
< 0x1e ([RS])
< 0x00 ([NUL])
< 0x00 ([NUL])
< 0x80 (?)
< 0x00 ([NUL])
< 0x00 ([NUL])
< 0x00 ([NUL])
< 0x00 ([NUL])
< 0x00 ([NUL])
< 0x00 ([NUL])
< 0x00 ([NUL])
< 0x00 ([NUL])
< 0x00 ([NUL])
< 0x00 ([NUL])
< 0x00 ([NUL])
< 0x00 ([NUL])
< 0x00 ([NUL])
< 0x00 ([NUL])
< 0x00 ([NUL])
< 0x00 ([NUL])
< 0x00 ([NUL])
< 0x00 ([NUL])
< 0x00 ([NUL])
< 0x00 ([NUL])
< 0x00 ([NUL])
< 0x00 ([NUL])
< 0x00 ([NUL])
< 0x00 ([NUL])
< 0x00 ([NUL])
< 0x00 ([NUL])
< 0x00 ([NUL])
< 0x00 ([NUL])
< 0x00 ([NUL])
< 0x00 ([NUL])
< 0x00 ([NUL])
< 0x00 ([NUL])
< 0x00 ([NUL])
< 0x00 ([NUL])
< 0x00 ([NUL])
< 0x00 ([NUL])
< 0x00 ([NUL])
< 0x00 ([NUL])
< 0x00 ([NUL])
< 0x00 ([NUL])
< 0x00 ([NUL])
< 0x00 ([NUL])
< 0x00 ([NUL])
< 0x00 ([NUL])
< 0x00 ([NUL])
< 0x00 ([NUL])
< 0x00 ([NUL])
< 0x00 ([NUL])
< 0x00 ([NUL])
< 0x00 ([NUL])
< 0x00 ([NUL])
< 0x00 ([NUL])
< 0x00 ([NUL])
< 0x00 ([NUL])
< 0x00 ([NUL])
< 0x00 ([NUL])
< 0x00 ([NUL])
< 0x00 ([NUL])
< 0x00 ([NUL])
< 0x00 ([NUL])
< 0x00 ([NUL])
< 0x01 ([SOH])
< 0x01 ([SOH])
< 0x1e ([RS])
< 0x1e ([RS])
< 0x37 (7)
< 0x37 (7)
< 0x00 ([NUL])
< 0x00 ([NUL])
< 0x37 (7)
< 0x37 (7)
< 0x00 ([NUL])
< 0x00 ([NUL])
< 0x37 (7)
< 0x37 (7)
< 0x00 ([NUL])
< 0x00 ([NUL])
< 0x37 (7)
< 0x37 (7)
< 0x00 ([NUL])
< 0x00 ([NUL])
< 0x37 (7)
< 0x37 (7)
< 0x00 ([NUL])
< 0x00 ([NUL])
< 0x37 (7)
< 0x37 (7)
< 0x00 ([NUL])
< 0x00 ([NUL])
< 0x37 (7)
< 0x37 (7)
< 0x00 ([NUL])
< 0x00 ([NUL])
< 0x37 (7)
< 0x37 (7)
< 0x00 ([NUL])
< 0x00 ([NUL])
< 0x37 (7)
< 0x37 (7)
< 0x00 ([NUL])
< 0x00 ([NUL])
< 0x37 (7)
< 0x37 (7)
< 0x00 ([NUL])
< 0x00 ([NUL])
< 0x37 (7)
< 0x37 (7)
< 0x00 ([NUL])
< 0x00 ([NUL])
< 0x37 (7)
< 0x37 (7)
< 0x00 ([NUL])
< 0x00 ([NUL])
< 0x37 (7)
< 0x37 (7)
< 0x00 ([NUL])
< 0x00 ([NUL])
< 0x37 (7)
< 0x37 (7)
< 0x00 ([NUL])
< 0x00 ([NUL])
< 0x37 (7)
< 0x37 (7)
< 0x00 ([NUL])
< 0x00 ([NUL])
< 0x37 (7)
< 0x37 (7)
< 0x00 ([NUL])
< 0x00 ([NUL])
< 0x04 ([EOT])
< 0x01 ([SOH])
< 0x00 ([NUL])
< 0x44 (D)
< 0x01 ([SOH])
< 0x01 ([SOH])
< 0x1e ([RS])
< 0x1e ([RS])
< 0x00 ([NUL])
< 0x00 ([NUL])
< 0x80 (?)
< 0x00 ([NUL])
< 0x00 ([NUL])
< 0x00 ([NUL])
< 0x00 ([NUL])
< 0x00 ([NUL])
< 0x00 ([NUL])
< 0x00 ([NUL])
< 0x00 ([NUL])
< 0x00 ([NUL])
< 0x00 ([NUL])
< 0x00 ([NUL])
< 0x00 ([NUL])
< 0x00 ([NUL])
< 0x00 ([NUL])
< 0x00 ([NUL])
< 0x00 ([NUL])
< 0x00 ([NUL])
< 0x00 ([NUL])
< 0x00 ([NUL])
< 0x00 ([NUL])
< 0x00 ([NUL])
< 0x00 ([NUL])
< 0x00 ([NUL])
< 0x00 ([NUL])
< 0x00 ([NUL])
< 0x00 ([NUL])
< 0x00 ([NUL])
< 0x00 ([NUL])
< 0x00 ([NUL])
< 0x00 ([NUL])
< 0x00 ([NUL])
< 0x00 ([NUL])
< 0x00 ([NUL])
< 0x00 ([NUL])
< 0x00 ([NUL])
< 0x00 ([NUL])
< 0x00 ([NUL])
< 0x00 ([NUL])
< 0x00 ([NUL])
< 0x00 ([NUL])
< 0x00 ([NUL])
< 0x00 ([NUL])
< 0x00 ([NUL])
< 0x00 ([NUL])
< 0x00 ([NUL])
< 0x00 ([NUL])
< 0x00 ([NUL])
< 0x00 ([NUL])
< 0x00 ([NUL])
< 0x00 ([NUL])
< 0x00 ([NUL])
< 0x00 ([NUL])
< 0x00 ([NUL])
< 0x00 ([NUL])
< 0x00 ([NUL])
< 0x00 ([NUL])
< 0x00 ([NUL])
< 0x00 ([NUL])
< 0x00 ([NUL])
< 0x00 ([NUL])
< 0x00 ([NUL])
< 0x01 ([SOH])
< 0x01 ([SOH])
< 0x1e ([RS])
< 0x1e ([RS])
< 0x37 (7)
< 0x37 (7)
< 0x00 ([NUL])
< 0x00 ([NUL])
< 0x37 (7)
< 0x37 (7)
< 0x00 ([NUL])
< 0x00 ([NUL])
< 0x37 (7)
< 0x37 (7)
< 0x00 ([NUL])
< 0x00 ([NUL])
< 0x37 (7)
< 0x37 (7)
< 0x00 ([NUL])
< 0x00 ([NUL])
< 0x37 (7)
< 0x37 (7)
< 0x00 ([NUL])
< 0x00 ([NUL])
< 0x37 (7)
< 0x37 (7)
< 0x00 ([NUL])
< 0x00 ([NUL])
< 0x37 (7)
< 0x37 (7)
< 0x00 ([NUL])
< 0x00 ([NUL])
< 0x37 (7)
< 0x37 (7)
< 0x00 ([NUL])
< 0x00 ([NUL])
< 0x37 (7)
< 0x37 (7)
< 0x00 ([NUL])
< 0x00 ([NUL])
< 0x37 (7)
< 0x37 (7)
< 0x00 ([NUL])
< 0x00 ([NUL])
< 0x37 (7)
< 0x37 (7)
< 0x00 ([NUL])
< 0x00 ([NUL])
< 0x37 (7)
< 0x37 (7)
< 0x00 ([NUL])
< 0x00 ([NUL])
< 0x37 (7)
< 0x37 (7)
< 0x00 ([NUL])
< 0x00 ([NUL])
< 0x37 (7)
< 0x37 (7)
< 0x00 ([NUL])
< 0x00 ([NUL])
< 0x37 (7)
< 0x37 (7)
< 0x00 ([NUL])
< 0x00 ([NUL])
< 0x37 (7)
< 0x37 (7)
< 0x00 ([NUL])
< 0x00 ([NUL])
< 0x04 ([EOT])
< 0x01 ([SOH])
< 0x00 ([NUL])
< 0x44 (D)
< 0x01 ([SOH])
< 0x01 ([SOH])
< 0x1e ([RS])
< 0x1e ([RS])
< 0x00 ([NUL])
< 0x00 ([NUL])
< 0x80 (?)
< 0x00 ([NUL])
< 0x00 ([NUL])
< 0x00 ([NUL])
< 0x00 ([NUL])
< 0x00 ([NUL])
< 0x00 ([NUL])
< 0x00 ([NUL])
< 0x00 ([NUL])
< 0x00 ([NUL])
< 0x00 ([NUL])
< 0x00 ([NUL])
< 0x00 ([NUL])
< 0x00 ([NUL])
< 0x00 ([NUL])
< 0x00 ([NUL])
< 0x00 ([NUL])
< 0x00 ([NUL])
< 0x00 ([NUL])
< 0x00 ([NUL])
< 0x00 ([NUL])
< 0x00 ([NUL])
< 0x00 ([NUL])
< 0x00 ([NUL])
< 0x00 ([NUL])
< 0x00 ([NUL])
< 0x00 ([NUL])
< 0x00 ([NUL])
< 0x00 ([NUL])
< 0x00 ([NUL])
< 0x00 ([NUL])
< 0x00 ([NUL])
< 0x00 ([NUL])
< 0x00 ([NUL])
< 0x00 ([NUL])
< 0x00 ([NUL])
< 0x00 ([NUL])
< 0x00 ([NUL])
< 0x00 ([NUL])
< 0x00 ([NUL])
< 0x00 ([NUL])
< 0x00 ([NUL])
< 0x00 ([NUL])
< 0x00 ([NUL])
< 0x00 ([NUL])
< 0x00 ([NUL])
< 0x00 ([NUL])
< 0x00 ([NUL])
< 0x00 ([NUL])
< 0x00 ([NUL])
< 0x00 ([NUL])
< 0x00 ([NUL])
< 0x00 ([NUL])
< 0x00 ([NUL])
< 0x00 ([NUL])
< 0x00 ([NUL])
< 0x00 ([NUL])
< 0x00 ([NUL])
< 0x00 ([NUL])
< 0x00 ([NUL])
< 0x00 ([NUL])
< 0x00 ([NUL])
< 0x01 ([SOH])
< 0x01 ([SOH])
< 0x1e ([RS])
< 0x1e ([RS])
< 0x37 (7)
< 0x37 (7)
< 0x00 ([NUL])
< 0x00 ([NUL])
< 0x37 (7)
< 0x37 (7)
< 0x00 ([NUL])
< 0x00 ([NUL])
< 0x37 (7)
< 0x37 (7)
< 0x00 ([NUL])
< 0x00 ([NUL])
< 0x37 (7)
< 0x37 (7)
< 0x00 ([NUL])
< 0x00 ([NUL])
< 0x37 (7)
< 0x37 (7)
< 0x00 ([NUL])
< 0x00 ([NUL])
< 0x37 (7)
< 0x37 (7)
< 0x00 ([NUL])
< 0x00 ([NUL])
< 0x37 (7)
< 0x37 (7)
< 0x00 ([NUL])
< 0x00 ([NUL])
< 0x37 (7)
< 0x37 (7)
< 0x00 ([NUL])
< 0x00 ([NUL])
< 0x37 (7)
< 0x37 (7)
< 0x00 ([NUL])
< 0x00 ([NUL])
< 0x37 (7)
< 0x37 (7)
< 0x00 ([NUL])
< 0x00 ([NUL])
< 0x37 (7)
< 0x37 (7)
< 0x00 ([NUL])
< 0x00 ([NUL])
< 0x37 (7)
< 0x37 (7)
< 0x00 ([NUL])
< 0x00 ([NUL])
< 0x37 (7)
< 0x37 (7)
< 0x00 ([NUL])
< 0x00 ([NUL])
< 0x37 (7)
< 0x37 (7)
< 0x00 ([NUL])
< 0x00 ([NUL])
< 0x37 (7)
< 0x37 (7)
< 0x00 ([NUL])
< 0x00 ([NUL])
< 0x37 (7)
< 0x37 (7)
< 0x00 ([NUL])
< 0x00 ([NUL])
< 0x04 ([EOT])
< 0x01 ([SOH])
< 0x00 ([NUL])
< 0x44 (D)
< 0x01 ([SOH])
< 0x01 ([SOH])
< 0x1e ([RS])
< 0x1e ([RS])
< 0x00 ([NUL])
< 0x00 ([NUL])
< 0x80 (?)
< 0x00 ([NUL])
< 0x00 ([NUL])
< 0x00 ([NUL])
< 0x00 ([NUL])
< 0x00 ([NUL])
< 0x00 ([NUL])
< 0x00 ([NUL])
< 0x00 ([NUL])
< 0x00 ([NUL])
< 0x00 ([NUL])
< 0x00 ([NUL])
< 0x00 ([NUL])
< 0x00 ([NUL])
< 0x00 ([NUL])
< 0x00 ([NUL])
< 0x00 ([NUL])
< 0x00 ([NUL])
< 0x00 ([NUL])
< 0x00 ([NUL])
< 0x00 ([NUL])
< 0x00 ([NUL])
< 0x00 ([NUL])
< 0x00 ([NUL])
< 0x00 ([NUL])
< 0x00 ([NUL])
< 0x00 ([NUL])
< 0x00 ([NUL])
< 0x00 ([NUL])
< 0x00 ([NUL])
< 0x00 ([NUL])
< 0x00 ([NUL])
< 0x00 ([NUL])
< 0x00 ([NUL])
< 0x00 ([NUL])
< 0x00 ([NUL])
< 0x00 ([NUL])
< 0x00 ([NUL])
< 0x00 ([NUL])
< 0x00 ([NUL])
< 0x00 ([NUL])
< 0x00 ([NUL])
< 0x00 ([NUL])
< 0x00 ([NUL])
< 0x00 ([NUL])
< 0x00 ([NUL])
< 0x00 ([NUL])
< 0x00 ([NUL])
< 0x00 ([NUL])
< 0x00 ([NUL])
< 0x00 ([NUL])
< 0x00 ([NUL])
< 0x00 ([NUL])
< 0x00 ([NUL])
< 0x00 ([NUL])
< 0x00 ([NUL])
< 0x00 ([NUL])
< 0x00 ([NUL])
< 0x00 ([NUL])
< 0x00 ([NUL])
< 0x00 ([NUL])
< 0x00 ([NUL])
< 0x01 ([SOH])
< 0x01 ([SOH])
< 0x1e ([RS])
< 0x1e ([RS])
< 0x37 (7)
< 0x37 (7)
< 0x00 ([NUL])
< 0x00 ([NUL])
< 0x37 (7)
< 0x37 (7)
< 0x00 ([NUL])
< 0x00 ([NUL])
< 0x37 (7)
< 0x37 (7)
< 0x00 ([NUL])
< 0x00 ([NUL])
< 0x37 (7)
< 0x37 (7)
< 0x00 ([NUL])
< 0x00 ([NUL])
< 0x37 (7)
< 0x37 (7)
< 0x00 ([NUL])
< 0x00 ([NUL])
< 0x37 (7)
< 0x37 (7)
< 0x00 ([NUL])
< 0x00 ([NUL])
< 0x37 (7)
< 0x37 (7)
< 0x00 ([NUL])
< 0x00 ([NUL])
< 0x37 (7)
< 0x37 (7)
< 0x00 ([NUL])
< 0x00 ([NUL])
< 0x37 (7)
< 0x37 (7)
< 0x00 ([NUL])
< 0x00 ([NUL])
< 0x37 (7)
< 0x37 (7)
< 0x00 ([NUL])
< 0x00 ([NUL])
< 0x37 (7)
< 0x37 (7)
< 0x00 ([NUL])
< 0x00 ([NUL])
< 0x37 (7)
< 0x37 (7)
< 0x00 ([NUL])
< 0x00 ([NUL])
< 0x37 (7)
< 0x37 (7)
< 0x00 ([NUL])
< 0x00 ([NUL])
< 0x37 (7)
< 0x37 (7)
< 0x00 ([NUL])
< 0x00 ([NUL])
< 0x37 (7)
< 0x37 (7)
< 0x00 ([NUL])
< 0x00 ([NUL])
< 0x37 (7)
< 0x37 (7)
< 0x00 ([NUL])
< 0x00 ([NUL])
< 0x04 ([EOT])
< 0x01 ([SOH])
< 0x00 ([NUL])
< 0x44 (D)
< 0x01 ([SOH])
< 0x01 ([SOH])
< 0x1e ([RS])
< 0x1e ([RS])
< 0x00 ([NUL])
< 0x00 ([NUL])
< 0x80 (?)
< 0x00 ([NUL])
< 0x00 ([NUL])
< 0x00 ([NUL])
< 0x00 ([NUL])
< 0x00 ([NUL])
< 0x00 ([NUL])
< 0x00 ([NUL])
< 0x00 ([NUL])
< 0x00 ([NUL])
< 0x00 ([NUL])
< 0x00 ([NUL])
< 0x00 ([NUL])
< 0x00 ([NUL])
< 0x00 ([NUL])
< 0x00 ([NUL])
< 0x00 ([NUL])
< 0x00 ([NUL])
< 0x00 ([NUL])
< 0x00 ([NUL])
< 0x00 ([NUL])
< 0x00 ([NUL])
< 0x00 ([NUL])
< 0x00 ([NUL])
< 0x00 ([NUL])
< 0x00 ([NUL])
< 0x00 ([NUL])
< 0x00 ([NUL])
< 0x00 ([NUL])
< 0x00 ([NUL])
< 0x00 ([NUL])
< 0x00 ([NUL])
< 0x00 ([NUL])
< 0x00 ([NUL])
< 0x00 ([NUL])
< 0x00 ([NUL])
< 0x00 ([NUL])
< 0x00 ([NUL])
< 0x00 ([NUL])
< 0x00 ([NUL])
< 0x00 ([NUL])
< 0x00 ([NUL])
< 0x00 ([NUL])
< 0x00 ([NUL])
< 0x00 ([NUL])
< 0x00 ([NUL])
< 0x00 ([NUL])
< 0x00 ([NUL])
< 0x00 ([NUL])
< 0x00 ([NUL])
< 0x00 ([NUL])
< 0x00 ([NUL])
< 0x00 ([NUL])
< 0x00 ([NUL])
< 0x00 ([NUL])
< 0x00 ([NUL])
< 0x00 ([NUL])
< 0x00 ([NUL])
< 0x00 ([NUL])
< 0x00 ([NUL])
< 0x00 ([NUL])
< 0x00 ([NUL])
< 0x01 ([SOH])
< 0x01 ([SOH])
< 0x1e ([RS])
< 0x1e ([RS])
< 0x37 (7)
< 0x37 (7)
< 0x00 ([NUL])
< 0x00 ([NUL])
< 0x37 (7)
< 0x37 (7)
< 0x00 ([NUL])
< 0x00 ([NUL])
< 0x37 (7)
< 0x37 (7)
< 0x00 ([NUL])
< 0x00 ([NUL])
< 0x37 (7)
< 0x37 (7)
< 0x00 ([NUL])
< 0x00 ([NUL])
< 0x37 (7)
< 0x37 (7)
< 0x00 ([NUL])
< 0x00 ([NUL])
< 0x37 (7)
< 0x37 (7)
< 0x00 ([NUL])
< 0x00 ([NUL])
< 0x37 (7)
< 0x37 (7)
< 0x00 ([NUL])
< 0x00 ([NUL])
< 0x37 (7)
< 0x37 (7)
< 0x00 ([NUL])
< 0x00 ([NUL])
< 0x37 (7)
< 0x37 (7)
< 0x00 ([NUL])
< 0x00 ([NUL])
< 0x37 (7)
< 0x37 (7)
< 0x00 ([NUL])
< 0x00 ([NUL])
< 0x37 (7)
< 0x37 (7)
< 0x00 ([NUL])
< 0x00 ([NUL])
< 0x37 (7)
< 0x37 (7)
< 0x00 ([NUL])
< 0x00 ([NUL])
< 0x37 (7)
< 0x37 (7)
< 0x00 ([NUL])
< 0x00 ([NUL])
< 0x37 (7)
< 0x37 (7)
< 0x00 ([NUL])
< 0x00 ([NUL])
< 0x37 (7)
< 0x37 (7)
< 0x00 ([NUL])
< 0x00 ([NUL])
< 0x37 (7)
< 0x37 (7)
< 0x00 ([NUL])
< 0x00 ([NUL])
< 0x04 ([EOT])
< 0x01 ([SOH])
< 0x00 ([NUL])
< 0x44 (D)
< 0x01 ([SOH])
< 0x01 ([SOH])
< 0x1e ([RS])
< 0x1e ([RS])
< 0x00 ([NUL])
< 0x00 ([NUL])
< 0x80 (?)
< 0x00 ([NUL])
< 0x00 ([NUL])
< 0x00 ([NUL])
< 0x00 ([NUL])
< 0x00 ([NUL])
< 0x00 ([NUL])
< 0x00 ([NUL])
< 0x00 ([NUL])
< 0x00 ([NUL])
< 0x00 ([NUL])
< 0x00 ([NUL])
< 0x00 ([NUL])
< 0x00 ([NUL])
< 0x00 ([NUL])
< 0x00 ([NUL])
< 0x00 ([NUL])
< 0x00 ([NUL])
< 0x00 ([NUL])
< 0x00 ([NUL])
< 0x00 ([NUL])
< 0x00 ([NUL])
< 0x00 ([NUL])
< 0x00 ([NUL])
< 0x00 ([NUL])
< 0x00 ([NUL])
< 0x00 ([NUL])
< 0x00 ([NUL])
< 0x00 ([NUL])
< 0x00 ([NUL])
< 0x00 ([NUL])
< 0x00 ([NUL])
< 0x00 ([NUL])
< 0x00 ([NUL])
< 0x00 ([NUL])
< 0x00 ([NUL])
< 0x00 ([NUL])
< 0x00 ([NUL])
< 0x00 ([NUL])
< 0x00 ([NUL])
< 0x00 ([NUL])
< 0x00 ([NUL])
< 0x00 ([NUL])
< 0x00 ([NUL])
< 0x00 ([NUL])
< 0x00 ([NUL])
< 0x00 ([NUL])
< 0x00 ([NUL])
< 0x00 ([NUL])
< 0x00 ([NUL])
< 0x00 ([NUL])
< 0x00 ([NUL])
< 0x00 ([NUL])
< 0x00 ([NUL])
< 0x00 ([NUL])
< 0x00 ([NUL])
< 0x00 ([NUL])
< 0x00 ([NUL])
< 0x00 ([NUL])
< 0x00 ([NUL])
< 0x00 ([NUL])
< 0x00 ([NUL])
< 0x01 ([SOH])
< 0x01 ([SOH])
< 0x1e ([RS])
< 0x1e ([RS])
< 0x37 (7)
< 0x37 (7)
< 0x00 ([NUL])
< 0x00 ([NUL])
< 0x37 (7)
< 0x37 (7)
< 0x00 ([NUL])
< 0x00 ([NUL])
< 0x37 (7)
< 0x37 (7)
< 0x00 ([NUL])
< 0x00 ([NUL])
< 0x37 (7)
< 0x37 (7)
< 0x00 ([NUL])
< 0x00 ([NUL])
< 0x37 (7)
< 0x37 (7)
< 0x00 ([NUL])
< 0x00 ([NUL])
< 0x37 (7)
< 0x37 (7)
< 0x00 ([NUL])
< 0x00 ([NUL])
< 0x37 (7)
< 0x37 (7)
< 0x00 ([NUL])
< 0x00 ([NUL])
< 0x37 (7)
< 0x37 (7)
< 0x00 ([NUL])
< 0x00 ([NUL])
< 0x37 (7)
< 0x37 (7)
< 0x00 ([NUL])
< 0x00 ([NUL])
< 0x37 (7)
< 0x37 (7)
< 0x00 ([NUL])
< 0x00 ([NUL])
< 0x37 (7)
< 0x37 (7)
< 0x00 ([NUL])
< 0x00 ([NUL])
< 0x37 (7)
< 0x37 (7)
< 0x00 ([NUL])
< 0x00 ([NUL])
< 0x37 (7)
< 0x37 (7)
< 0x00 ([NUL])
< 0x00 ([NUL])
< 0x37 (7)
< 0x37 (7)
< 0x00 ([NUL])
< 0x00 ([NUL])
< 0x37 (7)
< 0x37 (7)
< 0x00 ([NUL])
< 0x00 ([NUL])
< 0x37 (7)
< 0x37 (7)
< 0x00 ([NUL])
< 0x00 ([NUL])
< 0x04 ([EOT])
< 0x01 ([SOH])
< 0x00 ([NUL])
< 0x44 (D)
< 0x01 ([SOH])
< 0x01 ([SOH])
< 0x1e ([RS])
< 0x1e ([RS])
< 0x00 ([NUL])
< 0x00 ([NUL])
< 0x80 (?)
< 0x00 ([NUL])
< 0x00 ([NUL])
< 0x00 ([NUL])
< 0x00 ([NUL])
< 0x00 ([NUL])
< 0x00 ([NUL])
< 0x00 ([NUL])
< 0x00 ([NUL])
< 0x00 ([NUL])
< 0x00 ([NUL])
< 0x00 ([NUL])
< 0x00 ([NUL])
< 0x00 ([NUL])
< 0x00 ([NUL])
< 0x00 ([NUL])
< 0x00 ([NUL])
< 0x00 ([NUL])
< 0x00 ([NUL])
< 0x00 ([NUL])
< 0x00 ([NUL])
< 0x00 ([NUL])
< 0x00 ([NUL])
< 0x00 ([NUL])
< 0x00 ([NUL])
< 0x00 ([NUL])
< 0x00 ([NUL])
< 0x00 ([NUL])
< 0x00 ([NUL])
< 0x00 ([NUL])
< 0x00 ([NUL])
< 0x00 ([NUL])
< 0x00 ([NUL])
< 0x00 ([NUL])
< 0x00 ([NUL])
< 0x00 ([NUL])
< 0x00 ([NUL])
< 0x00 ([NUL])
< 0x00 ([NUL])
< 0x00 ([NUL])
< 0x00 ([NUL])
< 0x00 ([NUL])
< 0x00 ([NUL])
< 0x00 ([NUL])
< 0x00 ([NUL])
< 0x00 ([NUL])
< 0x00 ([NUL])
< 0x00 ([NUL])
< 0x00 ([NUL])
< 0x00 ([NUL])
< 0x00 ([NUL])
< 0x00 ([NUL])
< 0x00 ([NUL])
< 0x00 ([NUL])
< 0x00 ([NUL])
< 0x00 ([NUL])
< 0x00 ([NUL])
< 0x00 ([NUL])
< 0x00 ([NUL])
< 0x00 ([NUL])
< 0x00 ([NUL])
< 0x00 ([NUL])
< 0x01 ([SOH])
< 0x01 ([SOH])
< 0x1e ([RS])
< 0x1e ([RS])
< 0x37 (7)
< 0x37 (7)
< 0x00 ([NUL])
< 0x00 ([NUL])
< 0x37 (7)
< 0x37 (7)
< 0x00 ([NUL])
< 0x00 ([NUL])
< 0x37 (7)
< 0x37 (7)
< 0x00 ([NUL])
< 0x00 ([NUL])
< 0x37 (7)
< 0x37 (7)
< 0x00 ([NUL])
< 0x00 ([NUL])
< 0x37 (7)
< 0x37 (7)
< 0x00 ([NUL])
< 0x00 ([NUL])
< 0x37 (7)
< 0x37 (7)
< 0x00 ([NUL])
< 0x00 ([NUL])
< 0x37 (7)
< 0x37 (7)
< 0x00 ([NUL])
< 0x00 ([NUL])
< 0x37 (7)
< 0x37 (7)
< 0x00 ([NUL])
< 0x00 ([NUL])
< 0x37 (7)
< 0x37 (7)
< 0x00 ([NUL])
< 0x00 ([NUL])
< 0x37 (7)
< 0x37 (7)
< 0x00 ([NUL])
< 0x00 ([NUL])
< 0x37 (7)
< 0x37 (7)
< 0x00 ([NUL])
< 0x00 ([NUL])
< 0x37 (7)
< 0x37 (7)
< 0x00 ([NUL])
< 0x00 ([NUL])
< 0x37 (7)
< 0x37 (7)
< 0x00 ([NUL])
< 0x00 ([NUL])
< 0x37 (7)
< 0x37 (7)
< 0x00 ([NUL])
< 0x00 ([NUL])
< 0x37 (7)
< 0x37 (7)
< 0x00 ([NUL])
< 0x00 ([NUL])
< 0x37 (7)
< 0x37 (7)
< 0x00 ([NUL])
< 0x00 ([NUL])
< 0x04 ([EOT])
< 0x01 ([SOH])
< 0x00 ([NUL])
< 0x44 (D)
< 0x01 ([SOH])
< 0x01 ([SOH])
< 0x1e ([RS])
< 0x1e ([RS])
< 0x00 ([NUL])
< 0x00 ([NUL])
< 0x80 (?)
< 0x00 ([NUL])
< 0x00 ([NUL])
< 0x00 ([NUL])
< 0x00 ([NUL])
< 0x00 ([NUL])
< 0x00 ([NUL])
< 0x00 ([NUL])
< 0x00 ([NUL])
< 0x00 ([NUL])
< 0x00 ([NUL])
< 0x00 ([NUL])
< 0x00 ([NUL])
< 0x00 ([NUL])
< 0x00 ([NUL])
< 0x00 ([NUL])
< 0x00 ([NUL])
< 0x00 ([NUL])
< 0x00 ([NUL])
< 0x00 ([NUL])
< 0x00 ([NUL])
< 0x00 ([NUL])
< 0x00 ([NUL])
< 0x00 ([NUL])
< 0x00 ([NUL])
< 0x00 ([NUL])
< 0x00 ([NUL])
< 0x00 ([NUL])
< 0x00 ([NUL])
< 0x00 ([NUL])
< 0x00 ([NUL])
< 0x00 ([NUL])
< 0x00 ([NUL])
< 0x00 ([NUL])
< 0x00 ([NUL])
< 0x00 ([NUL])
< 0x00 ([NUL])
< 0x00 ([NUL])
< 0x00 ([NUL])
< 0x00 ([NUL])
< 0x00 ([NUL])
< 0x00 ([NUL])
< 0x00 ([NUL])
< 0x00 ([NUL])
< 0x00 ([NUL])
< 0x00 ([NUL])
< 0x00 ([NUL])
< 0x00 ([NUL])
< 0x00 ([NUL])
< 0x00 ([NUL])
< 0x00 ([NUL])
< 0x00 ([NUL])
< 0x00 ([NUL])
< 0x00 ([NUL])
< 0x00 ([NUL])
< 0x00 ([NUL])
< 0x00 ([NUL])
< 0x00 ([NUL])
< 0x00 ([NUL])
< 0x00 ([NUL])
< 0x00 ([NUL])
< 0x00 ([NUL])
< 0x01 ([SOH])
< 0x01 ([SOH])
< 0x1e ([RS])
< 0x1e ([RS])
< 0x37 (7)
< 0x37 (7)
< 0x00 ([NUL])
< 0x00 ([NUL])
< 0x37 (7)
< 0x37 (7)
< 0x00 ([NUL])
< 0x00 ([NUL])
< 0x37 (7)
< 0x37 (7)
< 0x00 ([NUL])
< 0x00 ([NUL])
< 0x37 (7)
< 0x37 (7)
< 0x00 ([NUL])
< 0x00 ([NUL])
< 0x37 (7)
< 0x37 (7)
< 0x00 ([NUL])
< 0x00 ([NUL])
< 0x37 (7)
< 0x37 (7)
< 0x00 ([NUL])
< 0x00 ([NUL])
< 0x37 (7)
< 0x37 (7)
< 0x00 ([NUL])
< 0x00 ([NUL])
< 0x37 (7)
< 0x37 (7)
< 0x00 ([NUL])
< 0x00 ([NUL])
< 0x37 (7)
< 0x37 (7)
< 0x00 ([NUL])
< 0x00 ([NUL])
< 0x37 (7)
< 0x37 (7)
< 0x00 ([NUL])
< 0x00 ([NUL])
< 0x37 (7)
< 0x37 (7)
< 0x00 ([NUL])
< 0x00 ([NUL])
< 0x37 (7)
< 0x37 (7)
< 0x00 ([NUL])
< 0x00 ([NUL])
< 0x37 (7)
< 0x37 (7)
< 0x00 ([NUL])
< 0x00 ([NUL])
< 0x37 (7)
< 0x37 (7)
< 0x00 ([NUL])
< 0x00 ([NUL])
< 0x37 (7)
< 0x37 (7)
< 0x00 ([NUL])
< 0x00 ([NUL])
< 0x37 (7)
< 0x37 (7)
< 0x00 ([NUL])
< 0x00 ([NUL])
< 0x04 ([EOT])
< 0x01 ([SOH])
< 0x00 ([NUL])
< 0x44 (D)
< 0x01 ([SOH])
< 0x01 ([SOH])
< 0x1e ([RS])
< 0x1e ([RS])
< 0x00 ([NUL])
< 0x00 ([NUL])
< 0x80 (?)
< 0x00 ([NUL])
< 0x00 ([NUL])
< 0x00 ([NUL])
< 0x00 ([NUL])
< 0x00 ([NUL])
< 0x00 ([NUL])
< 0x00 ([NUL])
< 0x00 ([NUL])
< 0x00 ([NUL])
< 0x00 ([NUL])
< 0x00 ([NUL])
< 0x00 ([NUL])
< 0x00 ([NUL])
< 0x00 ([NUL])
< 0x00 ([NUL])
< 0x00 ([NUL])
< 0x00 ([NUL])
< 0x00 ([NUL])
< 0x00 ([NUL])
< 0x00 ([NUL])
< 0x00 ([NUL])
< 0x00 ([NUL])
< 0x00 ([NUL])
< 0x00 ([NUL])
< 0x00 ([NUL])
< 0x00 ([NUL])
< 0x00 ([NUL])
< 0x00 ([NUL])
< 0x00 ([NUL])
< 0x00 ([NUL])
< 0x00 ([NUL])
< 0x00 ([NUL])
< 0x00 ([NUL])
< 0x00 ([NUL])
< 0x00 ([NUL])
< 0x00 ([NUL])
< 0x00 ([NUL])
< 0x00 ([NUL])
< 0x00 ([NUL])
< 0x00 ([NUL])
< 0x00 ([NUL])
< 0x00 ([NUL])
< 0x00 ([NUL])
< 0x00 ([NUL])
< 0x00 ([NUL])
< 0x00 ([NUL])
< 0x00 ([NUL])
< 0x00 ([NUL])
< 0x00 ([NUL])
< 0x00 ([NUL])
< 0x00 ([NUL])
< 0x00 ([NUL])
< 0x00 ([NUL])
< 0x00 ([NUL])
< 0x00 ([NUL])
< 0x00 ([NUL])
< 0x00 ([NUL])
< 0x00 ([NUL])
< 0x00 ([NUL])
< 0x00 ([NUL])
< 0x00 ([NUL])
< 0x01 ([SOH])
< 0x01 ([SOH])
< 0x1e ([RS])
< 0x1e ([RS])
< 0x37 (7)
< 0x37 (7)
< 0x00 ([NUL])
< 0x00 ([NUL])
< 0x37 (7)
< 0x37 (7)
< 0x00 ([NUL])
< 0x00 ([NUL])
< 0x37 (7)
< 0x37 (7)
< 0x00 ([NUL])
< 0x00 ([NUL])
< 0x37 (7)
< 0x37 (7)
< 0x00 ([NUL])
< 0x00 ([NUL])
< 0x37 (7)
< 0x37 (7)
< 0x00 ([NUL])
< 0x00 ([NUL])
< 0x37 (7)
< 0x37 (7)
< 0x00 ([NUL])
< 0x00 ([NUL])
< 0x37 (7)
< 0x37 (7)
< 0x00 ([NUL])
< 0x00 ([NUL])
< 0x37 (7)
< 0x37 (7)
< 0x00 ([NUL])
< 0x00 ([NUL])
< 0x37 (7)
< 0x37 (7)
< 0x00 ([NUL])
< 0x00 ([NUL])
< 0x37 (7)
< 0x37 (7)
< 0x00 ([NUL])
< 0x00 ([NUL])
< 0x37 (7)
< 0x37 (7)
< 0x00 ([NUL])
< 0x00 ([NUL])
< 0x37 (7)
< 0x37 (7)
< 0x00 ([NUL])
< 0x00 ([NUL])
< 0x37 (7)
< 0x37 (7)
< 0x00 ([NUL])
< 0x00 ([NUL])
< 0x37 (7)
< 0x37 (7)
< 0x00 ([NUL])
< 0x00 ([NUL])
< 0x37 (7)
< 0x37 (7)
< 0x00 ([NUL])
< 0x00 ([NUL])
< 0x37 (7)
< 0x37 (7)
< 0x00 ([NUL])
< 0x00 ([NUL])
< 0x75 (u)
< 0x70 (p)
> 	0x06 ([ACK])
< 0x76 (v)
> 	0x06 ([ACK])
< 0x8a (?)








